mode: atomic
github.com/gkbiswas/hotel-reviews-microservice/cmd/demo-config-watcher/main.go:20.13,39.16 6 0
github.com/gkbiswas/hotel-reviews-microservice/cmd/demo-config-watcher/main.go:39.16,42.3 2 0
github.com/gkbiswas/hotel-reviews-microservice/cmd/demo-config-watcher/main.go:45.2,64.16 3 0
github.com/gkbiswas/hotel-reviews-microservice/cmd/demo-config-watcher/main.go:64.16,67.3 2 0
github.com/gkbiswas/hotel-reviews-microservice/cmd/demo-config-watcher/main.go:70.2,71.112 2 0
github.com/gkbiswas/hotel-reviews-microservice/cmd/demo-config-watcher/main.go:71.112,78.65 3 0
github.com/gkbiswas/hotel-reviews-microservice/cmd/demo-config-watcher/main.go:78.65,79.66 1 0
github.com/gkbiswas/hotel-reviews-microservice/cmd/demo-config-watcher/main.go:79.66,81.5 1 0
github.com/gkbiswas/hotel-reviews-microservice/cmd/demo-config-watcher/main.go:84.3,84.13 1 0
github.com/gkbiswas/hotel-reviews-microservice/cmd/demo-config-watcher/main.go:88.2,89.33 2 0
github.com/gkbiswas/hotel-reviews-microservice/cmd/demo-config-watcher/main.go:89.33,91.17 2 0
github.com/gkbiswas/hotel-reviews-microservice/cmd/demo-config-watcher/main.go:91.17,93.4 1 0
github.com/gkbiswas/hotel-reviews-microservice/cmd/demo-config-watcher/main.go:97.2,97.119 1 0
github.com/gkbiswas/hotel-reviews-microservice/cmd/demo-config-watcher/main.go:97.119,103.3 2 0
github.com/gkbiswas/hotel-reviews-microservice/cmd/demo-config-watcher/main.go:105.2,105.114 1 0
github.com/gkbiswas/hotel-reviews-microservice/cmd/demo-config-watcher/main.go:105.114,111.3 2 0
github.com/gkbiswas/hotel-reviews-microservice/cmd/demo-config-watcher/main.go:114.2,123.12 4 0
github.com/gkbiswas/hotel-reviews-microservice/cmd/demo-config-watcher/main.go:123.12,125.80 2 0
github.com/gkbiswas/hotel-reviews-microservice/cmd/demo-config-watcher/main.go:125.80,127.4 1 0
github.com/gkbiswas/hotel-reviews-microservice/cmd/demo-config-watcher/main.go:131.2,144.45 8 0
github.com/gkbiswas/hotel-reviews-microservice/cmd/demo-config-watcher/main.go:144.45,146.3 1 0
github.com/gkbiswas/hotel-reviews-microservice/cmd/demo-config-watcher/main.go:148.2,148.39 1 0
github.com/gkbiswas/hotel-reviews-microservice/cmd/demo-config-watcher/main.go:148.39,150.3 1 0
github.com/gkbiswas/hotel-reviews-microservice/cmd/demo-config-watcher/main.go:152.2,152.43 1 0
github.com/gkbiswas/hotel-reviews-microservice/cmd/demo-config-watcher/main.go:155.107,157.76 1 0
github.com/gkbiswas/hotel-reviews-microservice/cmd/demo-config-watcher/main.go:157.76,159.14 2 0
github.com/gkbiswas/hotel-reviews-microservice/cmd/demo-config-watcher/main.go:159.14,162.4 2 0
github.com/gkbiswas/hotel-reviews-microservice/cmd/demo-config-watcher/main.go:164.3,168.5 2 0
github.com/gkbiswas/hotel-reviews-microservice/cmd/demo-config-watcher/main.go:172.2,172.84 1 0
github.com/gkbiswas/hotel-reviews-microservice/cmd/demo-config-watcher/main.go:172.84,176.36 3 0
github.com/gkbiswas/hotel-reviews-microservice/cmd/demo-config-watcher/main.go:176.36,182.4 1 0
github.com/gkbiswas/hotel-reviews-microservice/cmd/demo-config-watcher/main.go:184.3,189.5 2 0
github.com/gkbiswas/hotel-reviews-microservice/cmd/demo-config-watcher/main.go:193.2,193.92 1 0
github.com/gkbiswas/hotel-reviews-microservice/cmd/demo-config-watcher/main.go:193.92,197.17 3 0
github.com/gkbiswas/hotel-reviews-microservice/cmd/demo-config-watcher/main.go:197.17,200.4 2 0
github.com/gkbiswas/hotel-reviews-microservice/cmd/demo-config-watcher/main.go:202.3,205.17 3 0
github.com/gkbiswas/hotel-reviews-microservice/cmd/demo-config-watcher/main.go:205.17,209.4 3 0
github.com/gkbiswas/hotel-reviews-microservice/cmd/demo-config-watcher/main.go:211.3,216.5 2 0
github.com/gkbiswas/hotel-reviews-microservice/cmd/demo-config-watcher/main.go:220.2,220.77 1 0
github.com/gkbiswas/hotel-reviews-microservice/cmd/demo-config-watcher/main.go:220.77,228.3 3 0
github.com/gkbiswas/hotel-reviews-microservice/cmd/demo-config-watcher/main.go:231.2,231.76 1 0
github.com/gkbiswas/hotel-reviews-microservice/cmd/demo-config-watcher/main.go:231.76,239.3 3 0
github.com/gkbiswas/hotel-reviews-microservice/cmd/demo-config-watcher/main.go:242.92,246.39 2 0
github.com/gkbiswas/hotel-reviews-microservice/cmd/demo-config-watcher/main.go:246.39,247.49 1 0
github.com/gkbiswas/hotel-reviews-microservice/cmd/demo-config-watcher/main.go:247.49,248.36 1 0
github.com/gkbiswas/hotel-reviews-microservice/cmd/demo-config-watcher/main.go:248.36,250.5 1 0
github.com/gkbiswas/hotel-reviews-microservice/cmd/demo-config-watcher/main.go:251.9,253.4 1 0
github.com/gkbiswas/hotel-reviews-microservice/cmd/demo-config-watcher/main.go:257.2,257.39 1 0
github.com/gkbiswas/hotel-reviews-microservice/cmd/demo-config-watcher/main.go:257.39,258.43 1 0
github.com/gkbiswas/hotel-reviews-microservice/cmd/demo-config-watcher/main.go:258.43,260.4 1 0
github.com/gkbiswas/hotel-reviews-microservice/cmd/demo-config-watcher/main.go:264.37,268.2 3 0
github.com/gkbiswas/hotel-reviews-microservice/cmd/demo-config-watcher/main.go:270.30,297.2 26 0
github.com/gkbiswas/hotel-reviews-microservice/cmd/server-with-config-watcher/main.go:30.45,38.16 4 0
github.com/gkbiswas/hotel-reviews-microservice/cmd/server-with-config-watcher/main.go:38.16,41.3 2 0
github.com/gkbiswas/hotel-reviews-microservice/cmd/server-with-config-watcher/main.go:43.2,51.41 2 0
github.com/gkbiswas/hotel-reviews-microservice/cmd/server-with-config-watcher/main.go:51.41,55.3 3 0
github.com/gkbiswas/hotel-reviews-microservice/cmd/server-with-config-watcher/main.go:57.2,57.17 1 0
github.com/gkbiswas/hotel-reviews-microservice/cmd/server-with-config-watcher/main.go:61.44,68.19 4 0
github.com/gkbiswas/hotel-reviews-microservice/cmd/server-with-config-watcher/main.go:68.19,70.3 1 0
github.com/gkbiswas/hotel-reviews-microservice/cmd/server-with-config-watcher/main.go:72.2,95.12 7 0
github.com/gkbiswas/hotel-reviews-microservice/cmd/server-with-config-watcher/main.go:99.39,117.2 9 0
github.com/gkbiswas/hotel-reviews-microservice/cmd/server-with-config-watcher/main.go:120.79,128.56 2 0
github.com/gkbiswas/hotel-reviews-microservice/cmd/server-with-config-watcher/main.go:128.56,132.3 3 0
github.com/gkbiswas/hotel-reviews-microservice/cmd/server-with-config-watcher/main.go:134.2,135.35 2 0
github.com/gkbiswas/hotel-reviews-microservice/cmd/server-with-config-watcher/main.go:138.79,140.19 2 0
github.com/gkbiswas/hotel-reviews-microservice/cmd/server-with-config-watcher/main.go:140.19,143.3 2 0
github.com/gkbiswas/hotel-reviews-microservice/cmd/server-with-config-watcher/main.go:146.2,149.36 3 0
github.com/gkbiswas/hotel-reviews-microservice/cmd/server-with-config-watcher/main.go:152.86,157.35 3 0
github.com/gkbiswas/hotel-reviews-microservice/cmd/server-with-config-watcher/main.go:157.35,163.3 1 0
github.com/gkbiswas/hotel-reviews-microservice/cmd/server-with-config-watcher/main.go:165.2,169.4 2 0
github.com/gkbiswas/hotel-reviews-microservice/cmd/server-with-config-watcher/main.go:172.87,176.22 3 0
github.com/gkbiswas/hotel-reviews-microservice/cmd/server-with-config-watcher/main.go:176.22,179.3 2 0
github.com/gkbiswas/hotel-reviews-microservice/cmd/server-with-config-watcher/main.go:181.2,183.69 2 0
github.com/gkbiswas/hotel-reviews-microservice/cmd/server-with-config-watcher/main.go:183.69,187.3 3 0
github.com/gkbiswas/hotel-reviews-microservice/cmd/server-with-config-watcher/main.go:189.2,195.4 2 0
github.com/gkbiswas/hotel-reviews-microservice/cmd/server-with-config-watcher/main.go:198.86,203.2 3 0
github.com/gkbiswas/hotel-reviews-microservice/cmd/server-with-config-watcher/main.go:205.80,234.2 4 0
github.com/gkbiswas/hotel-reviews-microservice/cmd/server-with-config-watcher/main.go:236.79,264.2 4 0
github.com/gkbiswas/hotel-reviews-microservice/cmd/server-with-config-watcher/main.go:266.79,292.2 5 0
github.com/gkbiswas/hotel-reviews-microservice/cmd/server-with-config-watcher/main.go:295.90,299.9 3 0
github.com/gkbiswas/hotel-reviews-microservice/cmd/server-with-config-watcher/main.go:299.9,301.3 1 0
github.com/gkbiswas/hotel-reviews-microservice/cmd/server-with-config-watcher/main.go:305.2,314.12 5 0
github.com/gkbiswas/hotel-reviews-microservice/cmd/server-with-config-watcher/main.go:317.87,321.9 3 0
github.com/gkbiswas/hotel-reviews-microservice/cmd/server-with-config-watcher/main.go:321.9,323.3 1 0
github.com/gkbiswas/hotel-reviews-microservice/cmd/server-with-config-watcher/main.go:326.2,326.37 1 0
github.com/gkbiswas/hotel-reviews-microservice/cmd/server-with-config-watcher/main.go:326.37,329.3 1 0
github.com/gkbiswas/hotel-reviews-microservice/cmd/server-with-config-watcher/main.go:332.2,337.12 2 0
github.com/gkbiswas/hotel-reviews-microservice/cmd/server-with-config-watcher/main.go:341.37,343.12 1 0
github.com/gkbiswas/hotel-reviews-microservice/cmd/server-with-config-watcher/main.go:343.12,345.88 2 0
github.com/gkbiswas/hotel-reviews-microservice/cmd/server-with-config-watcher/main.go:345.88,347.4 1 0
github.com/gkbiswas/hotel-reviews-microservice/cmd/server-with-config-watcher/main.go:351.2,355.9 3 0
github.com/gkbiswas/hotel-reviews-microservice/cmd/server-with-config-watcher/main.go:356.24,357.61 1 0
github.com/gkbiswas/hotel-reviews-microservice/cmd/server-with-config-watcher/main.go:358.24,359.51 1 0
github.com/gkbiswas/hotel-reviews-microservice/cmd/server-with-config-watcher/main.go:362.2,362.23 1 0
github.com/gkbiswas/hotel-reviews-microservice/cmd/server-with-config-watcher/main.go:366.42,374.27 4 0
github.com/gkbiswas/hotel-reviews-microservice/cmd/server-with-config-watcher/main.go:374.27,375.62 1 0
github.com/gkbiswas/hotel-reviews-microservice/cmd/server-with-config-watcher/main.go:375.62,377.4 1 0
github.com/gkbiswas/hotel-reviews-microservice/cmd/server-with-config-watcher/main.go:377.9,379.4 1 0
github.com/gkbiswas/hotel-reviews-microservice/cmd/server-with-config-watcher/main.go:383.2,383.30 1 0
github.com/gkbiswas/hotel-reviews-microservice/cmd/server-with-config-watcher/main.go:383.30,384.50 1 0
github.com/gkbiswas/hotel-reviews-microservice/cmd/server-with-config-watcher/main.go:384.50,386.4 1 0
github.com/gkbiswas/hotel-reviews-microservice/cmd/server-with-config-watcher/main.go:386.9,388.4 1 0
github.com/gkbiswas/hotel-reviews-microservice/cmd/server-with-config-watcher/main.go:391.2,393.12 3 0
github.com/gkbiswas/hotel-reviews-microservice/cmd/server-with-config-watcher/main.go:399.65,401.2 1 0
github.com/gkbiswas/hotel-reviews-microservice/cmd/server-with-config-watcher/main.go:403.64,405.2 1 0
github.com/gkbiswas/hotel-reviews-microservice/cmd/server-with-config-watcher/main.go:407.64,409.2 1 0
github.com/gkbiswas/hotel-reviews-microservice/cmd/server-with-config-watcher/main.go:411.65,413.2 1 0
github.com/gkbiswas/hotel-reviews-microservice/cmd/server-with-config-watcher/main.go:416.13,420.16 3 0
github.com/gkbiswas/hotel-reviews-microservice/cmd/server-with-config-watcher/main.go:420.16,423.3 2 0
github.com/gkbiswas/hotel-reviews-microservice/cmd/server-with-config-watcher/main.go:425.2,425.34 1 0
github.com/gkbiswas/hotel-reviews-microservice/cmd/server-with-config-watcher/main.go:425.34,428.3 2 0
github.com/gkbiswas/hotel-reviews-microservice/cmd/api/main.go:27.13,40.16 4 0
github.com/gkbiswas/hotel-reviews-microservice/cmd/api/main.go:40.16,42.3 1 0
github.com/gkbiswas/hotel-reviews-microservice/cmd/api/main.go:45.2,45.17 1 0
github.com/gkbiswas/hotel-reviews-microservice/cmd/api/main.go:45.17,47.3 1 0
github.com/gkbiswas/hotel-reviews-microservice/cmd/api/main.go:48.2,48.15 1 0
github.com/gkbiswas/hotel-reviews-microservice/cmd/api/main.go:48.15,50.3 1 0
github.com/gkbiswas/hotel-reviews-microservice/cmd/api/main.go:51.2,51.21 1 0
github.com/gkbiswas/hotel-reviews-microservice/cmd/api/main.go:51.21,53.3 1 0
github.com/gkbiswas/hotel-reviews-microservice/cmd/api/main.go:56.2,62.16 3 0
github.com/gkbiswas/hotel-reviews-microservice/cmd/api/main.go:62.16,64.3 1 0
github.com/gkbiswas/hotel-reviews-microservice/cmd/api/main.go:67.2,80.16 7 0
github.com/gkbiswas/hotel-reviews-microservice/cmd/api/main.go:80.16,82.3 1 0
github.com/gkbiswas/hotel-reviews-microservice/cmd/api/main.go:85.2,86.16 2 0
github.com/gkbiswas/hotel-reviews-microservice/cmd/api/main.go:86.16,88.3 1 0
github.com/gkbiswas/hotel-reviews-microservice/cmd/api/main.go:91.2,99.52 3 0
github.com/gkbiswas/hotel-reviews-microservice/cmd/api/main.go:99.52,102.3 2 0
github.com/gkbiswas/hotel-reviews-microservice/cmd/api/main.go:105.2,106.24 2 0
github.com/gkbiswas/hotel-reviews-microservice/cmd/api/main.go:106.24,108.3 1 0
github.com/gkbiswas/hotel-reviews-microservice/cmd/api/main.go:111.2,179.69 22 0
github.com/gkbiswas/hotel-reviews-microservice/cmd/api/main.go:179.69,181.3 1 0
github.com/gkbiswas/hotel-reviews-microservice/cmd/api/main.go:182.2,182.24 1 0
github.com/gkbiswas/hotel-reviews-microservice/cmd/api/main.go:182.24,183.67 1 0
github.com/gkbiswas/hotel-reviews-microservice/cmd/api/main.go:183.67,185.4 1 0
github.com/gkbiswas/hotel-reviews-microservice/cmd/api/main.go:187.2,187.63 1 0
github.com/gkbiswas/hotel-reviews-microservice/cmd/api/main.go:187.63,191.3 2 0
github.com/gkbiswas/hotel-reviews-microservice/cmd/api/main.go:194.2,195.28 2 0
github.com/gkbiswas/hotel-reviews-microservice/cmd/api/main.go:195.28,197.3 1 0
github.com/gkbiswas/hotel-reviews-microservice/cmd/api/main.go:199.2,213.2 9 0
github.com/gkbiswas/hotel-reviews-microservice/cmd/api/main.go:213.2,216.3 2 0
github.com/gkbiswas/hotel-reviews-microservice/cmd/api/main.go:216.3,221.4 4 0
github.com/gkbiswas/hotel-reviews-microservice/cmd/api/main.go:224.3,225.3 2 0
github.com/gkbiswas/hotel-reviews-microservice/cmd/api/main.go:225.3,232.4 5 0
github.com/gkbiswas/hotel-reviews-microservice/cmd/api/main.go:235.3,236.3 2 0
github.com/gkbiswas/hotel-reviews-microservice/cmd/api/main.go:236.3,237.40 1 0
github.com/gkbiswas/hotel-reviews-microservice/cmd/api/main.go:237.40,239.5 1 0
github.com/gkbiswas/hotel-reviews-microservice/cmd/api/main.go:240.4,240.44 1 0
github.com/gkbiswas/hotel-reviews-microservice/cmd/api/main.go:240.44,242.5 1 0
github.com/gkbiswas/hotel-reviews-microservice/cmd/api/main.go:243.4,243.41 1 0
github.com/gkbiswas/hotel-reviews-microservice/cmd/api/main.go:243.41,245.5 1 0
github.com/gkbiswas/hotel-reviews-microservice/cmd/api/main.go:246.4,246.44 1 0
github.com/gkbiswas/hotel-reviews-microservice/cmd/api/main.go:246.44,248.5 1 0
github.com/gkbiswas/hotel-reviews-microservice/cmd/api/main.go:249.4,249.47 1 0
github.com/gkbiswas/hotel-reviews-microservice/cmd/api/main.go:249.47,251.5 1 0
github.com/gkbiswas/hotel-reviews-microservice/cmd/api/main.go:255.3,256.3 2 0
github.com/gkbiswas/hotel-reviews-microservice/cmd/api/main.go:256.3,257.43 1 0
github.com/gkbiswas/hotel-reviews-microservice/cmd/api/main.go:257.43,259.5 1 0
github.com/gkbiswas/hotel-reviews-microservice/cmd/api/main.go:260.4,260.47 1 0
github.com/gkbiswas/hotel-reviews-microservice/cmd/api/main.go:260.47,262.5 1 0
github.com/gkbiswas/hotel-reviews-microservice/cmd/api/main.go:263.4,263.44 1 0
github.com/gkbiswas/hotel-reviews-microservice/cmd/api/main.go:263.44,265.5 1 0
github.com/gkbiswas/hotel-reviews-microservice/cmd/api/main.go:266.4,266.47 1 0
github.com/gkbiswas/hotel-reviews-microservice/cmd/api/main.go:266.47,268.5 1 0
github.com/gkbiswas/hotel-reviews-microservice/cmd/api/main.go:269.4,269.50 1 0
github.com/gkbiswas/hotel-reviews-microservice/cmd/api/main.go:269.50,271.5 1 0
github.com/gkbiswas/hotel-reviews-microservice/cmd/api/main.go:275.3,276.3 2 0
github.com/gkbiswas/hotel-reviews-microservice/cmd/api/main.go:276.3,277.52 1 0
github.com/gkbiswas/hotel-reviews-microservice/cmd/api/main.go:277.52,279.5 1 0
github.com/gkbiswas/hotel-reviews-microservice/cmd/api/main.go:280.4,280.55 1 0
github.com/gkbiswas/hotel-reviews-microservice/cmd/api/main.go:280.55,282.5 1 0
github.com/gkbiswas/hotel-reviews-microservice/cmd/api/main.go:286.3,287.3 2 0
github.com/gkbiswas/hotel-reviews-microservice/cmd/api/main.go:287.3,291.4 2 0
github.com/gkbiswas/hotel-reviews-microservice/cmd/api/main.go:294.3,295.3 2 0
github.com/gkbiswas/hotel-reviews-microservice/cmd/api/main.go:295.3,303.4 7 0
github.com/gkbiswas/hotel-reviews-microservice/cmd/api/main.go:307.2,320.18 3 0
github.com/gkbiswas/hotel-reviews-microservice/cmd/api/main.go:320.18,321.66 1 0
github.com/gkbiswas/hotel-reviews-microservice/cmd/api/main.go:321.66,323.4 1 0
github.com/gkbiswas/hotel-reviews-microservice/cmd/api/main.go:323.9,325.4 1 0
github.com/gkbiswas/hotel-reviews-microservice/cmd/api/main.go:329.2,329.12 1 0
github.com/gkbiswas/hotel-reviews-microservice/cmd/api/main.go:329.12,346.84 2 0
github.com/gkbiswas/hotel-reviews-microservice/cmd/api/main.go:346.84,348.4 1 0
github.com/gkbiswas/hotel-reviews-microservice/cmd/api/main.go:352.2,366.58 6 0
github.com/gkbiswas/hotel-reviews-microservice/cmd/api/main.go:366.58,369.3 2 0
github.com/gkbiswas/hotel-reviews-microservice/cmd/api/main.go:371.2,371.60 1 0
github.com/gkbiswas/hotel-reviews-microservice/cmd/api/main.go:375.100,384.76 3 0
github.com/gkbiswas/hotel-reviews-microservice/cmd/api/main.go:384.76,386.3 1 0
github.com/gkbiswas/hotel-reviews-microservice/cmd/api/main.go:389.2,390.16 2 0
github.com/gkbiswas/hotel-reviews-microservice/cmd/api/main.go:390.16,392.3 1 0
github.com/gkbiswas/hotel-reviews-microservice/cmd/api/main.go:392.8,394.3 1 0
github.com/gkbiswas/hotel-reviews-microservice/cmd/api/main.go:396.2,396.12 1 0
github.com/gkbiswas/hotel-reviews-microservice/cmd/api/main.go:404.66,406.2 1 0
github.com/gkbiswas/hotel-reviews-microservice/cmd/api/main.go:408.65,410.2 1 0
github.com/gkbiswas/hotel-reviews-microservice/cmd/api/main.go:412.65,414.2 1 0
github.com/gkbiswas/hotel-reviews-microservice/cmd/api/main.go:416.66,418.2 1 0
github.com/gkbiswas/hotel-reviews-microservice/cmd/api/main.go:422.44,423.30 1 0
github.com/gkbiswas/hotel-reviews-microservice/cmd/api/main.go:423.30,425.22 2 0
github.com/gkbiswas/hotel-reviews-microservice/cmd/api/main.go:425.22,427.4 1 0
github.com/gkbiswas/hotel-reviews-microservice/cmd/api/main.go:428.3,430.11 3 0
github.com/gkbiswas/hotel-reviews-microservice/cmd/api/main.go:434.63,435.30 1 0
github.com/gkbiswas/hotel-reviews-microservice/cmd/api/main.go:435.30,448.3 4 0
github.com/gkbiswas/hotel-reviews-microservice/cmd/api/main.go:451.39,452.30 1 0
github.com/gkbiswas/hotel-reviews-microservice/cmd/api/main.go:452.30,457.36 4 0
github.com/gkbiswas/hotel-reviews-microservice/cmd/api/main.go:457.36,460.4 2 0
github.com/gkbiswas/hotel-reviews-microservice/cmd/api/main.go:462.3,462.11 1 0
github.com/gkbiswas/hotel-reviews-microservice/cmd/api/main.go:473.82,475.2 1 0
github.com/gkbiswas/hotel-reviews-microservice/cmd/api/main.go:477.49,482.36 4 0
github.com/gkbiswas/hotel-reviews-microservice/cmd/api/main.go:482.36,483.36 1 0
github.com/gkbiswas/hotel-reviews-microservice/cmd/api/main.go:483.36,486.4 2 0
github.com/gkbiswas/hotel-reviews-microservice/cmd/api/main.go:486.9,488.4 1 0
github.com/gkbiswas/hotel-reviews-microservice/cmd/api/main.go:491.2,491.23 1 0
github.com/gkbiswas/hotel-reviews-microservice/cmd/api/main.go:491.23,497.3 2 0
github.com/gkbiswas/hotel-reviews-microservice/cmd/api/main.go:499.2,502.4 1 0
github.com/gkbiswas/hotel-reviews-microservice/cmd/api/main.go:515.90,517.2 1 0
