mode: set
github.com/gkbiswas/hotel-reviews-microservice/pkg/config/config.go:172.30,192.41 12 1
github.com/gkbiswas/hotel-reviews-microservice/pkg/config/config.go:192.41,193.56 1 1
github.com/gkbiswas/hotel-reviews-microservice/pkg/config/config.go:193.56,195.4 1 1
github.com/gkbiswas/hotel-reviews-microservice/pkg/config/config.go:200.2,201.45 2 1
github.com/gkbiswas/hotel-reviews-microservice/pkg/config/config.go:201.45,203.3 1 0
github.com/gkbiswas/hotel-reviews-microservice/pkg/config/config.go:206.2,206.42 1 1
github.com/gkbiswas/hotel-reviews-microservice/pkg/config/config.go:206.42,208.3 1 1
github.com/gkbiswas/hotel-reviews-microservice/pkg/config/config.go:210.2,210.21 1 1
github.com/gkbiswas/hotel-reviews-microservice/pkg/config/config.go:214.34,314.2 82 1
github.com/gkbiswas/hotel-reviews-microservice/pkg/config/config.go:317.37,319.32 1 1
github.com/gkbiswas/hotel-reviews-microservice/pkg/config/config.go:319.32,321.3 1 0
github.com/gkbiswas/hotel-reviews-microservice/pkg/config/config.go:322.2,322.63 1 1
github.com/gkbiswas/hotel-reviews-microservice/pkg/config/config.go:322.63,324.3 1 1
github.com/gkbiswas/hotel-reviews-microservice/pkg/config/config.go:325.2,325.32 1 1
github.com/gkbiswas/hotel-reviews-microservice/pkg/config/config.go:325.32,327.3 1 0
github.com/gkbiswas/hotel-reviews-microservice/pkg/config/config.go:328.2,328.36 1 1
github.com/gkbiswas/hotel-reviews-microservice/pkg/config/config.go:328.36,330.3 1 0
github.com/gkbiswas/hotel-reviews-microservice/pkg/config/config.go:331.2,331.32 1 1
github.com/gkbiswas/hotel-reviews-microservice/pkg/config/config.go:331.32,333.3 1 0
github.com/gkbiswas/hotel-reviews-microservice/pkg/config/config.go:336.2,336.28 1 1
github.com/gkbiswas/hotel-reviews-microservice/pkg/config/config.go:336.28,338.3 1 0
github.com/gkbiswas/hotel-reviews-microservice/pkg/config/config.go:339.2,339.33 1 1
github.com/gkbiswas/hotel-reviews-microservice/pkg/config/config.go:339.33,341.3 1 1
github.com/gkbiswas/hotel-reviews-microservice/pkg/config/config.go:342.2,342.37 1 1
github.com/gkbiswas/hotel-reviews-microservice/pkg/config/config.go:342.37,344.3 1 0
github.com/gkbiswas/hotel-reviews-microservice/pkg/config/config.go:345.2,345.28 1 1
github.com/gkbiswas/hotel-reviews-microservice/pkg/config/config.go:345.28,347.3 1 0
github.com/gkbiswas/hotel-reviews-microservice/pkg/config/config.go:350.2,350.59 1 1
github.com/gkbiswas/hotel-reviews-microservice/pkg/config/config.go:350.59,352.3 1 0
github.com/gkbiswas/hotel-reviews-microservice/pkg/config/config.go:355.2,356.49 2 1
github.com/gkbiswas/hotel-reviews-microservice/pkg/config/config.go:356.49,358.3 1 0
github.com/gkbiswas/hotel-reviews-microservice/pkg/config/config.go:360.2,361.51 2 1
github.com/gkbiswas/hotel-reviews-microservice/pkg/config/config.go:361.51,363.3 1 0
github.com/gkbiswas/hotel-reviews-microservice/pkg/config/config.go:365.2,366.51 2 1
github.com/gkbiswas/hotel-reviews-microservice/pkg/config/config.go:366.51,368.3 1 0
github.com/gkbiswas/hotel-reviews-microservice/pkg/config/config.go:370.2,370.62 1 1
github.com/gkbiswas/hotel-reviews-microservice/pkg/config/config.go:370.62,372.3 1 0
github.com/gkbiswas/hotel-reviews-microservice/pkg/config/config.go:375.2,376.51 2 1
github.com/gkbiswas/hotel-reviews-microservice/pkg/config/config.go:376.51,378.3 1 0
github.com/gkbiswas/hotel-reviews-microservice/pkg/config/config.go:381.2,381.37 1 1
github.com/gkbiswas/hotel-reviews-microservice/pkg/config/config.go:381.37,383.3 1 0
github.com/gkbiswas/hotel-reviews-microservice/pkg/config/config.go:386.2,386.71 1 1
github.com/gkbiswas/hotel-reviews-microservice/pkg/config/config.go:386.71,388.3 1 0
github.com/gkbiswas/hotel-reviews-microservice/pkg/config/config.go:389.2,389.71 1 1
github.com/gkbiswas/hotel-reviews-microservice/pkg/config/config.go:389.71,391.3 1 0
github.com/gkbiswas/hotel-reviews-microservice/pkg/config/config.go:394.2,394.37 1 1
github.com/gkbiswas/hotel-reviews-microservice/pkg/config/config.go:394.37,395.71 1 0
github.com/gkbiswas/hotel-reviews-microservice/pkg/config/config.go:395.71,397.4 1 0
github.com/gkbiswas/hotel-reviews-microservice/pkg/config/config.go:399.2,399.36 1 1
github.com/gkbiswas/hotel-reviews-microservice/pkg/config/config.go:399.36,400.70 1 0
github.com/gkbiswas/hotel-reviews-microservice/pkg/config/config.go:400.70,402.4 1 0
github.com/gkbiswas/hotel-reviews-microservice/pkg/config/config.go:405.2,405.12 1 1
github.com/gkbiswas/hotel-reviews-microservice/pkg/config/config.go:409.49,410.26 1 1
github.com/gkbiswas/hotel-reviews-microservice/pkg/config/config.go:410.26,411.16 1 1
github.com/gkbiswas/hotel-reviews-microservice/pkg/config/config.go:411.16,413.4 1 1
github.com/gkbiswas/hotel-reviews-microservice/pkg/config/config.go:415.2,415.14 1 1
github.com/gkbiswas/hotel-reviews-microservice/pkg/config/config.go:419.42,429.2 1 1
github.com/gkbiswas/hotel-reviews-microservice/pkg/config/config.go:432.44,434.2 1 1
github.com/gkbiswas/hotel-reviews-microservice/pkg/config/config.go:437.43,439.2 1 1
github.com/gkbiswas/hotel-reviews-microservice/pkg/config/config.go:442.38,444.2 1 1
github.com/gkbiswas/hotel-reviews-microservice/pkg/config/config.go:447.39,449.2 1 1
github.com/gkbiswas/hotel-reviews-microservice/pkg/config/config.go:452.43,454.2 1 1
