mode: set
github.com/gkbiswas/hotel-reviews-microservice/internal/domain/events.go:133.39,135.2 1 0
github.com/gkbiswas/hotel-reviews-microservice/internal/domain/events.go:138.41,140.2 1 0
github.com/gkbiswas/hotel-reviews-microservice/internal/domain/events.go:143.47,145.2 1 0
github.com/gkbiswas/hotel-reviews-microservice/internal/domain/events.go:148.48,150.2 1 0
github.com/gkbiswas/hotel-reviews-microservice/internal/domain/events.go:153.47,155.2 1 0
github.com/gkbiswas/hotel-reviews-microservice/internal/domain/events.go:158.47,160.2 1 0
github.com/gkbiswas/hotel-reviews-microservice/internal/domain/events.go:163.47,165.2 1 0
github.com/gkbiswas/hotel-reviews-microservice/internal/domain/events.go:168.47,170.2 1 0
github.com/gkbiswas/hotel-reviews-microservice/internal/domain/events.go:173.45,175.2 1 0
github.com/gkbiswas/hotel-reviews-microservice/internal/domain/events.go:178.58,180.2 1 0
github.com/gkbiswas/hotel-reviews-microservice/internal/domain/events.go:183.46,185.2 1 0
github.com/gkbiswas/hotel-reviews-microservice/internal/domain/events.go:188.38,189.22 1 0
github.com/gkbiswas/hotel-reviews-microservice/internal/domain/events.go:189.22,191.3 1 0
github.com/gkbiswas/hotel-reviews-microservice/internal/domain/events.go:192.2,192.18 1 0
github.com/gkbiswas/hotel-reviews-microservice/internal/domain/events.go:192.18,194.3 1 0
github.com/gkbiswas/hotel-reviews-microservice/internal/domain/events.go:195.2,195.21 1 0
github.com/gkbiswas/hotel-reviews-microservice/internal/domain/events.go:195.21,197.3 1 0
github.com/gkbiswas/hotel-reviews-microservice/internal/domain/events.go:198.2,198.31 1 0
github.com/gkbiswas/hotel-reviews-microservice/internal/domain/events.go:198.31,200.3 1 0
github.com/gkbiswas/hotel-reviews-microservice/internal/domain/events.go:201.2,201.27 1 0
github.com/gkbiswas/hotel-reviews-microservice/internal/domain/events.go:201.27,203.3 1 0
github.com/gkbiswas/hotel-reviews-microservice/internal/domain/events.go:204.2,204.27 1 0
github.com/gkbiswas/hotel-reviews-microservice/internal/domain/events.go:204.27,206.3 1 0
github.com/gkbiswas/hotel-reviews-microservice/internal/domain/events.go:207.2,207.27 1 0
github.com/gkbiswas/hotel-reviews-microservice/internal/domain/events.go:207.27,209.3 1 0
github.com/gkbiswas/hotel-reviews-microservice/internal/domain/events.go:210.2,210.12 1 0
github.com/gkbiswas/hotel-reviews-microservice/internal/domain/events.go:214.49,216.2 1 0
github.com/gkbiswas/hotel-reviews-microservice/internal/domain/events.go:219.41,221.2 1 0
github.com/gkbiswas/hotel-reviews-microservice/internal/domain/events.go:262.31,288.2 1 0
github.com/gkbiswas/hotel-reviews-microservice/internal/domain/events.go:291.55,292.47 1 0
github.com/gkbiswas/hotel-reviews-microservice/internal/domain/events.go:292.47,294.3 1 0
github.com/gkbiswas/hotel-reviews-microservice/internal/domain/events.go:295.2,295.25 1 0
github.com/gkbiswas/hotel-reviews-microservice/internal/domain/events.go:295.25,297.3 1 0
github.com/gkbiswas/hotel-reviews-microservice/internal/domain/events.go:298.2,298.30 1 0
github.com/gkbiswas/hotel-reviews-microservice/internal/domain/events.go:298.30,300.3 1 0
github.com/gkbiswas/hotel-reviews-microservice/internal/domain/events.go:301.2,301.21 1 0
github.com/gkbiswas/hotel-reviews-microservice/internal/domain/events.go:301.21,303.3 1 0
github.com/gkbiswas/hotel-reviews-microservice/internal/domain/events.go:304.2,304.20 1 0
github.com/gkbiswas/hotel-reviews-microservice/internal/domain/events.go:304.20,306.3 1 0
github.com/gkbiswas/hotel-reviews-microservice/internal/domain/events.go:307.2,307.12 1 0
github.com/gkbiswas/hotel-reviews-microservice/internal/domain/events.go:345.32,370.2 1 0
github.com/gkbiswas/hotel-reviews-microservice/internal/domain/events.go:407.33,432.2 1 0
github.com/gkbiswas/hotel-reviews-microservice/internal/domain/events.go:475.30,503.2 1 0
github.com/gkbiswas/hotel-reviews-microservice/internal/domain/events.go:550.25,579.2 1 0
github.com/gkbiswas/hotel-reviews-microservice/internal/domain/events.go:620.30,647.2 1 0
github.com/gkbiswas/hotel-reviews-microservice/internal/domain/review_service_wrapper.go:21.17,41.2 4 0
github.com/gkbiswas/hotel-reviews-microservice/internal/domain/review_service_wrapper.go:53.17,64.2 1 0
github.com/gkbiswas/hotel-reviews-microservice/internal/domain/review_service_wrapper.go:70.146,72.2 1 0
github.com/gkbiswas/hotel-reviews-microservice/internal/domain/review_service_wrapper.go:74.124,76.2 1 0
github.com/gkbiswas/hotel-reviews-microservice/internal/domain/review_service_wrapper.go:78.111,80.2 1 0
github.com/gkbiswas/hotel-reviews-microservice/internal/domain/review_service_wrapper.go:82.119,84.2 1 0
github.com/gkbiswas/hotel-reviews-microservice/internal/domain/review_service_wrapper.go:86.109,88.2 1 0
github.com/gkbiswas/hotel-reviews-microservice/internal/domain/review_service_wrapper.go:92.113,94.2 1 0
github.com/gkbiswas/hotel-reviews-microservice/internal/domain/review_service_wrapper.go:96.127,98.2 1 0
github.com/gkbiswas/hotel-reviews-microservice/internal/domain/review_service_wrapper.go:100.123,102.2 1 0
github.com/gkbiswas/hotel-reviews-microservice/internal/domain/review_service_wrapper.go:104.126,106.2 1 0
github.com/gkbiswas/hotel-reviews-microservice/internal/domain/review_service_wrapper.go:108.112,110.2 1 0
github.com/gkbiswas/hotel-reviews-microservice/internal/domain/review_service_wrapper.go:112.103,114.2 1 0
github.com/gkbiswas/hotel-reviews-microservice/internal/domain/review_service_wrapper.go:116.127,118.2 1 0
github.com/gkbiswas/hotel-reviews-microservice/internal/domain/services.go:35.17,46.2 1 1
github.com/gkbiswas/hotel-reviews-microservice/internal/domain/services.go:49.85,50.58 1 1
github.com/gkbiswas/hotel-reviews-microservice/internal/domain/services.go:50.58,52.3 1 1
github.com/gkbiswas/hotel-reviews-microservice/internal/domain/services.go:54.2,54.56 1 1
github.com/gkbiswas/hotel-reviews-microservice/internal/domain/services.go:54.56,56.3 1 0
github.com/gkbiswas/hotel-reviews-microservice/internal/domain/services.go:58.2,58.73 1 1
github.com/gkbiswas/hotel-reviews-microservice/internal/domain/services.go:58.73,60.3 1 1
github.com/gkbiswas/hotel-reviews-microservice/internal/domain/services.go:62.2,62.75 1 1
github.com/gkbiswas/hotel-reviews-microservice/internal/domain/services.go:62.75,64.3 1 1
github.com/gkbiswas/hotel-reviews-microservice/internal/domain/services.go:66.2,66.84 1 1
github.com/gkbiswas/hotel-reviews-microservice/internal/domain/services.go:66.84,68.3 1 1
github.com/gkbiswas/hotel-reviews-microservice/internal/domain/services.go:70.2,73.17 1 1
github.com/gkbiswas/hotel-reviews-microservice/internal/domain/services.go:73.17,75.3 1 0
github.com/gkbiswas/hotel-reviews-microservice/internal/domain/services.go:77.2,77.12 1 1
github.com/gkbiswas/hotel-reviews-microservice/internal/domain/services.go:80.95,82.16 2 1
github.com/gkbiswas/hotel-reviews-microservice/internal/domain/services.go:82.16,84.3 1 1
github.com/gkbiswas/hotel-reviews-microservice/internal/domain/services.go:85.2,85.20 1 1
github.com/gkbiswas/hotel-reviews-microservice/internal/domain/services.go:88.124,90.16 2 1
github.com/gkbiswas/hotel-reviews-microservice/internal/domain/services.go:90.16,92.3 1 0
github.com/gkbiswas/hotel-reviews-microservice/internal/domain/services.go:93.2,93.21 1 1
github.com/gkbiswas/hotel-reviews-microservice/internal/domain/services.go:96.130,98.16 2 1
github.com/gkbiswas/hotel-reviews-microservice/internal/domain/services.go:98.16,100.3 1 0
github.com/gkbiswas/hotel-reviews-microservice/internal/domain/services.go:101.2,101.21 1 1
github.com/gkbiswas/hotel-reviews-microservice/internal/domain/services.go:104.85,105.58 1 1
github.com/gkbiswas/hotel-reviews-microservice/internal/domain/services.go:105.58,107.3 1 0
github.com/gkbiswas/hotel-reviews-microservice/internal/domain/services.go:109.2,110.16 2 1
github.com/gkbiswas/hotel-reviews-microservice/internal/domain/services.go:110.16,112.3 1 1
github.com/gkbiswas/hotel-reviews-microservice/internal/domain/services.go:114.2,114.73 1 1
github.com/gkbiswas/hotel-reviews-microservice/internal/domain/services.go:114.73,116.3 1 1
github.com/gkbiswas/hotel-reviews-microservice/internal/domain/services.go:118.2,118.75 1 1
github.com/gkbiswas/hotel-reviews-microservice/internal/domain/services.go:118.75,120.3 1 1
github.com/gkbiswas/hotel-reviews-microservice/internal/domain/services.go:122.2,122.46 1 1
github.com/gkbiswas/hotel-reviews-microservice/internal/domain/services.go:122.46,123.93 1 1
github.com/gkbiswas/hotel-reviews-microservice/internal/domain/services.go:123.93,125.4 1 0
github.com/gkbiswas/hotel-reviews-microservice/internal/domain/services.go:127.2,127.84 1 1
github.com/gkbiswas/hotel-reviews-microservice/internal/domain/services.go:127.84,129.3 1 1
github.com/gkbiswas/hotel-reviews-microservice/internal/domain/services.go:131.2,131.12 1 1
github.com/gkbiswas/hotel-reviews-microservice/internal/domain/services.go:134.83,136.16 2 1
github.com/gkbiswas/hotel-reviews-microservice/internal/domain/services.go:136.16,138.3 1 0
github.com/gkbiswas/hotel-reviews-microservice/internal/domain/services.go:140.2,140.57 1 1
github.com/gkbiswas/hotel-reviews-microservice/internal/domain/services.go:140.57,142.3 1 1
github.com/gkbiswas/hotel-reviews-microservice/internal/domain/services.go:144.2,144.71 1 1
github.com/gkbiswas/hotel-reviews-microservice/internal/domain/services.go:144.71,146.3 1 0
github.com/gkbiswas/hotel-reviews-microservice/internal/domain/services.go:148.2,148.84 1 1
github.com/gkbiswas/hotel-reviews-microservice/internal/domain/services.go:148.84,150.3 1 1
github.com/gkbiswas/hotel-reviews-microservice/internal/domain/services.go:152.2,152.12 1 1
github.com/gkbiswas/hotel-reviews-microservice/internal/domain/services.go:155.147,157.16 2 1
github.com/gkbiswas/hotel-reviews-microservice/internal/domain/services.go:157.16,159.3 1 0
github.com/gkbiswas/hotel-reviews-microservice/internal/domain/services.go:160.2,160.21 1 1
github.com/gkbiswas/hotel-reviews-microservice/internal/domain/services.go:164.82,165.52 1 1
github.com/gkbiswas/hotel-reviews-microservice/internal/domain/services.go:165.52,167.3 1 1
github.com/gkbiswas/hotel-reviews-microservice/internal/domain/services.go:169.2,169.61 1 1
github.com/gkbiswas/hotel-reviews-microservice/internal/domain/services.go:169.61,171.3 1 0
github.com/gkbiswas/hotel-reviews-microservice/internal/domain/services.go:173.2,173.73 1 1
github.com/gkbiswas/hotel-reviews-microservice/internal/domain/services.go:173.73,175.3 1 0
github.com/gkbiswas/hotel-reviews-microservice/internal/domain/services.go:177.2,177.12 1 1
github.com/gkbiswas/hotel-reviews-microservice/internal/domain/services.go:180.93,182.16 2 1
github.com/gkbiswas/hotel-reviews-microservice/internal/domain/services.go:182.16,184.3 1 0
github.com/gkbiswas/hotel-reviews-microservice/internal/domain/services.go:185.2,185.19 1 1
github.com/gkbiswas/hotel-reviews-microservice/internal/domain/services.go:188.82,189.52 1 1
github.com/gkbiswas/hotel-reviews-microservice/internal/domain/services.go:189.52,191.3 1 1
github.com/gkbiswas/hotel-reviews-microservice/internal/domain/services.go:193.2,193.61 1 1
github.com/gkbiswas/hotel-reviews-microservice/internal/domain/services.go:193.61,195.3 1 1
github.com/gkbiswas/hotel-reviews-microservice/internal/domain/services.go:197.2,197.73 1 1
github.com/gkbiswas/hotel-reviews-microservice/internal/domain/services.go:197.73,199.3 1 0
github.com/gkbiswas/hotel-reviews-microservice/internal/domain/services.go:201.2,201.12 1 1
github.com/gkbiswas/hotel-reviews-microservice/internal/domain/services.go:204.82,205.58 1 1
github.com/gkbiswas/hotel-reviews-microservice/internal/domain/services.go:205.58,207.3 1 1
github.com/gkbiswas/hotel-reviews-microservice/internal/domain/services.go:209.2,209.72 1 1
github.com/gkbiswas/hotel-reviews-microservice/internal/domain/services.go:209.72,211.3 1 0
github.com/gkbiswas/hotel-reviews-microservice/internal/domain/services.go:213.2,213.12 1 1
github.com/gkbiswas/hotel-reviews-microservice/internal/domain/services.go:216.97,218.16 2 1
github.com/gkbiswas/hotel-reviews-microservice/internal/domain/services.go:218.16,220.3 1 0
github.com/gkbiswas/hotel-reviews-microservice/internal/domain/services.go:221.2,221.20 1 1
github.com/gkbiswas/hotel-reviews-microservice/internal/domain/services.go:225.91,226.58 1 1
github.com/gkbiswas/hotel-reviews-microservice/internal/domain/services.go:226.58,228.3 1 0
github.com/gkbiswas/hotel-reviews-microservice/internal/domain/services.go:230.2,230.67 1 1
github.com/gkbiswas/hotel-reviews-microservice/internal/domain/services.go:230.67,232.3 1 0
github.com/gkbiswas/hotel-reviews-microservice/internal/domain/services.go:234.2,234.12 1 1
github.com/gkbiswas/hotel-reviews-microservice/internal/domain/services.go:237.99,239.16 2 1
github.com/gkbiswas/hotel-reviews-microservice/internal/domain/services.go:239.16,241.3 1 0
github.com/gkbiswas/hotel-reviews-microservice/internal/domain/services.go:242.2,242.22 1 1
github.com/gkbiswas/hotel-reviews-microservice/internal/domain/services.go:245.100,247.16 2 1
github.com/gkbiswas/hotel-reviews-microservice/internal/domain/services.go:247.16,249.3 1 0
github.com/gkbiswas/hotel-reviews-microservice/internal/domain/services.go:250.2,250.22 1 1
github.com/gkbiswas/hotel-reviews-microservice/internal/domain/services.go:253.91,254.58 1 1
github.com/gkbiswas/hotel-reviews-microservice/internal/domain/services.go:254.58,256.3 1 1
github.com/gkbiswas/hotel-reviews-microservice/internal/domain/services.go:258.2,258.67 1 1
github.com/gkbiswas/hotel-reviews-microservice/internal/domain/services.go:258.67,260.3 1 0
github.com/gkbiswas/hotel-reviews-microservice/internal/domain/services.go:262.2,262.12 1 1
github.com/gkbiswas/hotel-reviews-microservice/internal/domain/services.go:265.85,266.61 1 1
github.com/gkbiswas/hotel-reviews-microservice/internal/domain/services.go:266.61,268.3 1 1
github.com/gkbiswas/hotel-reviews-microservice/internal/domain/services.go:269.2,269.12 1 1
github.com/gkbiswas/hotel-reviews-microservice/internal/domain/services.go:272.103,274.16 2 1
github.com/gkbiswas/hotel-reviews-microservice/internal/domain/services.go:274.16,276.3 1 0
github.com/gkbiswas/hotel-reviews-microservice/internal/domain/services.go:277.2,277.23 1 1
github.com/gkbiswas/hotel-reviews-microservice/internal/domain/services.go:281.139,293.83 3 1
github.com/gkbiswas/hotel-reviews-microservice/internal/domain/services.go:293.83,295.3 1 0
github.com/gkbiswas/hotel-reviews-microservice/internal/domain/services.go:297.2,299.30 2 1
github.com/gkbiswas/hotel-reviews-microservice/internal/domain/services.go:302.129,305.100 2 1
github.com/gkbiswas/hotel-reviews-microservice/internal/domain/services.go:305.100,308.3 2 0
github.com/gkbiswas/hotel-reviews-microservice/internal/domain/services.go:310.2,310.97 1 1
github.com/gkbiswas/hotel-reviews-microservice/internal/domain/services.go:310.97,312.3 1 0
github.com/gkbiswas/hotel-reviews-microservice/internal/domain/services.go:314.2,315.16 2 1
github.com/gkbiswas/hotel-reviews-microservice/internal/domain/services.go:315.16,318.3 2 0
github.com/gkbiswas/hotel-reviews-microservice/internal/domain/services.go:320.2,321.16 2 1
github.com/gkbiswas/hotel-reviews-microservice/internal/domain/services.go:321.16,324.3 2 1
github.com/gkbiswas/hotel-reviews-microservice/internal/domain/services.go:325.2,327.91 2 0
github.com/gkbiswas/hotel-reviews-microservice/internal/domain/services.go:327.91,330.3 2 0
github.com/gkbiswas/hotel-reviews-microservice/internal/domain/services.go:332.2,332.99 1 0
github.com/gkbiswas/hotel-reviews-microservice/internal/domain/services.go:332.99,335.3 2 0
github.com/gkbiswas/hotel-reviews-microservice/internal/domain/services.go:337.2,337.90 1 0
github.com/gkbiswas/hotel-reviews-microservice/internal/domain/services.go:337.90,339.3 1 0
github.com/gkbiswas/hotel-reviews-microservice/internal/domain/services.go:341.2,341.104 1 0
github.com/gkbiswas/hotel-reviews-microservice/internal/domain/services.go:341.104,343.3 1 0
github.com/gkbiswas/hotel-reviews-microservice/internal/domain/services.go:345.2,345.81 1 0
github.com/gkbiswas/hotel-reviews-microservice/internal/domain/services.go:348.113,351.102 2 1
github.com/gkbiswas/hotel-reviews-microservice/internal/domain/services.go:351.102,353.3 1 0
github.com/gkbiswas/hotel-reviews-microservice/internal/domain/services.go:355.2,355.94 1 1
github.com/gkbiswas/hotel-reviews-microservice/internal/domain/services.go:355.94,357.3 1 0
github.com/gkbiswas/hotel-reviews-microservice/internal/domain/services.go:359.2,359.96 1 1
github.com/gkbiswas/hotel-reviews-microservice/internal/domain/services.go:359.96,361.3 1 0
github.com/gkbiswas/hotel-reviews-microservice/internal/domain/services.go:363.2,365.4 1 1
github.com/gkbiswas/hotel-reviews-microservice/internal/domain/services.go:368.117,370.16 2 1
github.com/gkbiswas/hotel-reviews-microservice/internal/domain/services.go:370.16,372.3 1 0
github.com/gkbiswas/hotel-reviews-microservice/internal/domain/services.go:373.2,373.20 1 1
github.com/gkbiswas/hotel-reviews-microservice/internal/domain/services.go:376.146,378.16 2 1
github.com/gkbiswas/hotel-reviews-microservice/internal/domain/services.go:378.16,380.3 1 0
github.com/gkbiswas/hotel-reviews-microservice/internal/domain/services.go:381.2,381.21 1 1
github.com/gkbiswas/hotel-reviews-microservice/internal/domain/services.go:384.87,385.117 1 1
github.com/gkbiswas/hotel-reviews-microservice/internal/domain/services.go:385.117,387.3 1 1
github.com/gkbiswas/hotel-reviews-microservice/internal/domain/services.go:388.2,388.12 1 1
github.com/gkbiswas/hotel-reviews-microservice/internal/domain/services.go:392.110,393.79 1 1
github.com/gkbiswas/hotel-reviews-microservice/internal/domain/services.go:393.79,395.3 1 1
github.com/gkbiswas/hotel-reviews-microservice/internal/domain/services.go:397.2,398.16 2 1
github.com/gkbiswas/hotel-reviews-microservice/internal/domain/services.go:398.16,400.3 1 1
github.com/gkbiswas/hotel-reviews-microservice/internal/domain/services.go:402.2,402.92 1 1
github.com/gkbiswas/hotel-reviews-microservice/internal/domain/services.go:402.92,404.3 1 0
github.com/gkbiswas/hotel-reviews-microservice/internal/domain/services.go:406.2,406.21 1 1
github.com/gkbiswas/hotel-reviews-microservice/internal/domain/services.go:409.159,411.16 2 1
github.com/gkbiswas/hotel-reviews-microservice/internal/domain/services.go:411.16,413.3 1 1
github.com/gkbiswas/hotel-reviews-microservice/internal/domain/services.go:415.2,419.33 4 1
github.com/gkbiswas/hotel-reviews-microservice/internal/domain/services.go:419.33,420.38 1 1
github.com/gkbiswas/hotel-reviews-microservice/internal/domain/services.go:420.38,423.4 2 1
github.com/gkbiswas/hotel-reviews-microservice/internal/domain/services.go:426.2,426.22 1 1
github.com/gkbiswas/hotel-reviews-microservice/internal/domain/services.go:426.22,429.3 2 1
github.com/gkbiswas/hotel-reviews-microservice/internal/domain/services.go:431.2,431.19 1 1
github.com/gkbiswas/hotel-reviews-microservice/internal/domain/services.go:434.153,436.16 2 1
github.com/gkbiswas/hotel-reviews-microservice/internal/domain/services.go:436.16,438.3 1 1
github.com/gkbiswas/hotel-reviews-microservice/internal/domain/services.go:440.2,444.33 4 1
github.com/gkbiswas/hotel-reviews-microservice/internal/domain/services.go:444.33,445.78 1 1
github.com/gkbiswas/hotel-reviews-microservice/internal/domain/services.go:445.78,448.4 2 1
github.com/gkbiswas/hotel-reviews-microservice/internal/domain/services.go:451.2,451.22 1 1
github.com/gkbiswas/hotel-reviews-microservice/internal/domain/services.go:451.22,454.3 2 1
github.com/gkbiswas/hotel-reviews-microservice/internal/domain/services.go:456.2,456.19 1 1
github.com/gkbiswas/hotel-reviews-microservice/internal/domain/services.go:459.96,461.16 2 1
github.com/gkbiswas/hotel-reviews-microservice/internal/domain/services.go:461.16,463.3 1 1
github.com/gkbiswas/hotel-reviews-microservice/internal/domain/services.go:465.2,465.25 1 1
github.com/gkbiswas/hotel-reviews-microservice/internal/domain/services.go:465.25,467.3 1 1
github.com/gkbiswas/hotel-reviews-microservice/internal/domain/services.go:468.2,468.28 1 0
github.com/gkbiswas/hotel-reviews-microservice/internal/domain/services.go:471.96,473.16 2 1
github.com/gkbiswas/hotel-reviews-microservice/internal/domain/services.go:473.16,475.3 1 1
github.com/gkbiswas/hotel-reviews-microservice/internal/domain/services.go:476.2,476.21 1 1
github.com/gkbiswas/hotel-reviews-microservice/internal/domain/services.go:480.91,481.48 1 1
github.com/gkbiswas/hotel-reviews-microservice/internal/domain/services.go:481.48,483.3 1 1
github.com/gkbiswas/hotel-reviews-microservice/internal/domain/services.go:485.2,485.26 1 1
github.com/gkbiswas/hotel-reviews-microservice/internal/domain/services.go:485.26,487.3 1 1
github.com/gkbiswas/hotel-reviews-microservice/internal/domain/services.go:489.2,489.32 1 1
github.com/gkbiswas/hotel-reviews-microservice/internal/domain/services.go:489.32,491.3 1 0
github.com/gkbiswas/hotel-reviews-microservice/internal/domain/services.go:493.2,493.41 1 1
github.com/gkbiswas/hotel-reviews-microservice/internal/domain/services.go:493.41,495.3 1 1
github.com/gkbiswas/hotel-reviews-microservice/internal/domain/services.go:497.2,497.35 1 1
github.com/gkbiswas/hotel-reviews-microservice/internal/domain/services.go:497.35,499.3 1 1
github.com/gkbiswas/hotel-reviews-microservice/internal/domain/services.go:501.2,501.32 1 1
github.com/gkbiswas/hotel-reviews-microservice/internal/domain/services.go:501.32,503.3 1 1
github.com/gkbiswas/hotel-reviews-microservice/internal/domain/services.go:505.2,505.12 1 1
github.com/gkbiswas/hotel-reviews-microservice/internal/domain/services.go:508.89,509.27 1 1
github.com/gkbiswas/hotel-reviews-microservice/internal/domain/services.go:509.27,511.3 1 1
github.com/gkbiswas/hotel-reviews-microservice/internal/domain/services.go:513.2,513.28 1 1
github.com/gkbiswas/hotel-reviews-microservice/internal/domain/services.go:513.28,515.3 1 1
github.com/gkbiswas/hotel-reviews-microservice/internal/domain/services.go:517.2,517.33 1 1
github.com/gkbiswas/hotel-reviews-microservice/internal/domain/services.go:517.33,519.3 1 1
github.com/gkbiswas/hotel-reviews-microservice/internal/domain/services.go:521.2,524.12 3 1
github.com/gkbiswas/hotel-reviews-microservice/internal/domain/services.go:527.107,535.16 3 1
github.com/gkbiswas/hotel-reviews-microservice/internal/domain/services.go:535.16,537.3 1 1
github.com/gkbiswas/hotel-reviews-microservice/internal/domain/services.go:539.2,539.24 1 1
github.com/gkbiswas/hotel-reviews-microservice/internal/domain/services.go:543.93,544.25 1 1
github.com/gkbiswas/hotel-reviews-microservice/internal/domain/services.go:544.25,545.64 1 1
github.com/gkbiswas/hotel-reviews-microservice/internal/domain/services.go:545.64,547.4 1 1
github.com/gkbiswas/hotel-reviews-microservice/internal/domain/services.go:549.3,549.62 1 1
github.com/gkbiswas/hotel-reviews-microservice/internal/domain/services.go:549.62,551.4 1 0
github.com/gkbiswas/hotel-reviews-microservice/internal/domain/services.go:554.2,554.63 1 1
github.com/gkbiswas/hotel-reviews-microservice/internal/domain/services.go:554.63,556.3 1 1
github.com/gkbiswas/hotel-reviews-microservice/internal/domain/services.go:558.2,558.33 1 1
github.com/gkbiswas/hotel-reviews-microservice/internal/domain/services.go:558.33,559.77 1 1
github.com/gkbiswas/hotel-reviews-microservice/internal/domain/services.go:559.77,561.4 1 0
github.com/gkbiswas/hotel-reviews-microservice/internal/domain/services.go:564.2,564.12 1 1
github.com/gkbiswas/hotel-reviews-microservice/internal/domain/services.go:567.116,570.2 2 1
github.com/gkbiswas/hotel-reviews-microservice/internal/domain/services.go:572.133,574.2 1 1
github.com/gkbiswas/hotel-reviews-microservice/internal/domain/services.go:577.84,578.22 1 1
github.com/gkbiswas/hotel-reviews-microservice/internal/domain/services.go:578.22,580.3 1 1
github.com/gkbiswas/hotel-reviews-microservice/internal/domain/services.go:582.2,582.50 1 1
github.com/gkbiswas/hotel-reviews-microservice/internal/domain/services.go:582.50,584.3 1 0
github.com/gkbiswas/hotel-reviews-microservice/internal/domain/services.go:586.2,586.12 1 1
github.com/gkbiswas/hotel-reviews-microservice/internal/domain/services.go:589.93,590.25 1 1
github.com/gkbiswas/hotel-reviews-microservice/internal/domain/services.go:590.25,592.3 1 1
github.com/gkbiswas/hotel-reviews-microservice/internal/domain/services.go:594.2,594.12 1 1
github.com/gkbiswas/hotel-reviews-microservice/internal/domain/services.go:597.84,599.20 2 1
github.com/gkbiswas/hotel-reviews-microservice/internal/domain/services.go:599.20,601.3 1 1
github.com/gkbiswas/hotel-reviews-microservice/internal/domain/services.go:602.2,602.52 1 1
github.com/gkbiswas/hotel-reviews-microservice/internal/domain/services.go:605.68,614.37 6 1
github.com/gkbiswas/hotel-reviews-microservice/internal/domain/services.go:614.37,615.38 1 1
github.com/gkbiswas/hotel-reviews-microservice/internal/domain/services.go:615.38,617.4 1 1
github.com/gkbiswas/hotel-reviews-microservice/internal/domain/services.go:620.2,620.37 1 1
github.com/gkbiswas/hotel-reviews-microservice/internal/domain/services.go:620.37,621.38 1 1
github.com/gkbiswas/hotel-reviews-microservice/internal/domain/services.go:621.38,623.4 1 1
github.com/gkbiswas/hotel-reviews-microservice/internal/domain/services.go:626.2,626.35 1 1
github.com/gkbiswas/hotel-reviews-microservice/internal/domain/services.go:626.35,628.3 1 1
github.com/gkbiswas/hotel-reviews-microservice/internal/domain/services.go:628.8,628.42 1 1
github.com/gkbiswas/hotel-reviews-microservice/internal/domain/services.go:628.42,630.3 1 1
github.com/gkbiswas/hotel-reviews-microservice/internal/domain/services.go:632.2,632.18 1 1
github.com/gkbiswas/hotel-reviews-microservice/internal/domain/services.go:635.75,637.2 1 1
github.com/gkbiswas/hotel-reviews-microservice/pkg/config/config.go:223.30,246.41 13 1
github.com/gkbiswas/hotel-reviews-microservice/pkg/config/config.go:246.41,247.56 1 1
github.com/gkbiswas/hotel-reviews-microservice/pkg/config/config.go:247.56,249.4 1 1
github.com/gkbiswas/hotel-reviews-microservice/pkg/config/config.go:254.2,255.45 2 1
github.com/gkbiswas/hotel-reviews-microservice/pkg/config/config.go:255.45,257.3 1 0
github.com/gkbiswas/hotel-reviews-microservice/pkg/config/config.go:260.2,260.42 1 1
github.com/gkbiswas/hotel-reviews-microservice/pkg/config/config.go:260.42,262.3 1 1
github.com/gkbiswas/hotel-reviews-microservice/pkg/config/config.go:264.2,264.21 1 1
github.com/gkbiswas/hotel-reviews-microservice/pkg/config/config.go:268.47,431.2 141 1
github.com/gkbiswas/hotel-reviews-microservice/pkg/config/config.go:434.34,571.2 115 1
github.com/gkbiswas/hotel-reviews-microservice/pkg/config/config.go:574.37,576.32 1 1
github.com/gkbiswas/hotel-reviews-microservice/pkg/config/config.go:576.32,578.3 1 1
github.com/gkbiswas/hotel-reviews-microservice/pkg/config/config.go:579.2,579.63 1 1
github.com/gkbiswas/hotel-reviews-microservice/pkg/config/config.go:579.63,581.3 1 1
github.com/gkbiswas/hotel-reviews-microservice/pkg/config/config.go:582.2,582.32 1 1
github.com/gkbiswas/hotel-reviews-microservice/pkg/config/config.go:582.32,584.3 1 1
github.com/gkbiswas/hotel-reviews-microservice/pkg/config/config.go:585.2,585.36 1 1
github.com/gkbiswas/hotel-reviews-microservice/pkg/config/config.go:585.36,587.3 1 1
github.com/gkbiswas/hotel-reviews-microservice/pkg/config/config.go:588.2,588.32 1 1
github.com/gkbiswas/hotel-reviews-microservice/pkg/config/config.go:588.32,590.3 1 1
github.com/gkbiswas/hotel-reviews-microservice/pkg/config/config.go:593.2,593.28 1 1
github.com/gkbiswas/hotel-reviews-microservice/pkg/config/config.go:593.28,595.3 1 1
github.com/gkbiswas/hotel-reviews-microservice/pkg/config/config.go:596.2,596.33 1 1
github.com/gkbiswas/hotel-reviews-microservice/pkg/config/config.go:596.33,598.3 1 1
github.com/gkbiswas/hotel-reviews-microservice/pkg/config/config.go:599.2,599.37 1 1
github.com/gkbiswas/hotel-reviews-microservice/pkg/config/config.go:599.37,601.3 1 1
github.com/gkbiswas/hotel-reviews-microservice/pkg/config/config.go:602.2,602.28 1 1
github.com/gkbiswas/hotel-reviews-microservice/pkg/config/config.go:602.28,604.3 1 1
github.com/gkbiswas/hotel-reviews-microservice/pkg/config/config.go:607.2,607.59 1 1
github.com/gkbiswas/hotel-reviews-microservice/pkg/config/config.go:607.59,609.3 1 1
github.com/gkbiswas/hotel-reviews-microservice/pkg/config/config.go:612.2,613.49 2 1
github.com/gkbiswas/hotel-reviews-microservice/pkg/config/config.go:613.49,615.3 1 1
github.com/gkbiswas/hotel-reviews-microservice/pkg/config/config.go:617.2,618.51 2 1
github.com/gkbiswas/hotel-reviews-microservice/pkg/config/config.go:618.51,620.3 1 1
github.com/gkbiswas/hotel-reviews-microservice/pkg/config/config.go:622.2,623.51 2 1
github.com/gkbiswas/hotel-reviews-microservice/pkg/config/config.go:623.51,625.3 1 1
github.com/gkbiswas/hotel-reviews-microservice/pkg/config/config.go:627.2,627.62 1 1
github.com/gkbiswas/hotel-reviews-microservice/pkg/config/config.go:627.62,629.3 1 1
github.com/gkbiswas/hotel-reviews-microservice/pkg/config/config.go:632.2,633.51 2 1
github.com/gkbiswas/hotel-reviews-microservice/pkg/config/config.go:633.51,635.3 1 1
github.com/gkbiswas/hotel-reviews-microservice/pkg/config/config.go:638.2,638.37 1 1
github.com/gkbiswas/hotel-reviews-microservice/pkg/config/config.go:638.37,640.3 1 1
github.com/gkbiswas/hotel-reviews-microservice/pkg/config/config.go:643.2,643.33 1 1
github.com/gkbiswas/hotel-reviews-microservice/pkg/config/config.go:643.33,645.3 1 0
github.com/gkbiswas/hotel-reviews-microservice/pkg/config/config.go:646.2,646.33 1 1
github.com/gkbiswas/hotel-reviews-microservice/pkg/config/config.go:646.33,648.3 1 0
github.com/gkbiswas/hotel-reviews-microservice/pkg/config/config.go:649.2,649.40 1 1
github.com/gkbiswas/hotel-reviews-microservice/pkg/config/config.go:649.40,651.3 1 0
github.com/gkbiswas/hotel-reviews-microservice/pkg/config/config.go:652.2,652.41 1 1
github.com/gkbiswas/hotel-reviews-microservice/pkg/config/config.go:652.41,654.3 1 0
github.com/gkbiswas/hotel-reviews-microservice/pkg/config/config.go:655.2,655.39 1 1
github.com/gkbiswas/hotel-reviews-microservice/pkg/config/config.go:655.39,657.3 1 0
github.com/gkbiswas/hotel-reviews-microservice/pkg/config/config.go:658.2,658.41 1 1
github.com/gkbiswas/hotel-reviews-microservice/pkg/config/config.go:658.41,660.3 1 0
github.com/gkbiswas/hotel-reviews-microservice/pkg/config/config.go:661.2,661.42 1 1
github.com/gkbiswas/hotel-reviews-microservice/pkg/config/config.go:661.42,663.3 1 0
github.com/gkbiswas/hotel-reviews-microservice/pkg/config/config.go:664.2,664.39 1 1
github.com/gkbiswas/hotel-reviews-microservice/pkg/config/config.go:664.39,666.3 1 0
github.com/gkbiswas/hotel-reviews-microservice/pkg/config/config.go:667.2,667.67 1 1
github.com/gkbiswas/hotel-reviews-microservice/pkg/config/config.go:667.67,669.3 1 0
github.com/gkbiswas/hotel-reviews-microservice/pkg/config/config.go:670.2,670.63 1 1
github.com/gkbiswas/hotel-reviews-microservice/pkg/config/config.go:670.63,672.3 1 0
github.com/gkbiswas/hotel-reviews-microservice/pkg/config/config.go:673.2,673.35 1 1
github.com/gkbiswas/hotel-reviews-microservice/pkg/config/config.go:673.35,675.3 1 0
github.com/gkbiswas/hotel-reviews-microservice/pkg/config/config.go:676.2,676.36 1 1
github.com/gkbiswas/hotel-reviews-microservice/pkg/config/config.go:676.36,678.3 1 0
github.com/gkbiswas/hotel-reviews-microservice/pkg/config/config.go:679.2,679.35 1 1
github.com/gkbiswas/hotel-reviews-microservice/pkg/config/config.go:679.35,681.3 1 0
github.com/gkbiswas/hotel-reviews-microservice/pkg/config/config.go:684.2,684.71 1 1
github.com/gkbiswas/hotel-reviews-microservice/pkg/config/config.go:684.71,686.3 1 1
github.com/gkbiswas/hotel-reviews-microservice/pkg/config/config.go:687.2,687.71 1 1
github.com/gkbiswas/hotel-reviews-microservice/pkg/config/config.go:687.71,689.3 1 1
github.com/gkbiswas/hotel-reviews-microservice/pkg/config/config.go:692.2,692.37 1 1
github.com/gkbiswas/hotel-reviews-microservice/pkg/config/config.go:692.37,693.71 1 1
github.com/gkbiswas/hotel-reviews-microservice/pkg/config/config.go:693.71,695.4 1 1
github.com/gkbiswas/hotel-reviews-microservice/pkg/config/config.go:697.2,697.36 1 1
github.com/gkbiswas/hotel-reviews-microservice/pkg/config/config.go:697.36,698.70 1 1
github.com/gkbiswas/hotel-reviews-microservice/pkg/config/config.go:698.70,700.4 1 1
github.com/gkbiswas/hotel-reviews-microservice/pkg/config/config.go:704.2,704.36 1 1
github.com/gkbiswas/hotel-reviews-microservice/pkg/config/config.go:704.36,706.3 1 0
github.com/gkbiswas/hotel-reviews-microservice/pkg/config/config.go:707.2,707.36 1 1
github.com/gkbiswas/hotel-reviews-microservice/pkg/config/config.go:707.36,709.3 1 0
github.com/gkbiswas/hotel-reviews-microservice/pkg/config/config.go:710.2,710.40 1 1
github.com/gkbiswas/hotel-reviews-microservice/pkg/config/config.go:710.40,712.3 1 0
github.com/gkbiswas/hotel-reviews-microservice/pkg/config/config.go:713.2,713.38 1 1
github.com/gkbiswas/hotel-reviews-microservice/pkg/config/config.go:713.38,715.3 1 0
github.com/gkbiswas/hotel-reviews-microservice/pkg/config/config.go:716.2,716.33 1 1
github.com/gkbiswas/hotel-reviews-microservice/pkg/config/config.go:716.33,718.3 1 0
github.com/gkbiswas/hotel-reviews-microservice/pkg/config/config.go:719.2,719.33 1 1
github.com/gkbiswas/hotel-reviews-microservice/pkg/config/config.go:719.33,721.3 1 0
github.com/gkbiswas/hotel-reviews-microservice/pkg/config/config.go:722.2,722.38 1 1
github.com/gkbiswas/hotel-reviews-microservice/pkg/config/config.go:722.38,724.3 1 0
github.com/gkbiswas/hotel-reviews-microservice/pkg/config/config.go:725.2,725.34 1 1
github.com/gkbiswas/hotel-reviews-microservice/pkg/config/config.go:725.34,727.3 1 0
github.com/gkbiswas/hotel-reviews-microservice/pkg/config/config.go:728.2,728.41 1 1
github.com/gkbiswas/hotel-reviews-microservice/pkg/config/config.go:728.41,730.3 1 0
github.com/gkbiswas/hotel-reviews-microservice/pkg/config/config.go:733.2,734.68 2 1
github.com/gkbiswas/hotel-reviews-microservice/pkg/config/config.go:734.68,736.3 1 0
github.com/gkbiswas/hotel-reviews-microservice/pkg/config/config.go:739.2,739.29 1 1
github.com/gkbiswas/hotel-reviews-microservice/pkg/config/config.go:739.29,740.38 1 0
github.com/gkbiswas/hotel-reviews-microservice/pkg/config/config.go:740.38,742.4 1 0
github.com/gkbiswas/hotel-reviews-microservice/pkg/config/config.go:743.3,743.38 1 0
github.com/gkbiswas/hotel-reviews-microservice/pkg/config/config.go:743.38,745.4 1 0
github.com/gkbiswas/hotel-reviews-microservice/pkg/config/config.go:748.2,748.12 1 1
github.com/gkbiswas/hotel-reviews-microservice/pkg/config/config.go:752.49,753.26 1 1
github.com/gkbiswas/hotel-reviews-microservice/pkg/config/config.go:753.26,754.16 1 1
github.com/gkbiswas/hotel-reviews-microservice/pkg/config/config.go:754.16,756.4 1 1
github.com/gkbiswas/hotel-reviews-microservice/pkg/config/config.go:758.2,758.14 1 1
github.com/gkbiswas/hotel-reviews-microservice/pkg/config/config.go:762.42,772.2 1 1
github.com/gkbiswas/hotel-reviews-microservice/pkg/config/config.go:775.44,777.2 1 1
github.com/gkbiswas/hotel-reviews-microservice/pkg/config/config.go:780.43,782.2 1 1
github.com/gkbiswas/hotel-reviews-microservice/pkg/config/config.go:785.38,787.2 1 1
github.com/gkbiswas/hotel-reviews-microservice/pkg/config/config.go:790.39,792.2 1 1
github.com/gkbiswas/hotel-reviews-microservice/pkg/config/config.go:795.43,797.2 1 1
github.com/gkbiswas/hotel-reviews-microservice/pkg/logger/logger.go:55.43,58.16 2 1
github.com/gkbiswas/hotel-reviews-microservice/pkg/logger/logger.go:58.16,60.3 1 0
github.com/gkbiswas/hotel-reviews-microservice/pkg/logger/logger.go:63.2,64.16 2 1
github.com/gkbiswas/hotel-reviews-microservice/pkg/logger/logger.go:64.16,66.3 1 1
github.com/gkbiswas/hotel-reviews-microservice/pkg/logger/logger.go:69.2,72.61 1 1
github.com/gkbiswas/hotel-reviews-microservice/pkg/logger/logger.go:72.61,74.31 1 1
github.com/gkbiswas/hotel-reviews-microservice/pkg/logger/logger.go:74.31,75.52 1 1
github.com/gkbiswas/hotel-reviews-microservice/pkg/logger/logger.go:75.52,79.6 2 1
github.com/gkbiswas/hotel-reviews-microservice/pkg/logger/logger.go:83.4,83.29 1 1
github.com/gkbiswas/hotel-reviews-microservice/pkg/logger/logger.go:83.29,85.5 1 1
github.com/gkbiswas/hotel-reviews-microservice/pkg/logger/logger.go:87.4,87.12 1 1
github.com/gkbiswas/hotel-reviews-microservice/pkg/logger/logger.go:92.2,93.23 2 1
github.com/gkbiswas/hotel-reviews-microservice/pkg/logger/logger.go:94.14,95.46 1 1
github.com/gkbiswas/hotel-reviews-microservice/pkg/logger/logger.go:96.14,97.46 1 1
github.com/gkbiswas/hotel-reviews-microservice/pkg/logger/logger.go:98.10,99.46 1 1
github.com/gkbiswas/hotel-reviews-microservice/pkg/logger/logger.go:103.2,108.20 2 1
github.com/gkbiswas/hotel-reviews-microservice/pkg/logger/logger.go:112.27,122.16 3 1
github.com/gkbiswas/hotel-reviews-microservice/pkg/logger/logger.go:122.16,131.3 1 0
github.com/gkbiswas/hotel-reviews-microservice/pkg/logger/logger.go:133.2,133.15 1 1
github.com/gkbiswas/hotel-reviews-microservice/pkg/logger/logger.go:137.59,139.21 2 1
github.com/gkbiswas/hotel-reviews-microservice/pkg/logger/logger.go:139.21,141.3 1 1
github.com/gkbiswas/hotel-reviews-microservice/pkg/logger/logger.go:143.2,146.3 1 1
github.com/gkbiswas/hotel-reviews-microservice/pkg/logger/logger.go:149.70,152.67 2 1
github.com/gkbiswas/hotel-reviews-microservice/pkg/logger/logger.go:152.67,154.3 1 1
github.com/gkbiswas/hotel-reviews-microservice/pkg/logger/logger.go:156.2,156.58 1 1
github.com/gkbiswas/hotel-reviews-microservice/pkg/logger/logger.go:156.58,158.3 1 1
github.com/gkbiswas/hotel-reviews-microservice/pkg/logger/logger.go:160.2,160.79 1 1
github.com/gkbiswas/hotel-reviews-microservice/pkg/logger/logger.go:160.79,162.3 1 1
github.com/gkbiswas/hotel-reviews-microservice/pkg/logger/logger.go:164.2,164.61 1 1
github.com/gkbiswas/hotel-reviews-microservice/pkg/logger/logger.go:164.61,166.3 1 1
github.com/gkbiswas/hotel-reviews-microservice/pkg/logger/logger.go:168.2,168.58 1 1
github.com/gkbiswas/hotel-reviews-microservice/pkg/logger/logger.go:168.58,170.3 1 1
github.com/gkbiswas/hotel-reviews-microservice/pkg/logger/logger.go:172.2,172.14 1 1
github.com/gkbiswas/hotel-reviews-microservice/pkg/logger/logger.go:176.77,178.2 1 1
github.com/gkbiswas/hotel-reviews-microservice/pkg/logger/logger.go:180.76,182.2 1 1
github.com/gkbiswas/hotel-reviews-microservice/pkg/logger/logger.go:184.76,186.2 1 1
github.com/gkbiswas/hotel-reviews-microservice/pkg/logger/logger.go:188.77,189.31 1 1
github.com/gkbiswas/hotel-reviews-microservice/pkg/logger/logger.go:189.31,191.3 1 1
github.com/gkbiswas/hotel-reviews-microservice/pkg/logger/logger.go:192.2,192.40 1 1
github.com/gkbiswas/hotel-reviews-microservice/pkg/logger/logger.go:196.60,198.27 2 1
github.com/gkbiswas/hotel-reviews-microservice/pkg/logger/logger.go:198.27,200.3 1 1
github.com/gkbiswas/hotel-reviews-microservice/pkg/logger/logger.go:201.2,204.3 1 1
github.com/gkbiswas/hotel-reviews-microservice/pkg/logger/logger.go:207.59,212.2 1 1
github.com/gkbiswas/hotel-reviews-microservice/pkg/logger/logger.go:214.47,215.16 1 1
github.com/gkbiswas/hotel-reviews-microservice/pkg/logger/logger.go:215.16,217.3 1 1
github.com/gkbiswas/hotel-reviews-microservice/pkg/logger/logger.go:219.2,220.31 2 1
github.com/gkbiswas/hotel-reviews-microservice/pkg/logger/logger.go:220.31,222.3 1 1
github.com/gkbiswas/hotel-reviews-microservice/pkg/logger/logger.go:224.2,227.3 1 1
github.com/gkbiswas/hotel-reviews-microservice/pkg/logger/logger.go:231.123,239.2 1 1
github.com/gkbiswas/hotel-reviews-microservice/pkg/logger/logger.go:241.114,247.2 1 1
github.com/gkbiswas/hotel-reviews-microservice/pkg/logger/logger.go:249.120,255.2 1 1
github.com/gkbiswas/hotel-reviews-microservice/pkg/logger/logger.go:257.114,264.2 1 1
github.com/gkbiswas/hotel-reviews-microservice/pkg/logger/logger.go:266.121,274.2 1 1
github.com/gkbiswas/hotel-reviews-microservice/pkg/logger/logger.go:276.103,282.27 2 1
github.com/gkbiswas/hotel-reviews-microservice/pkg/logger/logger.go:282.27,284.3 1 1
github.com/gkbiswas/hotel-reviews-microservice/pkg/logger/logger.go:286.2,286.55 1 1
github.com/gkbiswas/hotel-reviews-microservice/pkg/logger/logger.go:289.130,296.28 2 1
github.com/gkbiswas/hotel-reviews-microservice/pkg/logger/logger.go:296.28,298.3 1 1
github.com/gkbiswas/hotel-reviews-microservice/pkg/logger/logger.go:300.2,300.53 1 1
github.com/gkbiswas/hotel-reviews-microservice/pkg/logger/logger.go:304.84,305.16 1 1
github.com/gkbiswas/hotel-reviews-microservice/pkg/logger/logger.go:305.16,307.3 1 1
github.com/gkbiswas/hotel-reviews-microservice/pkg/logger/logger.go:309.2,310.31 2 1
github.com/gkbiswas/hotel-reviews-microservice/pkg/logger/logger.go:310.31,312.3 1 1
github.com/gkbiswas/hotel-reviews-microservice/pkg/logger/logger.go:314.2,314.41 1 1
github.com/gkbiswas/hotel-reviews-microservice/pkg/logger/logger.go:317.88,320.2 2 1
github.com/gkbiswas/hotel-reviews-microservice/pkg/logger/logger.go:323.40,325.2 1 1
github.com/gkbiswas/hotel-reviews-microservice/pkg/logger/logger.go:327.39,329.2 1 1
github.com/gkbiswas/hotel-reviews-microservice/pkg/logger/logger.go:331.39,333.2 1 1
github.com/gkbiswas/hotel-reviews-microservice/pkg/logger/logger.go:335.40,337.2 1 1
github.com/gkbiswas/hotel-reviews-microservice/pkg/logger/logger.go:340.54,341.15 1 1
github.com/gkbiswas/hotel-reviews-microservice/pkg/logger/logger.go:342.15,343.30 1 1
github.com/gkbiswas/hotel-reviews-microservice/pkg/logger/logger.go:344.14,345.29 1 1
github.com/gkbiswas/hotel-reviews-microservice/pkg/logger/logger.go:346.14,347.29 1 1
github.com/gkbiswas/hotel-reviews-microservice/pkg/logger/logger.go:348.15,349.30 1 1
github.com/gkbiswas/hotel-reviews-microservice/pkg/logger/logger.go:350.10,351.29 1 1
github.com/gkbiswas/hotel-reviews-microservice/pkg/logger/logger.go:355.54,356.23 1 1
github.com/gkbiswas/hotel-reviews-microservice/pkg/logger/logger.go:357.16,358.24 1 1
github.com/gkbiswas/hotel-reviews-microservice/pkg/logger/logger.go:359.16,360.24 1 1
github.com/gkbiswas/hotel-reviews-microservice/pkg/logger/logger.go:361.14,362.28 1 1
github.com/gkbiswas/hotel-reviews-microservice/pkg/logger/logger.go:362.28,364.4 1 1
github.com/gkbiswas/hotel-reviews-microservice/pkg/logger/logger.go:366.3,372.9 1 1
github.com/gkbiswas/hotel-reviews-microservice/pkg/logger/logger.go:373.10,374.24 1 1
github.com/gkbiswas/hotel-reviews-microservice/pkg/logger/logger.go:378.42,381.20 2 1
github.com/gkbiswas/hotel-reviews-microservice/pkg/logger/logger.go:381.20,383.3 1 1
github.com/gkbiswas/hotel-reviews-microservice/pkg/logger/logger.go:384.2,384.13 1 1
github.com/gkbiswas/hotel-reviews-microservice/pkg/logger/logger.go:387.29,391.2 3 1
github.com/gkbiswas/hotel-reviews-microservice/pkg/logger/logger.go:394.75,396.2 1 1
github.com/gkbiswas/hotel-reviews-microservice/pkg/logger/logger.go:398.69,400.2 1 1
github.com/gkbiswas/hotel-reviews-microservice/pkg/logger/logger.go:402.83,404.2 1 1
github.com/gkbiswas/hotel-reviews-microservice/pkg/logger/logger.go:406.71,408.2 1 1
github.com/gkbiswas/hotel-reviews-microservice/pkg/logger/logger.go:410.69,412.2 1 1
github.com/gkbiswas/hotel-reviews-microservice/pkg/logger/logger.go:414.47,415.53 1 1
github.com/gkbiswas/hotel-reviews-microservice/pkg/logger/logger.go:415.53,417.3 1 1
github.com/gkbiswas/hotel-reviews-microservice/pkg/logger/logger.go:418.2,418.11 1 1
github.com/gkbiswas/hotel-reviews-microservice/pkg/logger/logger.go:421.44,422.50 1 1
github.com/gkbiswas/hotel-reviews-microservice/pkg/logger/logger.go:422.50,424.3 1 1
github.com/gkbiswas/hotel-reviews-microservice/pkg/logger/logger.go:425.2,425.11 1 1
github.com/gkbiswas/hotel-reviews-microservice/pkg/logger/logger.go:428.51,429.57 1 1
github.com/gkbiswas/hotel-reviews-microservice/pkg/logger/logger.go:429.57,431.3 1 1
github.com/gkbiswas/hotel-reviews-microservice/pkg/logger/logger.go:432.2,432.11 1 1
github.com/gkbiswas/hotel-reviews-microservice/pkg/logger/logger.go:435.45,436.51 1 1
github.com/gkbiswas/hotel-reviews-microservice/pkg/logger/logger.go:436.51,438.3 1 1
github.com/gkbiswas/hotel-reviews-microservice/pkg/logger/logger.go:439.2,439.11 1 1
github.com/gkbiswas/hotel-reviews-microservice/pkg/logger/logger.go:442.44,443.50 1 1
github.com/gkbiswas/hotel-reviews-microservice/pkg/logger/logger.go:443.50,445.3 1 1
github.com/gkbiswas/hotel-reviews-microservice/pkg/logger/logger.go:446.2,446.11 1 1
github.com/gkbiswas/hotel-reviews-microservice/pkg/logger/logger.go:450.33,452.2 1 1
github.com/gkbiswas/hotel-reviews-microservice/pkg/logger/logger.go:455.37,457.2 1 1
github.com/gkbiswas/hotel-reviews-microservice/pkg/logger/logger.go:460.83,461.46 1 1
github.com/gkbiswas/hotel-reviews-microservice/pkg/logger/logger.go:461.46,462.72 1 1
github.com/gkbiswas/hotel-reviews-microservice/pkg/logger/logger.go:462.72,467.23 3 1
github.com/gkbiswas/hotel-reviews-microservice/pkg/logger/logger.go:467.23,469.5 1 1
github.com/gkbiswas/hotel-reviews-microservice/pkg/logger/logger.go:472.4,473.27 2 1
github.com/gkbiswas/hotel-reviews-microservice/pkg/logger/logger.go:473.27,475.5 1 1
github.com/gkbiswas/hotel-reviews-microservice/pkg/logger/logger.go:478.4,482.60 3 1
github.com/gkbiswas/hotel-reviews-microservice/pkg/logger/logger.go:482.60,484.5 1 1
github.com/gkbiswas/hotel-reviews-microservice/pkg/logger/logger.go:485.4,485.57 1 1
github.com/gkbiswas/hotel-reviews-microservice/pkg/logger/logger.go:485.57,487.5 1 1
github.com/gkbiswas/hotel-reviews-microservice/pkg/logger/logger.go:490.4,512.82 8 1
github.com/gkbiswas/hotel-reviews-microservice/pkg/logger/logger.go:524.54,527.2 2 1
github.com/gkbiswas/hotel-reviews-microservice/pkg/logger/logger.go:529.58,533.2 3 1
github.com/gkbiswas/hotel-reviews-microservice/pkg/logger/logger.go:536.78,537.46 1 1
github.com/gkbiswas/hotel-reviews-microservice/pkg/logger/logger.go:537.46,538.72 1 1
github.com/gkbiswas/hotel-reviews-microservice/pkg/logger/logger.go:538.72,539.17 1 1
github.com/gkbiswas/hotel-reviews-microservice/pkg/logger/logger.go:539.17,540.49 1 1
github.com/gkbiswas/hotel-reviews-microservice/pkg/logger/logger.go:540.49,546.6 4 1
github.com/gkbiswas/hotel-reviews-microservice/pkg/logger/logger.go:549.4,549.24 1 1
github.com/gkbiswas/hotel-reviews-microservice/pkg/logger/logger.go:557.13,559.2 1 1
github.com/gkbiswas/hotel-reviews-microservice/pkg/logger/logger.go:562.37,564.2 1 1
github.com/gkbiswas/hotel-reviews-microservice/pkg/logger/logger.go:566.36,568.2 1 1
github.com/gkbiswas/hotel-reviews-microservice/pkg/logger/logger.go:570.36,572.2 1 1
github.com/gkbiswas/hotel-reviews-microservice/pkg/logger/logger.go:574.37,576.2 1 1
github.com/gkbiswas/hotel-reviews-microservice/pkg/logger/logger.go:578.65,580.2 1 1
github.com/gkbiswas/hotel-reviews-microservice/pkg/logger/logger.go:582.64,584.2 1 1
github.com/gkbiswas/hotel-reviews-microservice/pkg/logger/logger.go:586.64,588.2 1 1
github.com/gkbiswas/hotel-reviews-microservice/pkg/logger/logger.go:590.65,592.2 1 1
github.com/gkbiswas/hotel-reviews-microservice/pkg/logger/logger.go:595.33,597.2 1 1
github.com/gkbiswas/hotel-reviews-microservice/internal/server/shutdown.go:98.46,113.2 1 1
github.com/gkbiswas/hotel-reviews-microservice/internal/server/shutdown.go:116.92,117.19 1 1
github.com/gkbiswas/hotel-reviews-microservice/internal/server/shutdown.go:117.19,119.3 1 1
github.com/gkbiswas/hotel-reviews-microservice/internal/server/shutdown.go:121.2,127.3 1 1
github.com/gkbiswas/hotel-reviews-microservice/internal/server/shutdown.go:131.73,135.30 3 1
github.com/gkbiswas/hotel-reviews-microservice/internal/server/shutdown.go:136.24,138.39 1 1
github.com/gkbiswas/hotel-reviews-microservice/internal/server/shutdown.go:139.20,140.34 1 1
github.com/gkbiswas/hotel-reviews-microservice/internal/server/shutdown.go:141.21,142.32 1 0
github.com/gkbiswas/hotel-reviews-microservice/internal/server/shutdown.go:143.21,144.29 1 0
github.com/gkbiswas/hotel-reviews-microservice/internal/server/shutdown.go:145.14,146.30 1 1
github.com/gkbiswas/hotel-reviews-microservice/internal/server/shutdown.go:147.26,148.42 1 1
github.com/gkbiswas/hotel-reviews-microservice/internal/server/shutdown.go:149.25,150.33 1 1
github.com/gkbiswas/hotel-reviews-microservice/internal/server/shutdown.go:151.21,152.31 1 0
github.com/gkbiswas/hotel-reviews-microservice/internal/server/shutdown.go:153.10,154.63 1 1
github.com/gkbiswas/hotel-reviews-microservice/internal/server/shutdown.go:159.79,161.26 1 1
github.com/gkbiswas/hotel-reviews-microservice/internal/server/shutdown.go:161.26,162.62 1 1
github.com/gkbiswas/hotel-reviews-microservice/internal/server/shutdown.go:162.62,164.4 1 0
github.com/gkbiswas/hotel-reviews-microservice/internal/server/shutdown.go:168.2,168.22 1 1
github.com/gkbiswas/hotel-reviews-microservice/internal/server/shutdown.go:168.22,169.56 1 0
github.com/gkbiswas/hotel-reviews-microservice/internal/server/shutdown.go:169.56,171.4 1 0
github.com/gkbiswas/hotel-reviews-microservice/internal/server/shutdown.go:175.2,175.27 1 1
github.com/gkbiswas/hotel-reviews-microservice/internal/server/shutdown.go:175.27,176.58 1 0
github.com/gkbiswas/hotel-reviews-microservice/internal/server/shutdown.go:176.58,178.4 1 0
github.com/gkbiswas/hotel-reviews-microservice/internal/server/shutdown.go:182.2,182.36 1 1
github.com/gkbiswas/hotel-reviews-microservice/internal/server/shutdown.go:182.36,183.51 1 1
github.com/gkbiswas/hotel-reviews-microservice/internal/server/shutdown.go:183.51,185.4 1 0
github.com/gkbiswas/hotel-reviews-microservice/internal/server/shutdown.go:189.2,189.40 1 1
github.com/gkbiswas/hotel-reviews-microservice/internal/server/shutdown.go:189.40,190.61 1 1
github.com/gkbiswas/hotel-reviews-microservice/internal/server/shutdown.go:190.61,192.4 1 0
github.com/gkbiswas/hotel-reviews-microservice/internal/server/shutdown.go:196.2,196.42 1 1
github.com/gkbiswas/hotel-reviews-microservice/internal/server/shutdown.go:196.42,197.57 1 1
github.com/gkbiswas/hotel-reviews-microservice/internal/server/shutdown.go:197.57,199.4 1 0
github.com/gkbiswas/hotel-reviews-microservice/internal/server/shutdown.go:203.2,203.38 1 1
github.com/gkbiswas/hotel-reviews-microservice/internal/server/shutdown.go:203.38,204.53 1 1
github.com/gkbiswas/hotel-reviews-microservice/internal/server/shutdown.go:204.53,206.4 1 0
github.com/gkbiswas/hotel-reviews-microservice/internal/server/shutdown.go:209.2,209.12 1 1
github.com/gkbiswas/hotel-reviews-microservice/internal/server/shutdown.go:213.74,218.44 1 1
github.com/gkbiswas/hotel-reviews-microservice/internal/server/shutdown.go:218.44,226.4 4 0
github.com/gkbiswas/hotel-reviews-microservice/internal/server/shutdown.go:229.2,230.12 2 1
github.com/gkbiswas/hotel-reviews-microservice/internal/server/shutdown.go:234.71,239.44 1 0
github.com/gkbiswas/hotel-reviews-microservice/internal/server/shutdown.go:239.44,244.14 3 0
github.com/gkbiswas/hotel-reviews-microservice/internal/server/shutdown.go:244.14,247.5 2 0
github.com/gkbiswas/hotel-reviews-microservice/internal/server/shutdown.go:249.4,249.11 1 0
github.com/gkbiswas/hotel-reviews-microservice/internal/server/shutdown.go:250.16,251.15 1 0
github.com/gkbiswas/hotel-reviews-microservice/internal/server/shutdown.go:252.22,255.21 3 0
github.com/gkbiswas/hotel-reviews-microservice/internal/server/shutdown.go:260.2,261.12 2 0
github.com/gkbiswas/hotel-reviews-microservice/internal/server/shutdown.go:265.70,270.44 1 0
github.com/gkbiswas/hotel-reviews-microservice/internal/server/shutdown.go:270.44,273.4 2 0
github.com/gkbiswas/hotel-reviews-microservice/internal/server/shutdown.go:276.2,277.12 2 0
github.com/gkbiswas/hotel-reviews-microservice/internal/server/shutdown.go:281.64,286.44 1 1
github.com/gkbiswas/hotel-reviews-microservice/internal/server/shutdown.go:286.44,289.4 2 1
github.com/gkbiswas/hotel-reviews-microservice/internal/server/shutdown.go:292.2,293.12 2 1
github.com/gkbiswas/hotel-reviews-microservice/internal/server/shutdown.go:297.86,302.44 1 1
github.com/gkbiswas/hotel-reviews-microservice/internal/server/shutdown.go:302.44,305.4 2 1
github.com/gkbiswas/hotel-reviews-microservice/internal/server/shutdown.go:308.2,309.12 2 1
github.com/gkbiswas/hotel-reviews-microservice/internal/server/shutdown.go:313.81,318.44 1 1
github.com/gkbiswas/hotel-reviews-microservice/internal/server/shutdown.go:318.44,321.4 2 1
github.com/gkbiswas/hotel-reviews-microservice/internal/server/shutdown.go:324.2,325.12 2 1
github.com/gkbiswas/hotel-reviews-microservice/internal/server/shutdown.go:329.73,334.44 1 1
github.com/gkbiswas/hotel-reviews-microservice/internal/server/shutdown.go:334.44,337.4 2 0
github.com/gkbiswas/hotel-reviews-microservice/internal/server/shutdown.go:340.2,341.12 2 1
github.com/gkbiswas/hotel-reviews-microservice/internal/server/shutdown.go:345.61,351.2 4 1
github.com/gkbiswas/hotel-reviews-microservice/internal/server/shutdown.go:354.52,362.9 4 1
github.com/gkbiswas/hotel-reviews-microservice/internal/server/shutdown.go:363.24,365.31 2 0
github.com/gkbiswas/hotel-reviews-microservice/internal/server/shutdown.go:367.21,369.31 2 1
github.com/gkbiswas/hotel-reviews-microservice/internal/server/shutdown.go:374.39,375.9 1 1
github.com/gkbiswas/hotel-reviews-microservice/internal/server/shutdown.go:376.33,376.33 0 1
github.com/gkbiswas/hotel-reviews-microservice/internal/server/shutdown.go:377.10,377.10 0 1
github.com/gkbiswas/hotel-reviews-microservice/internal/server/shutdown.go:383.53,389.37 3 1
github.com/gkbiswas/hotel-reviews-microservice/internal/server/shutdown.go:389.37,392.3 2 1
github.com/gkbiswas/hotel-reviews-microservice/internal/server/shutdown.go:395.2,395.34 1 1
github.com/gkbiswas/hotel-reviews-microservice/internal/server/shutdown.go:395.34,398.3 2 0
github.com/gkbiswas/hotel-reviews-microservice/internal/server/shutdown.go:401.2,413.32 7 1
github.com/gkbiswas/hotel-reviews-microservice/internal/server/shutdown.go:413.32,416.3 2 1
github.com/gkbiswas/hotel-reviews-microservice/internal/server/shutdown.go:419.2,419.12 1 1
github.com/gkbiswas/hotel-reviews-microservice/internal/server/shutdown.go:419.12,422.3 2 1
github.com/gkbiswas/hotel-reviews-microservice/internal/server/shutdown.go:425.2,426.29 2 1
github.com/gkbiswas/hotel-reviews-microservice/internal/server/shutdown.go:426.29,427.17 1 1
github.com/gkbiswas/hotel-reviews-microservice/internal/server/shutdown.go:427.17,429.4 1 1
github.com/gkbiswas/hotel-reviews-microservice/internal/server/shutdown.go:433.2,435.21 2 1
github.com/gkbiswas/hotel-reviews-microservice/internal/server/shutdown.go:435.21,437.30 2 1
github.com/gkbiswas/hotel-reviews-microservice/internal/server/shutdown.go:437.30,439.4 1 1
github.com/gkbiswas/hotel-reviews-microservice/internal/server/shutdown.go:440.3,440.70 1 1
github.com/gkbiswas/hotel-reviews-microservice/internal/server/shutdown.go:443.2,444.12 2 1
github.com/gkbiswas/hotel-reviews-microservice/internal/server/shutdown.go:448.124,451.35 2 1
github.com/gkbiswas/hotel-reviews-microservice/internal/server/shutdown.go:451.35,453.3 1 1
github.com/gkbiswas/hotel-reviews-microservice/internal/server/shutdown.go:456.2,461.12 4 1
github.com/gkbiswas/hotel-reviews-microservice/internal/server/shutdown.go:461.12,463.3 1 1
github.com/gkbiswas/hotel-reviews-microservice/internal/server/shutdown.go:465.2,465.9 1 1
github.com/gkbiswas/hotel-reviews-microservice/internal/server/shutdown.go:466.21,467.17 1 1
github.com/gkbiswas/hotel-reviews-microservice/internal/server/shutdown.go:467.17,470.4 2 1
github.com/gkbiswas/hotel-reviews-microservice/internal/server/shutdown.go:470.9,470.43 1 1
github.com/gkbiswas/hotel-reviews-microservice/internal/server/shutdown.go:470.43,472.4 1 1
github.com/gkbiswas/hotel-reviews-microservice/internal/server/shutdown.go:474.24,476.81 2 1
github.com/gkbiswas/hotel-reviews-microservice/internal/server/shutdown.go:481.50,487.27 4 1
github.com/gkbiswas/hotel-reviews-microservice/internal/server/shutdown.go:487.27,488.30 1 1
github.com/gkbiswas/hotel-reviews-microservice/internal/server/shutdown.go:488.30,489.53 1 1
github.com/gkbiswas/hotel-reviews-microservice/internal/server/shutdown.go:489.53,491.5 1 1
github.com/gkbiswas/hotel-reviews-microservice/internal/server/shutdown.go:497.45,502.2 3 1
github.com/gkbiswas/hotel-reviews-microservice/internal/server/shutdown.go:505.72,515.2 3 1
github.com/gkbiswas/hotel-reviews-microservice/internal/server/shutdown.go:518.55,519.9 1 1
github.com/gkbiswas/hotel-reviews-microservice/internal/server/shutdown.go:520.17,521.14 1 0
github.com/gkbiswas/hotel-reviews-microservice/internal/server/shutdown.go:522.10,523.15 1 1
github.com/gkbiswas/hotel-reviews-microservice/internal/server/shutdown.go:528.48,530.2 1 0
github.com/gkbiswas/hotel-reviews-microservice/internal/server/shutdown.go:533.44,541.2 1 1
github.com/gkbiswas/hotel-reviews-microservice/internal/server/shutdown.go:544.63,546.2 1 1
github.com/gkbiswas/hotel-reviews-microservice/internal/server/shutdown.go:549.60,551.2 1 0
github.com/gkbiswas/hotel-reviews-microservice/internal/server/shutdown.go:554.59,556.2 1 0
github.com/gkbiswas/hotel-reviews-microservice/internal/server/shutdown.go:559.53,561.2 1 1
github.com/gkbiswas/hotel-reviews-microservice/internal/server/shutdown.go:564.75,566.2 1 1
github.com/gkbiswas/hotel-reviews-microservice/internal/server/shutdown.go:569.70,571.2 1 1
github.com/gkbiswas/hotel-reviews-microservice/internal/server/shutdown.go:574.62,576.2 1 1
github.com/gkbiswas/hotel-reviews-microservice/internal/server/shutdown.go:584.87,586.2 1 0
github.com/gkbiswas/hotel-reviews-microservice/internal/server/shutdown.go:589.43,590.24 1 1
github.com/gkbiswas/hotel-reviews-microservice/internal/server/shutdown.go:590.24,592.3 1 1
github.com/gkbiswas/hotel-reviews-microservice/internal/server/shutdown.go:593.2,593.27 1 0
github.com/gkbiswas/hotel-reviews-microservice/internal/server/shutdown.go:597.44,599.2 1 1
github.com/gkbiswas/hotel-reviews-microservice/internal/server/shutdown.go:607.91,609.2 1 0
github.com/gkbiswas/hotel-reviews-microservice/internal/server/shutdown.go:612.45,613.22 1 1
github.com/gkbiswas/hotel-reviews-microservice/internal/server/shutdown.go:613.22,615.3 1 1
github.com/gkbiswas/hotel-reviews-microservice/internal/server/shutdown.go:616.2,616.25 1 0
github.com/gkbiswas/hotel-reviews-microservice/internal/server/shutdown.go:620.46,622.2 1 1
github.com/gkbiswas/hotel-reviews-microservice/internal/server/wrappers.go:15.62,17.2 1 0
github.com/gkbiswas/hotel-reviews-microservice/internal/server/wrappers.go:19.44,21.2 1 0
github.com/gkbiswas/hotel-reviews-microservice/internal/server/wrappers.go:28.62,30.2 1 0
github.com/gkbiswas/hotel-reviews-microservice/internal/server/wrappers.go:32.44,34.2 1 0
github.com/gkbiswas/hotel-reviews-microservice/internal/server/wrappers.go:41.65,42.24 1 0
github.com/gkbiswas/hotel-reviews-microservice/internal/server/wrappers.go:42.24,44.3 1 0
github.com/gkbiswas/hotel-reviews-microservice/internal/server/wrappers.go:45.2,45.30 1 0
github.com/gkbiswas/hotel-reviews-microservice/internal/server/wrappers.go:48.47,50.2 1 0
