mode: set
github.com/gkbiswas/hotel-reviews-microservice/internal/domain/services.go:35.17,46.2 1 1
github.com/gkbiswas/hotel-reviews-microservice/internal/domain/services.go:49.85,50.58 1 1
github.com/gkbiswas/hotel-reviews-microservice/internal/domain/services.go:50.58,52.3 1 1
github.com/gkbiswas/hotel-reviews-microservice/internal/domain/services.go:54.2,54.56 1 1
github.com/gkbiswas/hotel-reviews-microservice/internal/domain/services.go:54.56,56.3 1 0
github.com/gkbiswas/hotel-reviews-microservice/internal/domain/services.go:58.2,58.73 1 1
github.com/gkbiswas/hotel-reviews-microservice/internal/domain/services.go:58.73,60.3 1 1
github.com/gkbiswas/hotel-reviews-microservice/internal/domain/services.go:62.2,62.75 1 1
github.com/gkbiswas/hotel-reviews-microservice/internal/domain/services.go:62.75,64.3 1 0
github.com/gkbiswas/hotel-reviews-microservice/internal/domain/services.go:66.2,66.84 1 1
github.com/gkbiswas/hotel-reviews-microservice/internal/domain/services.go:66.84,68.3 1 0
github.com/gkbiswas/hotel-reviews-microservice/internal/domain/services.go:70.2,75.12 2 1
github.com/gkbiswas/hotel-reviews-microservice/internal/domain/services.go:78.95,80.16 2 1
github.com/gkbiswas/hotel-reviews-microservice/internal/domain/services.go:80.16,82.3 1 1
github.com/gkbiswas/hotel-reviews-microservice/internal/domain/services.go:83.2,83.20 1 1
github.com/gkbiswas/hotel-reviews-microservice/internal/domain/services.go:86.124,88.16 2 1
github.com/gkbiswas/hotel-reviews-microservice/internal/domain/services.go:88.16,90.3 1 0
github.com/gkbiswas/hotel-reviews-microservice/internal/domain/services.go:91.2,91.21 1 1
github.com/gkbiswas/hotel-reviews-microservice/internal/domain/services.go:94.130,96.16 2 1
github.com/gkbiswas/hotel-reviews-microservice/internal/domain/services.go:96.16,98.3 1 0
github.com/gkbiswas/hotel-reviews-microservice/internal/domain/services.go:99.2,99.21 1 1
github.com/gkbiswas/hotel-reviews-microservice/internal/domain/services.go:102.85,103.58 1 1
github.com/gkbiswas/hotel-reviews-microservice/internal/domain/services.go:103.58,105.3 1 0
github.com/gkbiswas/hotel-reviews-microservice/internal/domain/services.go:107.2,108.16 2 1
github.com/gkbiswas/hotel-reviews-microservice/internal/domain/services.go:108.16,110.3 1 1
github.com/gkbiswas/hotel-reviews-microservice/internal/domain/services.go:112.2,112.73 1 1
github.com/gkbiswas/hotel-reviews-microservice/internal/domain/services.go:112.73,114.3 1 1
github.com/gkbiswas/hotel-reviews-microservice/internal/domain/services.go:116.2,116.75 1 1
github.com/gkbiswas/hotel-reviews-microservice/internal/domain/services.go:116.75,118.3 1 0
github.com/gkbiswas/hotel-reviews-microservice/internal/domain/services.go:120.2,120.46 1 1
github.com/gkbiswas/hotel-reviews-microservice/internal/domain/services.go:120.46,122.3 1 1
github.com/gkbiswas/hotel-reviews-microservice/internal/domain/services.go:123.2,125.12 2 1
github.com/gkbiswas/hotel-reviews-microservice/internal/domain/services.go:128.83,130.16 2 1
github.com/gkbiswas/hotel-reviews-microservice/internal/domain/services.go:130.16,132.3 1 1
github.com/gkbiswas/hotel-reviews-microservice/internal/domain/services.go:134.2,134.57 1 1
github.com/gkbiswas/hotel-reviews-microservice/internal/domain/services.go:134.57,136.3 1 1
github.com/gkbiswas/hotel-reviews-microservice/internal/domain/services.go:138.2,138.71 1 1
github.com/gkbiswas/hotel-reviews-microservice/internal/domain/services.go:138.71,140.3 1 0
github.com/gkbiswas/hotel-reviews-microservice/internal/domain/services.go:142.2,142.84 1 1
github.com/gkbiswas/hotel-reviews-microservice/internal/domain/services.go:142.84,144.3 1 0
github.com/gkbiswas/hotel-reviews-microservice/internal/domain/services.go:146.2,146.12 1 1
github.com/gkbiswas/hotel-reviews-microservice/internal/domain/services.go:149.147,151.16 2 1
github.com/gkbiswas/hotel-reviews-microservice/internal/domain/services.go:151.16,153.3 1 0
github.com/gkbiswas/hotel-reviews-microservice/internal/domain/services.go:154.2,154.21 1 1
github.com/gkbiswas/hotel-reviews-microservice/internal/domain/services.go:158.82,159.52 1 1
github.com/gkbiswas/hotel-reviews-microservice/internal/domain/services.go:159.52,161.3 1 1
github.com/gkbiswas/hotel-reviews-microservice/internal/domain/services.go:163.2,163.61 1 1
github.com/gkbiswas/hotel-reviews-microservice/internal/domain/services.go:163.61,165.3 1 0
github.com/gkbiswas/hotel-reviews-microservice/internal/domain/services.go:167.2,167.73 1 1
github.com/gkbiswas/hotel-reviews-microservice/internal/domain/services.go:167.73,169.3 1 0
github.com/gkbiswas/hotel-reviews-microservice/internal/domain/services.go:171.2,171.12 1 1
github.com/gkbiswas/hotel-reviews-microservice/internal/domain/services.go:174.93,176.16 2 1
github.com/gkbiswas/hotel-reviews-microservice/internal/domain/services.go:176.16,178.3 1 0
github.com/gkbiswas/hotel-reviews-microservice/internal/domain/services.go:179.2,179.19 1 1
github.com/gkbiswas/hotel-reviews-microservice/internal/domain/services.go:182.82,183.52 1 1
github.com/gkbiswas/hotel-reviews-microservice/internal/domain/services.go:183.52,185.3 1 1
github.com/gkbiswas/hotel-reviews-microservice/internal/domain/services.go:187.2,187.61 1 1
github.com/gkbiswas/hotel-reviews-microservice/internal/domain/services.go:187.61,189.3 1 1
github.com/gkbiswas/hotel-reviews-microservice/internal/domain/services.go:191.2,191.73 1 1
github.com/gkbiswas/hotel-reviews-microservice/internal/domain/services.go:191.73,193.3 1 0
github.com/gkbiswas/hotel-reviews-microservice/internal/domain/services.go:195.2,195.12 1 1
github.com/gkbiswas/hotel-reviews-microservice/internal/domain/services.go:198.82,199.58 1 1
github.com/gkbiswas/hotel-reviews-microservice/internal/domain/services.go:199.58,201.3 1 1
github.com/gkbiswas/hotel-reviews-microservice/internal/domain/services.go:203.2,203.72 1 1
github.com/gkbiswas/hotel-reviews-microservice/internal/domain/services.go:203.72,205.3 1 0
github.com/gkbiswas/hotel-reviews-microservice/internal/domain/services.go:207.2,207.12 1 1
github.com/gkbiswas/hotel-reviews-microservice/internal/domain/services.go:210.97,212.16 2 1
github.com/gkbiswas/hotel-reviews-microservice/internal/domain/services.go:212.16,214.3 1 0
github.com/gkbiswas/hotel-reviews-microservice/internal/domain/services.go:215.2,215.20 1 1
github.com/gkbiswas/hotel-reviews-microservice/internal/domain/services.go:219.91,220.58 1 1
github.com/gkbiswas/hotel-reviews-microservice/internal/domain/services.go:220.58,222.3 1 0
github.com/gkbiswas/hotel-reviews-microservice/internal/domain/services.go:224.2,224.67 1 1
github.com/gkbiswas/hotel-reviews-microservice/internal/domain/services.go:224.67,226.3 1 0
github.com/gkbiswas/hotel-reviews-microservice/internal/domain/services.go:228.2,228.12 1 1
github.com/gkbiswas/hotel-reviews-microservice/internal/domain/services.go:231.99,233.16 2 1
github.com/gkbiswas/hotel-reviews-microservice/internal/domain/services.go:233.16,235.3 1 0
github.com/gkbiswas/hotel-reviews-microservice/internal/domain/services.go:236.2,236.22 1 1
github.com/gkbiswas/hotel-reviews-microservice/internal/domain/services.go:239.100,241.16 2 1
github.com/gkbiswas/hotel-reviews-microservice/internal/domain/services.go:241.16,243.3 1 0
github.com/gkbiswas/hotel-reviews-microservice/internal/domain/services.go:244.2,244.22 1 1
github.com/gkbiswas/hotel-reviews-microservice/internal/domain/services.go:247.91,248.58 1 1
github.com/gkbiswas/hotel-reviews-microservice/internal/domain/services.go:248.58,250.3 1 1
github.com/gkbiswas/hotel-reviews-microservice/internal/domain/services.go:252.2,252.67 1 1
github.com/gkbiswas/hotel-reviews-microservice/internal/domain/services.go:252.67,254.3 1 0
github.com/gkbiswas/hotel-reviews-microservice/internal/domain/services.go:256.2,256.12 1 1
github.com/gkbiswas/hotel-reviews-microservice/internal/domain/services.go:259.85,260.61 1 1
github.com/gkbiswas/hotel-reviews-microservice/internal/domain/services.go:260.61,262.3 1 1
github.com/gkbiswas/hotel-reviews-microservice/internal/domain/services.go:263.2,263.12 1 1
github.com/gkbiswas/hotel-reviews-microservice/internal/domain/services.go:266.103,268.16 2 1
github.com/gkbiswas/hotel-reviews-microservice/internal/domain/services.go:268.16,270.3 1 0
github.com/gkbiswas/hotel-reviews-microservice/internal/domain/services.go:271.2,271.23 1 1
github.com/gkbiswas/hotel-reviews-microservice/internal/domain/services.go:275.139,287.83 3 1
github.com/gkbiswas/hotel-reviews-microservice/internal/domain/services.go:287.83,289.3 1 0
github.com/gkbiswas/hotel-reviews-microservice/internal/domain/services.go:291.2,293.30 2 1
github.com/gkbiswas/hotel-reviews-microservice/internal/domain/services.go:296.129,299.100 2 1
github.com/gkbiswas/hotel-reviews-microservice/internal/domain/services.go:299.100,302.3 2 0
github.com/gkbiswas/hotel-reviews-microservice/internal/domain/services.go:304.2,304.97 1 1
github.com/gkbiswas/hotel-reviews-microservice/internal/domain/services.go:304.97,306.3 1 0
github.com/gkbiswas/hotel-reviews-microservice/internal/domain/services.go:308.2,309.16 2 1
github.com/gkbiswas/hotel-reviews-microservice/internal/domain/services.go:309.16,312.3 2 0
github.com/gkbiswas/hotel-reviews-microservice/internal/domain/services.go:314.2,315.16 2 1
github.com/gkbiswas/hotel-reviews-microservice/internal/domain/services.go:315.16,318.3 2 1
github.com/gkbiswas/hotel-reviews-microservice/internal/domain/services.go:319.2,321.91 2 0
github.com/gkbiswas/hotel-reviews-microservice/internal/domain/services.go:321.91,324.3 2 0
github.com/gkbiswas/hotel-reviews-microservice/internal/domain/services.go:326.2,326.99 1 0
github.com/gkbiswas/hotel-reviews-microservice/internal/domain/services.go:326.99,329.3 2 0
github.com/gkbiswas/hotel-reviews-microservice/internal/domain/services.go:331.2,331.90 1 0
github.com/gkbiswas/hotel-reviews-microservice/internal/domain/services.go:331.90,333.3 1 0
github.com/gkbiswas/hotel-reviews-microservice/internal/domain/services.go:335.2,335.104 1 0
github.com/gkbiswas/hotel-reviews-microservice/internal/domain/services.go:335.104,337.3 1 0
github.com/gkbiswas/hotel-reviews-microservice/internal/domain/services.go:339.2,339.81 1 0
github.com/gkbiswas/hotel-reviews-microservice/internal/domain/services.go:342.113,345.102 2 1
github.com/gkbiswas/hotel-reviews-microservice/internal/domain/services.go:345.102,347.3 1 0
github.com/gkbiswas/hotel-reviews-microservice/internal/domain/services.go:349.2,349.94 1 1
github.com/gkbiswas/hotel-reviews-microservice/internal/domain/services.go:349.94,351.3 1 0
github.com/gkbiswas/hotel-reviews-microservice/internal/domain/services.go:353.2,353.96 1 1
github.com/gkbiswas/hotel-reviews-microservice/internal/domain/services.go:353.96,355.3 1 0
github.com/gkbiswas/hotel-reviews-microservice/internal/domain/services.go:357.2,359.4 1 1
github.com/gkbiswas/hotel-reviews-microservice/internal/domain/services.go:362.117,364.16 2 1
github.com/gkbiswas/hotel-reviews-microservice/internal/domain/services.go:364.16,366.3 1 0
github.com/gkbiswas/hotel-reviews-microservice/internal/domain/services.go:367.2,367.20 1 1
github.com/gkbiswas/hotel-reviews-microservice/internal/domain/services.go:370.146,372.16 2 1
github.com/gkbiswas/hotel-reviews-microservice/internal/domain/services.go:372.16,374.3 1 0
github.com/gkbiswas/hotel-reviews-microservice/internal/domain/services.go:375.2,375.21 1 1
github.com/gkbiswas/hotel-reviews-microservice/internal/domain/services.go:378.87,379.117 1 1
github.com/gkbiswas/hotel-reviews-microservice/internal/domain/services.go:379.117,381.3 1 1
github.com/gkbiswas/hotel-reviews-microservice/internal/domain/services.go:382.2,382.12 1 1
github.com/gkbiswas/hotel-reviews-microservice/internal/domain/services.go:386.110,387.79 1 1
github.com/gkbiswas/hotel-reviews-microservice/internal/domain/services.go:387.79,389.3 1 1
github.com/gkbiswas/hotel-reviews-microservice/internal/domain/services.go:391.2,392.16 2 1
github.com/gkbiswas/hotel-reviews-microservice/internal/domain/services.go:392.16,394.3 1 1
github.com/gkbiswas/hotel-reviews-microservice/internal/domain/services.go:396.2,396.92 1 1
github.com/gkbiswas/hotel-reviews-microservice/internal/domain/services.go:396.92,398.3 1 0
github.com/gkbiswas/hotel-reviews-microservice/internal/domain/services.go:400.2,400.21 1 1
github.com/gkbiswas/hotel-reviews-microservice/internal/domain/services.go:403.159,405.16 2 1
github.com/gkbiswas/hotel-reviews-microservice/internal/domain/services.go:405.16,407.3 1 1
github.com/gkbiswas/hotel-reviews-microservice/internal/domain/services.go:409.2,413.33 4 1
github.com/gkbiswas/hotel-reviews-microservice/internal/domain/services.go:413.33,414.38 1 1
github.com/gkbiswas/hotel-reviews-microservice/internal/domain/services.go:414.38,417.4 2 1
github.com/gkbiswas/hotel-reviews-microservice/internal/domain/services.go:420.2,420.22 1 1
github.com/gkbiswas/hotel-reviews-microservice/internal/domain/services.go:420.22,423.3 2 1
github.com/gkbiswas/hotel-reviews-microservice/internal/domain/services.go:425.2,425.19 1 1
github.com/gkbiswas/hotel-reviews-microservice/internal/domain/services.go:428.153,430.16 2 1
github.com/gkbiswas/hotel-reviews-microservice/internal/domain/services.go:430.16,432.3 1 1
github.com/gkbiswas/hotel-reviews-microservice/internal/domain/services.go:434.2,438.33 4 1
github.com/gkbiswas/hotel-reviews-microservice/internal/domain/services.go:438.33,439.78 1 1
github.com/gkbiswas/hotel-reviews-microservice/internal/domain/services.go:439.78,442.4 2 1
github.com/gkbiswas/hotel-reviews-microservice/internal/domain/services.go:445.2,445.22 1 1
github.com/gkbiswas/hotel-reviews-microservice/internal/domain/services.go:445.22,448.3 2 1
github.com/gkbiswas/hotel-reviews-microservice/internal/domain/services.go:450.2,450.19 1 1
github.com/gkbiswas/hotel-reviews-microservice/internal/domain/services.go:453.96,455.16 2 1
github.com/gkbiswas/hotel-reviews-microservice/internal/domain/services.go:455.16,457.3 1 1
github.com/gkbiswas/hotel-reviews-microservice/internal/domain/services.go:459.2,459.25 1 1
github.com/gkbiswas/hotel-reviews-microservice/internal/domain/services.go:459.25,461.3 1 1
github.com/gkbiswas/hotel-reviews-microservice/internal/domain/services.go:462.2,462.28 1 0
github.com/gkbiswas/hotel-reviews-microservice/internal/domain/services.go:465.96,467.16 2 1
github.com/gkbiswas/hotel-reviews-microservice/internal/domain/services.go:467.16,469.3 1 0
github.com/gkbiswas/hotel-reviews-microservice/internal/domain/services.go:470.2,470.21 1 1
github.com/gkbiswas/hotel-reviews-microservice/internal/domain/services.go:474.91,475.48 1 1
github.com/gkbiswas/hotel-reviews-microservice/internal/domain/services.go:475.48,477.3 1 1
github.com/gkbiswas/hotel-reviews-microservice/internal/domain/services.go:479.2,479.26 1 1
github.com/gkbiswas/hotel-reviews-microservice/internal/domain/services.go:479.26,481.3 1 1
github.com/gkbiswas/hotel-reviews-microservice/internal/domain/services.go:483.2,483.32 1 1
github.com/gkbiswas/hotel-reviews-microservice/internal/domain/services.go:483.32,485.3 1 0
github.com/gkbiswas/hotel-reviews-microservice/internal/domain/services.go:487.2,487.41 1 1
github.com/gkbiswas/hotel-reviews-microservice/internal/domain/services.go:487.41,489.3 1 1
github.com/gkbiswas/hotel-reviews-microservice/internal/domain/services.go:491.2,491.35 1 1
github.com/gkbiswas/hotel-reviews-microservice/internal/domain/services.go:491.35,493.3 1 0
github.com/gkbiswas/hotel-reviews-microservice/internal/domain/services.go:495.2,495.32 1 1
github.com/gkbiswas/hotel-reviews-microservice/internal/domain/services.go:495.32,497.3 1 0
github.com/gkbiswas/hotel-reviews-microservice/internal/domain/services.go:499.2,499.12 1 1
github.com/gkbiswas/hotel-reviews-microservice/internal/domain/services.go:502.89,503.27 1 1
github.com/gkbiswas/hotel-reviews-microservice/internal/domain/services.go:503.27,505.3 1 1
github.com/gkbiswas/hotel-reviews-microservice/internal/domain/services.go:507.2,507.28 1 1
github.com/gkbiswas/hotel-reviews-microservice/internal/domain/services.go:507.28,509.3 1 1
github.com/gkbiswas/hotel-reviews-microservice/internal/domain/services.go:511.2,511.33 1 1
github.com/gkbiswas/hotel-reviews-microservice/internal/domain/services.go:511.33,513.3 1 1
github.com/gkbiswas/hotel-reviews-microservice/internal/domain/services.go:515.2,518.12 3 1
github.com/gkbiswas/hotel-reviews-microservice/internal/domain/services.go:521.107,529.16 3 1
github.com/gkbiswas/hotel-reviews-microservice/internal/domain/services.go:529.16,531.3 1 0
github.com/gkbiswas/hotel-reviews-microservice/internal/domain/services.go:533.2,533.24 1 1
github.com/gkbiswas/hotel-reviews-microservice/internal/domain/services.go:537.93,538.25 1 1
github.com/gkbiswas/hotel-reviews-microservice/internal/domain/services.go:538.25,539.64 1 1
github.com/gkbiswas/hotel-reviews-microservice/internal/domain/services.go:539.64,541.4 1 1
github.com/gkbiswas/hotel-reviews-microservice/internal/domain/services.go:543.3,543.62 1 1
github.com/gkbiswas/hotel-reviews-microservice/internal/domain/services.go:543.62,545.4 1 0
github.com/gkbiswas/hotel-reviews-microservice/internal/domain/services.go:548.2,548.63 1 1
github.com/gkbiswas/hotel-reviews-microservice/internal/domain/services.go:548.63,550.3 1 1
github.com/gkbiswas/hotel-reviews-microservice/internal/domain/services.go:552.2,552.33 1 1
github.com/gkbiswas/hotel-reviews-microservice/internal/domain/services.go:552.33,553.77 1 1
github.com/gkbiswas/hotel-reviews-microservice/internal/domain/services.go:553.77,555.4 1 0
github.com/gkbiswas/hotel-reviews-microservice/internal/domain/services.go:558.2,558.12 1 1
github.com/gkbiswas/hotel-reviews-microservice/internal/domain/services.go:561.116,564.2 2 1
github.com/gkbiswas/hotel-reviews-microservice/internal/domain/services.go:566.133,568.2 1 1
github.com/gkbiswas/hotel-reviews-microservice/internal/domain/services.go:571.84,572.22 1 1
github.com/gkbiswas/hotel-reviews-microservice/internal/domain/services.go:572.22,574.3 1 1
github.com/gkbiswas/hotel-reviews-microservice/internal/domain/services.go:576.2,576.50 1 1
github.com/gkbiswas/hotel-reviews-microservice/internal/domain/services.go:576.50,578.3 1 0
github.com/gkbiswas/hotel-reviews-microservice/internal/domain/services.go:580.2,580.12 1 1
github.com/gkbiswas/hotel-reviews-microservice/internal/domain/services.go:583.93,584.25 1 1
github.com/gkbiswas/hotel-reviews-microservice/internal/domain/services.go:584.25,586.3 1 1
github.com/gkbiswas/hotel-reviews-microservice/internal/domain/services.go:588.2,588.12 1 1
github.com/gkbiswas/hotel-reviews-microservice/internal/domain/services.go:591.84,593.20 2 1
github.com/gkbiswas/hotel-reviews-microservice/internal/domain/services.go:593.20,595.3 1 1
github.com/gkbiswas/hotel-reviews-microservice/internal/domain/services.go:596.2,596.52 1 1
github.com/gkbiswas/hotel-reviews-microservice/internal/domain/services.go:599.68,608.37 6 1
github.com/gkbiswas/hotel-reviews-microservice/internal/domain/services.go:608.37,609.38 1 1
github.com/gkbiswas/hotel-reviews-microservice/internal/domain/services.go:609.38,611.4 1 1
github.com/gkbiswas/hotel-reviews-microservice/internal/domain/services.go:614.2,614.37 1 1
github.com/gkbiswas/hotel-reviews-microservice/internal/domain/services.go:614.37,615.38 1 1
github.com/gkbiswas/hotel-reviews-microservice/internal/domain/services.go:615.38,617.4 1 1
github.com/gkbiswas/hotel-reviews-microservice/internal/domain/services.go:620.2,620.35 1 1
github.com/gkbiswas/hotel-reviews-microservice/internal/domain/services.go:620.35,622.3 1 1
github.com/gkbiswas/hotel-reviews-microservice/internal/domain/services.go:622.8,622.42 1 1
github.com/gkbiswas/hotel-reviews-microservice/internal/domain/services.go:622.42,624.3 1 1
github.com/gkbiswas/hotel-reviews-microservice/internal/domain/services.go:626.2,626.18 1 1
github.com/gkbiswas/hotel-reviews-microservice/internal/domain/services.go:629.75,631.2 1 1
