mode: set
github.com/gkbiswas/hotel-reviews-microservice/internal/domain/entities.go:329.42,331.2 1 0
github.com/gkbiswas/hotel-reviews-microservice/internal/domain/entities.go:334.65,339.2 1 0
github.com/gkbiswas/hotel-reviews-microservice/internal/domain/events.go:133.39,135.2 1 1
github.com/gkbiswas/hotel-reviews-microservice/internal/domain/events.go:138.41,140.2 1 1
github.com/gkbiswas/hotel-reviews-microservice/internal/domain/events.go:143.47,145.2 1 1
github.com/gkbiswas/hotel-reviews-microservice/internal/domain/events.go:148.48,150.2 1 1
github.com/gkbiswas/hotel-reviews-microservice/internal/domain/events.go:153.47,155.2 1 1
github.com/gkbiswas/hotel-reviews-microservice/internal/domain/events.go:158.47,160.2 1 1
github.com/gkbiswas/hotel-reviews-microservice/internal/domain/events.go:163.47,165.2 1 1
github.com/gkbiswas/hotel-reviews-microservice/internal/domain/events.go:168.47,170.2 1 1
github.com/gkbiswas/hotel-reviews-microservice/internal/domain/events.go:173.45,175.2 1 1
github.com/gkbiswas/hotel-reviews-microservice/internal/domain/events.go:178.58,180.2 1 1
github.com/gkbiswas/hotel-reviews-microservice/internal/domain/events.go:183.46,185.2 1 1
github.com/gkbiswas/hotel-reviews-microservice/internal/domain/events.go:188.38,189.22 1 1
github.com/gkbiswas/hotel-reviews-microservice/internal/domain/events.go:189.22,191.3 1 1
github.com/gkbiswas/hotel-reviews-microservice/internal/domain/events.go:192.2,192.18 1 1
github.com/gkbiswas/hotel-reviews-microservice/internal/domain/events.go:192.18,194.3 1 1
github.com/gkbiswas/hotel-reviews-microservice/internal/domain/events.go:195.2,195.21 1 1
github.com/gkbiswas/hotel-reviews-microservice/internal/domain/events.go:195.21,197.3 1 1
github.com/gkbiswas/hotel-reviews-microservice/internal/domain/events.go:198.2,198.31 1 1
github.com/gkbiswas/hotel-reviews-microservice/internal/domain/events.go:198.31,200.3 1 1
github.com/gkbiswas/hotel-reviews-microservice/internal/domain/events.go:201.2,201.27 1 1
github.com/gkbiswas/hotel-reviews-microservice/internal/domain/events.go:201.27,203.3 1 1
github.com/gkbiswas/hotel-reviews-microservice/internal/domain/events.go:204.2,204.27 1 1
github.com/gkbiswas/hotel-reviews-microservice/internal/domain/events.go:204.27,206.3 1 1
github.com/gkbiswas/hotel-reviews-microservice/internal/domain/events.go:207.2,207.27 1 1
github.com/gkbiswas/hotel-reviews-microservice/internal/domain/events.go:207.27,209.3 1 1
github.com/gkbiswas/hotel-reviews-microservice/internal/domain/events.go:210.2,210.12 1 1
github.com/gkbiswas/hotel-reviews-microservice/internal/domain/events.go:214.49,216.2 1 1
github.com/gkbiswas/hotel-reviews-microservice/internal/domain/events.go:219.41,221.2 1 1
github.com/gkbiswas/hotel-reviews-microservice/internal/domain/events.go:262.31,288.2 1 1
github.com/gkbiswas/hotel-reviews-microservice/internal/domain/events.go:291.55,292.47 1 1
github.com/gkbiswas/hotel-reviews-microservice/internal/domain/events.go:292.47,294.3 1 0
github.com/gkbiswas/hotel-reviews-microservice/internal/domain/events.go:295.2,295.25 1 1
github.com/gkbiswas/hotel-reviews-microservice/internal/domain/events.go:295.25,297.3 1 1
github.com/gkbiswas/hotel-reviews-microservice/internal/domain/events.go:298.2,298.30 1 1
github.com/gkbiswas/hotel-reviews-microservice/internal/domain/events.go:298.30,300.3 1 1
github.com/gkbiswas/hotel-reviews-microservice/internal/domain/events.go:301.2,301.21 1 1
github.com/gkbiswas/hotel-reviews-microservice/internal/domain/events.go:301.21,303.3 1 1
github.com/gkbiswas/hotel-reviews-microservice/internal/domain/events.go:304.2,304.20 1 1
github.com/gkbiswas/hotel-reviews-microservice/internal/domain/events.go:304.20,306.3 1 1
github.com/gkbiswas/hotel-reviews-microservice/internal/domain/events.go:307.2,307.12 1 1
github.com/gkbiswas/hotel-reviews-microservice/internal/domain/events.go:345.32,370.2 1 1
github.com/gkbiswas/hotel-reviews-microservice/internal/domain/events.go:407.33,432.2 1 1
github.com/gkbiswas/hotel-reviews-microservice/internal/domain/events.go:475.30,503.2 1 1
github.com/gkbiswas/hotel-reviews-microservice/internal/domain/events.go:550.25,579.2 1 1
github.com/gkbiswas/hotel-reviews-microservice/internal/domain/events.go:620.30,647.2 1 1
github.com/gkbiswas/hotel-reviews-microservice/internal/domain/review_service_wrapper.go:21.17,41.2 4 0
github.com/gkbiswas/hotel-reviews-microservice/internal/domain/review_service_wrapper.go:53.17,64.2 1 0
github.com/gkbiswas/hotel-reviews-microservice/internal/domain/review_service_wrapper.go:70.146,72.2 1 0
github.com/gkbiswas/hotel-reviews-microservice/internal/domain/review_service_wrapper.go:74.124,76.2 1 0
github.com/gkbiswas/hotel-reviews-microservice/internal/domain/review_service_wrapper.go:78.111,80.2 1 0
github.com/gkbiswas/hotel-reviews-microservice/internal/domain/review_service_wrapper.go:82.119,84.2 1 0
github.com/gkbiswas/hotel-reviews-microservice/internal/domain/review_service_wrapper.go:86.109,88.2 1 0
github.com/gkbiswas/hotel-reviews-microservice/internal/domain/review_service_wrapper.go:92.113,94.2 1 0
github.com/gkbiswas/hotel-reviews-microservice/internal/domain/review_service_wrapper.go:96.127,98.2 1 0
github.com/gkbiswas/hotel-reviews-microservice/internal/domain/review_service_wrapper.go:100.123,102.2 1 0
github.com/gkbiswas/hotel-reviews-microservice/internal/domain/review_service_wrapper.go:104.126,106.2 1 0
github.com/gkbiswas/hotel-reviews-microservice/internal/domain/review_service_wrapper.go:108.112,110.2 1 0
github.com/gkbiswas/hotel-reviews-microservice/internal/domain/review_service_wrapper.go:112.103,114.2 1 0
github.com/gkbiswas/hotel-reviews-microservice/internal/domain/review_service_wrapper.go:116.127,118.2 1 0
github.com/gkbiswas/hotel-reviews-microservice/internal/domain/services.go:35.17,46.2 1 1
github.com/gkbiswas/hotel-reviews-microservice/internal/domain/services.go:49.85,50.58 1 1
github.com/gkbiswas/hotel-reviews-microservice/internal/domain/services.go:50.58,52.3 1 1
github.com/gkbiswas/hotel-reviews-microservice/internal/domain/services.go:54.2,54.56 1 1
github.com/gkbiswas/hotel-reviews-microservice/internal/domain/services.go:54.56,56.3 1 0
github.com/gkbiswas/hotel-reviews-microservice/internal/domain/services.go:58.2,58.73 1 1
github.com/gkbiswas/hotel-reviews-microservice/internal/domain/services.go:58.73,60.3 1 1
github.com/gkbiswas/hotel-reviews-microservice/internal/domain/services.go:62.2,62.75 1 1
github.com/gkbiswas/hotel-reviews-microservice/internal/domain/services.go:62.75,64.3 1 1
github.com/gkbiswas/hotel-reviews-microservice/internal/domain/services.go:66.2,66.84 1 1
github.com/gkbiswas/hotel-reviews-microservice/internal/domain/services.go:66.84,68.3 1 1
github.com/gkbiswas/hotel-reviews-microservice/internal/domain/services.go:70.2,73.17 1 1
github.com/gkbiswas/hotel-reviews-microservice/internal/domain/services.go:73.17,75.3 1 0
github.com/gkbiswas/hotel-reviews-microservice/internal/domain/services.go:77.2,77.12 1 1
github.com/gkbiswas/hotel-reviews-microservice/internal/domain/services.go:80.95,82.16 2 1
github.com/gkbiswas/hotel-reviews-microservice/internal/domain/services.go:82.16,84.3 1 1
github.com/gkbiswas/hotel-reviews-microservice/internal/domain/services.go:85.2,85.20 1 1
github.com/gkbiswas/hotel-reviews-microservice/internal/domain/services.go:88.124,90.16 2 1
github.com/gkbiswas/hotel-reviews-microservice/internal/domain/services.go:90.16,92.3 1 0
github.com/gkbiswas/hotel-reviews-microservice/internal/domain/services.go:93.2,93.21 1 1
github.com/gkbiswas/hotel-reviews-microservice/internal/domain/services.go:96.130,98.16 2 1
github.com/gkbiswas/hotel-reviews-microservice/internal/domain/services.go:98.16,100.3 1 0
github.com/gkbiswas/hotel-reviews-microservice/internal/domain/services.go:101.2,101.21 1 1
github.com/gkbiswas/hotel-reviews-microservice/internal/domain/services.go:104.85,105.58 1 1
github.com/gkbiswas/hotel-reviews-microservice/internal/domain/services.go:105.58,107.3 1 0
github.com/gkbiswas/hotel-reviews-microservice/internal/domain/services.go:109.2,110.16 2 1
github.com/gkbiswas/hotel-reviews-microservice/internal/domain/services.go:110.16,112.3 1 1
github.com/gkbiswas/hotel-reviews-microservice/internal/domain/services.go:114.2,114.73 1 1
github.com/gkbiswas/hotel-reviews-microservice/internal/domain/services.go:114.73,116.3 1 1
github.com/gkbiswas/hotel-reviews-microservice/internal/domain/services.go:118.2,118.75 1 1
github.com/gkbiswas/hotel-reviews-microservice/internal/domain/services.go:118.75,120.3 1 1
github.com/gkbiswas/hotel-reviews-microservice/internal/domain/services.go:122.2,122.46 1 1
github.com/gkbiswas/hotel-reviews-microservice/internal/domain/services.go:122.46,123.93 1 1
github.com/gkbiswas/hotel-reviews-microservice/internal/domain/services.go:123.93,125.4 1 0
github.com/gkbiswas/hotel-reviews-microservice/internal/domain/services.go:127.2,127.84 1 1
github.com/gkbiswas/hotel-reviews-microservice/internal/domain/services.go:127.84,129.3 1 1
github.com/gkbiswas/hotel-reviews-microservice/internal/domain/services.go:131.2,131.12 1 1
github.com/gkbiswas/hotel-reviews-microservice/internal/domain/services.go:134.83,136.16 2 1
github.com/gkbiswas/hotel-reviews-microservice/internal/domain/services.go:136.16,138.3 1 0
github.com/gkbiswas/hotel-reviews-microservice/internal/domain/services.go:140.2,140.57 1 1
github.com/gkbiswas/hotel-reviews-microservice/internal/domain/services.go:140.57,142.3 1 1
github.com/gkbiswas/hotel-reviews-microservice/internal/domain/services.go:144.2,144.71 1 1
github.com/gkbiswas/hotel-reviews-microservice/internal/domain/services.go:144.71,146.3 1 0
github.com/gkbiswas/hotel-reviews-microservice/internal/domain/services.go:148.2,148.84 1 1
github.com/gkbiswas/hotel-reviews-microservice/internal/domain/services.go:148.84,150.3 1 1
github.com/gkbiswas/hotel-reviews-microservice/internal/domain/services.go:152.2,152.12 1 1
github.com/gkbiswas/hotel-reviews-microservice/internal/domain/services.go:155.147,157.16 2 1
github.com/gkbiswas/hotel-reviews-microservice/internal/domain/services.go:157.16,159.3 1 0
github.com/gkbiswas/hotel-reviews-microservice/internal/domain/services.go:160.2,160.21 1 1
github.com/gkbiswas/hotel-reviews-microservice/internal/domain/services.go:164.82,165.52 1 1
github.com/gkbiswas/hotel-reviews-microservice/internal/domain/services.go:165.52,167.3 1 1
github.com/gkbiswas/hotel-reviews-microservice/internal/domain/services.go:169.2,169.61 1 1
github.com/gkbiswas/hotel-reviews-microservice/internal/domain/services.go:169.61,171.3 1 0
github.com/gkbiswas/hotel-reviews-microservice/internal/domain/services.go:173.2,173.73 1 1
github.com/gkbiswas/hotel-reviews-microservice/internal/domain/services.go:173.73,175.3 1 0
github.com/gkbiswas/hotel-reviews-microservice/internal/domain/services.go:177.2,177.12 1 1
github.com/gkbiswas/hotel-reviews-microservice/internal/domain/services.go:180.93,182.16 2 1
github.com/gkbiswas/hotel-reviews-microservice/internal/domain/services.go:182.16,184.3 1 0
github.com/gkbiswas/hotel-reviews-microservice/internal/domain/services.go:185.2,185.19 1 1
github.com/gkbiswas/hotel-reviews-microservice/internal/domain/services.go:188.82,189.52 1 1
github.com/gkbiswas/hotel-reviews-microservice/internal/domain/services.go:189.52,191.3 1 1
github.com/gkbiswas/hotel-reviews-microservice/internal/domain/services.go:193.2,193.61 1 1
github.com/gkbiswas/hotel-reviews-microservice/internal/domain/services.go:193.61,195.3 1 1
github.com/gkbiswas/hotel-reviews-microservice/internal/domain/services.go:197.2,197.73 1 1
github.com/gkbiswas/hotel-reviews-microservice/internal/domain/services.go:197.73,199.3 1 0
github.com/gkbiswas/hotel-reviews-microservice/internal/domain/services.go:201.2,201.12 1 1
github.com/gkbiswas/hotel-reviews-microservice/internal/domain/services.go:204.82,205.58 1 1
github.com/gkbiswas/hotel-reviews-microservice/internal/domain/services.go:205.58,207.3 1 1
github.com/gkbiswas/hotel-reviews-microservice/internal/domain/services.go:209.2,209.72 1 1
github.com/gkbiswas/hotel-reviews-microservice/internal/domain/services.go:209.72,211.3 1 0
github.com/gkbiswas/hotel-reviews-microservice/internal/domain/services.go:213.2,213.12 1 1
github.com/gkbiswas/hotel-reviews-microservice/internal/domain/services.go:216.97,218.16 2 1
github.com/gkbiswas/hotel-reviews-microservice/internal/domain/services.go:218.16,220.3 1 0
github.com/gkbiswas/hotel-reviews-microservice/internal/domain/services.go:221.2,221.20 1 1
github.com/gkbiswas/hotel-reviews-microservice/internal/domain/services.go:225.91,226.58 1 1
github.com/gkbiswas/hotel-reviews-microservice/internal/domain/services.go:226.58,228.3 1 0
github.com/gkbiswas/hotel-reviews-microservice/internal/domain/services.go:230.2,230.67 1 1
github.com/gkbiswas/hotel-reviews-microservice/internal/domain/services.go:230.67,232.3 1 0
github.com/gkbiswas/hotel-reviews-microservice/internal/domain/services.go:234.2,234.12 1 1
github.com/gkbiswas/hotel-reviews-microservice/internal/domain/services.go:237.99,239.16 2 1
github.com/gkbiswas/hotel-reviews-microservice/internal/domain/services.go:239.16,241.3 1 0
github.com/gkbiswas/hotel-reviews-microservice/internal/domain/services.go:242.2,242.22 1 1
github.com/gkbiswas/hotel-reviews-microservice/internal/domain/services.go:245.100,247.16 2 1
github.com/gkbiswas/hotel-reviews-microservice/internal/domain/services.go:247.16,249.3 1 0
github.com/gkbiswas/hotel-reviews-microservice/internal/domain/services.go:250.2,250.22 1 1
github.com/gkbiswas/hotel-reviews-microservice/internal/domain/services.go:253.91,254.58 1 1
github.com/gkbiswas/hotel-reviews-microservice/internal/domain/services.go:254.58,256.3 1 1
github.com/gkbiswas/hotel-reviews-microservice/internal/domain/services.go:258.2,258.67 1 1
github.com/gkbiswas/hotel-reviews-microservice/internal/domain/services.go:258.67,260.3 1 0
github.com/gkbiswas/hotel-reviews-microservice/internal/domain/services.go:262.2,262.12 1 1
github.com/gkbiswas/hotel-reviews-microservice/internal/domain/services.go:265.85,266.61 1 1
github.com/gkbiswas/hotel-reviews-microservice/internal/domain/services.go:266.61,268.3 1 1
github.com/gkbiswas/hotel-reviews-microservice/internal/domain/services.go:269.2,269.12 1 1
github.com/gkbiswas/hotel-reviews-microservice/internal/domain/services.go:272.103,274.16 2 1
github.com/gkbiswas/hotel-reviews-microservice/internal/domain/services.go:274.16,276.3 1 0
github.com/gkbiswas/hotel-reviews-microservice/internal/domain/services.go:277.2,277.23 1 1
github.com/gkbiswas/hotel-reviews-microservice/internal/domain/services.go:281.139,293.83 3 1
github.com/gkbiswas/hotel-reviews-microservice/internal/domain/services.go:293.83,295.3 1 0
github.com/gkbiswas/hotel-reviews-microservice/internal/domain/services.go:297.2,299.30 2 1
github.com/gkbiswas/hotel-reviews-microservice/internal/domain/services.go:302.129,305.100 2 1
github.com/gkbiswas/hotel-reviews-microservice/internal/domain/services.go:305.100,308.3 2 0
github.com/gkbiswas/hotel-reviews-microservice/internal/domain/services.go:310.2,310.97 1 1
github.com/gkbiswas/hotel-reviews-microservice/internal/domain/services.go:310.97,312.3 1 0
github.com/gkbiswas/hotel-reviews-microservice/internal/domain/services.go:314.2,315.16 2 1
github.com/gkbiswas/hotel-reviews-microservice/internal/domain/services.go:315.16,318.3 2 0
github.com/gkbiswas/hotel-reviews-microservice/internal/domain/services.go:320.2,321.16 2 1
github.com/gkbiswas/hotel-reviews-microservice/internal/domain/services.go:321.16,324.3 2 1
github.com/gkbiswas/hotel-reviews-microservice/internal/domain/services.go:325.2,327.91 2 0
github.com/gkbiswas/hotel-reviews-microservice/internal/domain/services.go:327.91,330.3 2 0
github.com/gkbiswas/hotel-reviews-microservice/internal/domain/services.go:332.2,332.99 1 0
github.com/gkbiswas/hotel-reviews-microservice/internal/domain/services.go:332.99,335.3 2 0
github.com/gkbiswas/hotel-reviews-microservice/internal/domain/services.go:337.2,337.90 1 0
github.com/gkbiswas/hotel-reviews-microservice/internal/domain/services.go:337.90,339.3 1 0
github.com/gkbiswas/hotel-reviews-microservice/internal/domain/services.go:341.2,341.104 1 0
github.com/gkbiswas/hotel-reviews-microservice/internal/domain/services.go:341.104,343.3 1 0
github.com/gkbiswas/hotel-reviews-microservice/internal/domain/services.go:345.2,345.81 1 0
github.com/gkbiswas/hotel-reviews-microservice/internal/domain/services.go:348.113,351.102 2 1
github.com/gkbiswas/hotel-reviews-microservice/internal/domain/services.go:351.102,353.3 1 0
github.com/gkbiswas/hotel-reviews-microservice/internal/domain/services.go:355.2,355.94 1 1
github.com/gkbiswas/hotel-reviews-microservice/internal/domain/services.go:355.94,357.3 1 0
github.com/gkbiswas/hotel-reviews-microservice/internal/domain/services.go:359.2,359.96 1 1
github.com/gkbiswas/hotel-reviews-microservice/internal/domain/services.go:359.96,361.3 1 0
github.com/gkbiswas/hotel-reviews-microservice/internal/domain/services.go:363.2,365.4 1 1
github.com/gkbiswas/hotel-reviews-microservice/internal/domain/services.go:368.117,370.16 2 1
github.com/gkbiswas/hotel-reviews-microservice/internal/domain/services.go:370.16,372.3 1 0
github.com/gkbiswas/hotel-reviews-microservice/internal/domain/services.go:373.2,373.20 1 1
github.com/gkbiswas/hotel-reviews-microservice/internal/domain/services.go:376.146,378.16 2 1
github.com/gkbiswas/hotel-reviews-microservice/internal/domain/services.go:378.16,380.3 1 0
github.com/gkbiswas/hotel-reviews-microservice/internal/domain/services.go:381.2,381.21 1 1
github.com/gkbiswas/hotel-reviews-microservice/internal/domain/services.go:384.87,385.117 1 1
github.com/gkbiswas/hotel-reviews-microservice/internal/domain/services.go:385.117,387.3 1 1
github.com/gkbiswas/hotel-reviews-microservice/internal/domain/services.go:388.2,388.12 1 1
github.com/gkbiswas/hotel-reviews-microservice/internal/domain/services.go:392.110,393.79 1 1
github.com/gkbiswas/hotel-reviews-microservice/internal/domain/services.go:393.79,395.3 1 1
github.com/gkbiswas/hotel-reviews-microservice/internal/domain/services.go:397.2,398.16 2 1
github.com/gkbiswas/hotel-reviews-microservice/internal/domain/services.go:398.16,400.3 1 1
github.com/gkbiswas/hotel-reviews-microservice/internal/domain/services.go:402.2,402.92 1 1
github.com/gkbiswas/hotel-reviews-microservice/internal/domain/services.go:402.92,404.3 1 0
github.com/gkbiswas/hotel-reviews-microservice/internal/domain/services.go:406.2,406.21 1 1
github.com/gkbiswas/hotel-reviews-microservice/internal/domain/services.go:409.159,411.16 2 1
github.com/gkbiswas/hotel-reviews-microservice/internal/domain/services.go:411.16,413.3 1 1
github.com/gkbiswas/hotel-reviews-microservice/internal/domain/services.go:415.2,419.33 4 1
github.com/gkbiswas/hotel-reviews-microservice/internal/domain/services.go:419.33,420.38 1 1
github.com/gkbiswas/hotel-reviews-microservice/internal/domain/services.go:420.38,423.4 2 1
github.com/gkbiswas/hotel-reviews-microservice/internal/domain/services.go:426.2,426.22 1 1
github.com/gkbiswas/hotel-reviews-microservice/internal/domain/services.go:426.22,429.3 2 1
github.com/gkbiswas/hotel-reviews-microservice/internal/domain/services.go:431.2,431.19 1 1
github.com/gkbiswas/hotel-reviews-microservice/internal/domain/services.go:434.153,436.16 2 1
github.com/gkbiswas/hotel-reviews-microservice/internal/domain/services.go:436.16,438.3 1 1
github.com/gkbiswas/hotel-reviews-microservice/internal/domain/services.go:440.2,444.33 4 1
github.com/gkbiswas/hotel-reviews-microservice/internal/domain/services.go:444.33,445.78 1 1
github.com/gkbiswas/hotel-reviews-microservice/internal/domain/services.go:445.78,448.4 2 1
github.com/gkbiswas/hotel-reviews-microservice/internal/domain/services.go:451.2,451.22 1 1
github.com/gkbiswas/hotel-reviews-microservice/internal/domain/services.go:451.22,454.3 2 1
github.com/gkbiswas/hotel-reviews-microservice/internal/domain/services.go:456.2,456.19 1 1
github.com/gkbiswas/hotel-reviews-microservice/internal/domain/services.go:459.96,461.16 2 1
github.com/gkbiswas/hotel-reviews-microservice/internal/domain/services.go:461.16,463.3 1 1
github.com/gkbiswas/hotel-reviews-microservice/internal/domain/services.go:465.2,465.25 1 1
github.com/gkbiswas/hotel-reviews-microservice/internal/domain/services.go:465.25,467.3 1 1
github.com/gkbiswas/hotel-reviews-microservice/internal/domain/services.go:468.2,468.28 1 0
github.com/gkbiswas/hotel-reviews-microservice/internal/domain/services.go:471.96,473.16 2 1
github.com/gkbiswas/hotel-reviews-microservice/internal/domain/services.go:473.16,475.3 1 1
github.com/gkbiswas/hotel-reviews-microservice/internal/domain/services.go:476.2,476.21 1 1
github.com/gkbiswas/hotel-reviews-microservice/internal/domain/services.go:480.91,481.48 1 1
github.com/gkbiswas/hotel-reviews-microservice/internal/domain/services.go:481.48,483.3 1 1
github.com/gkbiswas/hotel-reviews-microservice/internal/domain/services.go:485.2,485.26 1 1
github.com/gkbiswas/hotel-reviews-microservice/internal/domain/services.go:485.26,487.3 1 1
github.com/gkbiswas/hotel-reviews-microservice/internal/domain/services.go:489.2,489.32 1 1
github.com/gkbiswas/hotel-reviews-microservice/internal/domain/services.go:489.32,491.3 1 0
github.com/gkbiswas/hotel-reviews-microservice/internal/domain/services.go:493.2,493.41 1 1
github.com/gkbiswas/hotel-reviews-microservice/internal/domain/services.go:493.41,495.3 1 1
github.com/gkbiswas/hotel-reviews-microservice/internal/domain/services.go:497.2,497.35 1 1
github.com/gkbiswas/hotel-reviews-microservice/internal/domain/services.go:497.35,499.3 1 1
github.com/gkbiswas/hotel-reviews-microservice/internal/domain/services.go:501.2,501.32 1 1
github.com/gkbiswas/hotel-reviews-microservice/internal/domain/services.go:501.32,503.3 1 1
github.com/gkbiswas/hotel-reviews-microservice/internal/domain/services.go:505.2,505.12 1 1
github.com/gkbiswas/hotel-reviews-microservice/internal/domain/services.go:508.89,509.27 1 1
github.com/gkbiswas/hotel-reviews-microservice/internal/domain/services.go:509.27,511.3 1 1
github.com/gkbiswas/hotel-reviews-microservice/internal/domain/services.go:513.2,513.28 1 1
github.com/gkbiswas/hotel-reviews-microservice/internal/domain/services.go:513.28,515.3 1 1
github.com/gkbiswas/hotel-reviews-microservice/internal/domain/services.go:517.2,517.33 1 1
github.com/gkbiswas/hotel-reviews-microservice/internal/domain/services.go:517.33,519.3 1 1
github.com/gkbiswas/hotel-reviews-microservice/internal/domain/services.go:521.2,524.12 3 1
github.com/gkbiswas/hotel-reviews-microservice/internal/domain/services.go:527.107,535.16 3 1
github.com/gkbiswas/hotel-reviews-microservice/internal/domain/services.go:535.16,537.3 1 1
github.com/gkbiswas/hotel-reviews-microservice/internal/domain/services.go:539.2,539.24 1 1
github.com/gkbiswas/hotel-reviews-microservice/internal/domain/services.go:543.93,544.25 1 1
github.com/gkbiswas/hotel-reviews-microservice/internal/domain/services.go:544.25,545.64 1 1
github.com/gkbiswas/hotel-reviews-microservice/internal/domain/services.go:545.64,547.4 1 1
github.com/gkbiswas/hotel-reviews-microservice/internal/domain/services.go:549.3,549.62 1 1
github.com/gkbiswas/hotel-reviews-microservice/internal/domain/services.go:549.62,551.4 1 0
github.com/gkbiswas/hotel-reviews-microservice/internal/domain/services.go:554.2,554.63 1 1
github.com/gkbiswas/hotel-reviews-microservice/internal/domain/services.go:554.63,556.3 1 1
github.com/gkbiswas/hotel-reviews-microservice/internal/domain/services.go:558.2,558.33 1 1
github.com/gkbiswas/hotel-reviews-microservice/internal/domain/services.go:558.33,559.77 1 1
github.com/gkbiswas/hotel-reviews-microservice/internal/domain/services.go:559.77,561.4 1 0
github.com/gkbiswas/hotel-reviews-microservice/internal/domain/services.go:564.2,564.12 1 1
github.com/gkbiswas/hotel-reviews-microservice/internal/domain/services.go:567.116,570.2 2 1
github.com/gkbiswas/hotel-reviews-microservice/internal/domain/services.go:572.133,574.2 1 1
github.com/gkbiswas/hotel-reviews-microservice/internal/domain/services.go:577.84,578.22 1 1
github.com/gkbiswas/hotel-reviews-microservice/internal/domain/services.go:578.22,580.3 1 1
github.com/gkbiswas/hotel-reviews-microservice/internal/domain/services.go:582.2,582.50 1 1
github.com/gkbiswas/hotel-reviews-microservice/internal/domain/services.go:582.50,584.3 1 0
github.com/gkbiswas/hotel-reviews-microservice/internal/domain/services.go:586.2,586.12 1 1
github.com/gkbiswas/hotel-reviews-microservice/internal/domain/services.go:589.93,590.25 1 1
github.com/gkbiswas/hotel-reviews-microservice/internal/domain/services.go:590.25,592.3 1 1
github.com/gkbiswas/hotel-reviews-microservice/internal/domain/services.go:594.2,594.12 1 1
github.com/gkbiswas/hotel-reviews-microservice/internal/domain/services.go:597.84,599.20 2 1
github.com/gkbiswas/hotel-reviews-microservice/internal/domain/services.go:599.20,601.3 1 1
github.com/gkbiswas/hotel-reviews-microservice/internal/domain/services.go:602.2,602.52 1 1
github.com/gkbiswas/hotel-reviews-microservice/internal/domain/services.go:605.68,614.37 6 1
github.com/gkbiswas/hotel-reviews-microservice/internal/domain/services.go:614.37,615.38 1 1
github.com/gkbiswas/hotel-reviews-microservice/internal/domain/services.go:615.38,617.4 1 1
github.com/gkbiswas/hotel-reviews-microservice/internal/domain/services.go:620.2,620.37 1 1
github.com/gkbiswas/hotel-reviews-microservice/internal/domain/services.go:620.37,621.38 1 1
github.com/gkbiswas/hotel-reviews-microservice/internal/domain/services.go:621.38,623.4 1 1
github.com/gkbiswas/hotel-reviews-microservice/internal/domain/services.go:626.2,626.35 1 1
github.com/gkbiswas/hotel-reviews-microservice/internal/domain/services.go:626.35,628.3 1 1
github.com/gkbiswas/hotel-reviews-microservice/internal/domain/services.go:628.8,628.42 1 1
github.com/gkbiswas/hotel-reviews-microservice/internal/domain/services.go:628.42,630.3 1 1
github.com/gkbiswas/hotel-reviews-microservice/internal/domain/services.go:632.2,632.18 1 1
github.com/gkbiswas/hotel-reviews-microservice/internal/domain/services.go:635.75,637.2 1 1
