mode: set
github.com/gkbiswas/hotel-reviews-microservice/internal/application/handlers.go:25.87,30.2 1 1
github.com/gkbiswas/hotel-reviews-microservice/internal/application/handlers.go:104.72,127.2 6 1
github.com/gkbiswas/hotel-reviews-microservice/internal/application/handlers.go:130.72,134.52 3 1
github.com/gkbiswas/hotel-reviews-microservice/internal/application/handlers.go:134.52,137.3 2 1
github.com/gkbiswas/hotel-reviews-microservice/internal/application/handlers.go:140.2,140.48 1 1
github.com/gkbiswas/hotel-reviews-microservice/internal/application/handlers.go:140.48,143.3 2 0
github.com/gkbiswas/hotel-reviews-microservice/internal/application/handlers.go:146.2,147.16 2 1
github.com/gkbiswas/hotel-reviews-microservice/internal/application/handlers.go:147.16,150.3 2 0
github.com/gkbiswas/hotel-reviews-microservice/internal/application/handlers.go:153.2,154.16 2 1
github.com/gkbiswas/hotel-reviews-microservice/internal/application/handlers.go:154.16,162.3 3 0
github.com/gkbiswas/hotel-reviews-microservice/internal/application/handlers.go:164.2,173.4 2 1
github.com/gkbiswas/hotel-reviews-microservice/internal/application/handlers.go:176.80,182.16 4 1
github.com/gkbiswas/hotel-reviews-microservice/internal/application/handlers.go:182.16,185.3 2 1
github.com/gkbiswas/hotel-reviews-microservice/internal/application/handlers.go:188.2,189.16 2 1
github.com/gkbiswas/hotel-reviews-microservice/internal/application/handlers.go:189.16,196.3 3 0
github.com/gkbiswas/hotel-reviews-microservice/internal/application/handlers.go:198.2,201.4 1 1
github.com/gkbiswas/hotel-reviews-microservice/internal/application/handlers.go:204.81,210.16 4 1
github.com/gkbiswas/hotel-reviews-microservice/internal/application/handlers.go:210.16,213.3 2 1
github.com/gkbiswas/hotel-reviews-microservice/internal/application/handlers.go:216.2,220.16 3 1
github.com/gkbiswas/hotel-reviews-microservice/internal/application/handlers.go:220.16,227.3 3 0
github.com/gkbiswas/hotel-reviews-microservice/internal/application/handlers.go:229.2,236.4 1 1
github.com/gkbiswas/hotel-reviews-microservice/internal/application/handlers.go:240.73,244.52 3 1
github.com/gkbiswas/hotel-reviews-microservice/internal/application/handlers.go:244.52,247.3 2 1
github.com/gkbiswas/hotel-reviews-microservice/internal/application/handlers.go:250.2,250.48 1 1
github.com/gkbiswas/hotel-reviews-microservice/internal/application/handlers.go:250.48,253.3 2 0
github.com/gkbiswas/hotel-reviews-microservice/internal/application/handlers.go:256.2,257.16 2 1
github.com/gkbiswas/hotel-reviews-microservice/internal/application/handlers.go:257.16,260.3 2 0
github.com/gkbiswas/hotel-reviews-microservice/internal/application/handlers.go:263.2,263.66 1 1
github.com/gkbiswas/hotel-reviews-microservice/internal/application/handlers.go:263.66,270.3 3 1
github.com/gkbiswas/hotel-reviews-microservice/internal/application/handlers.go:272.2,281.4 2 1
github.com/gkbiswas/hotel-reviews-microservice/internal/application/handlers.go:284.70,290.16 4 1
github.com/gkbiswas/hotel-reviews-microservice/internal/application/handlers.go:290.16,293.3 2 1
github.com/gkbiswas/hotel-reviews-microservice/internal/application/handlers.go:296.2,297.16 2 1
github.com/gkbiswas/hotel-reviews-microservice/internal/application/handlers.go:297.16,304.3 3 1
github.com/gkbiswas/hotel-reviews-microservice/internal/application/handlers.go:306.2,309.4 1 1
github.com/gkbiswas/hotel-reviews-microservice/internal/application/handlers.go:312.78,318.16 4 1
github.com/gkbiswas/hotel-reviews-microservice/internal/application/handlers.go:318.16,321.3 2 1
github.com/gkbiswas/hotel-reviews-microservice/internal/application/handlers.go:324.2,328.16 3 1
github.com/gkbiswas/hotel-reviews-microservice/internal/application/handlers.go:328.16,335.3 3 0
github.com/gkbiswas/hotel-reviews-microservice/internal/application/handlers.go:337.2,344.4 1 1
github.com/gkbiswas/hotel-reviews-microservice/internal/application/handlers.go:347.81,353.16 4 1
github.com/gkbiswas/hotel-reviews-microservice/internal/application/handlers.go:353.16,356.3 2 1
github.com/gkbiswas/hotel-reviews-microservice/internal/application/handlers.go:359.2,363.16 3 1
github.com/gkbiswas/hotel-reviews-microservice/internal/application/handlers.go:363.16,370.3 3 0
github.com/gkbiswas/hotel-reviews-microservice/internal/application/handlers.go:372.2,379.4 1 1
github.com/gkbiswas/hotel-reviews-microservice/internal/application/handlers.go:382.74,392.16 6 1
github.com/gkbiswas/hotel-reviews-microservice/internal/application/handlers.go:392.16,400.3 3 0
github.com/gkbiswas/hotel-reviews-microservice/internal/application/handlers.go:402.2,409.4 1 1
github.com/gkbiswas/hotel-reviews-microservice/internal/application/handlers.go:413.72,417.52 3 1
github.com/gkbiswas/hotel-reviews-microservice/internal/application/handlers.go:417.52,420.3 2 1
github.com/gkbiswas/hotel-reviews-microservice/internal/application/handlers.go:423.2,423.48 1 1
github.com/gkbiswas/hotel-reviews-microservice/internal/application/handlers.go:423.48,426.3 2 0
github.com/gkbiswas/hotel-reviews-microservice/internal/application/handlers.go:429.2,446.64 2 1
github.com/gkbiswas/hotel-reviews-microservice/internal/application/handlers.go:446.64,453.3 3 0
github.com/gkbiswas/hotel-reviews-microservice/internal/application/handlers.go:455.2,463.4 2 1
github.com/gkbiswas/hotel-reviews-microservice/internal/application/handlers.go:466.69,472.16 4 1
github.com/gkbiswas/hotel-reviews-microservice/internal/application/handlers.go:472.16,475.3 2 1
github.com/gkbiswas/hotel-reviews-microservice/internal/application/handlers.go:478.2,479.16 2 1
github.com/gkbiswas/hotel-reviews-microservice/internal/application/handlers.go:479.16,486.3 3 0
github.com/gkbiswas/hotel-reviews-microservice/internal/application/handlers.go:488.2,491.4 1 1
github.com/gkbiswas/hotel-reviews-microservice/internal/application/handlers.go:494.71,502.16 4 1
github.com/gkbiswas/hotel-reviews-microservice/internal/application/handlers.go:502.16,506.3 3 0
github.com/gkbiswas/hotel-reviews-microservice/internal/application/handlers.go:508.2,515.4 1 1
github.com/gkbiswas/hotel-reviews-microservice/internal/application/handlers.go:519.75,523.52 3 1
github.com/gkbiswas/hotel-reviews-microservice/internal/application/handlers.go:523.52,526.3 2 0
github.com/gkbiswas/hotel-reviews-microservice/internal/application/handlers.go:529.2,529.48 1 1
github.com/gkbiswas/hotel-reviews-microservice/internal/application/handlers.go:529.48,532.3 2 0
github.com/gkbiswas/hotel-reviews-microservice/internal/application/handlers.go:535.2,543.70 2 1
github.com/gkbiswas/hotel-reviews-microservice/internal/application/handlers.go:543.70,550.3 3 1
github.com/gkbiswas/hotel-reviews-microservice/internal/application/handlers.go:552.2,560.4 2 0
github.com/gkbiswas/hotel-reviews-microservice/internal/application/handlers.go:563.72,569.16 4 1
github.com/gkbiswas/hotel-reviews-microservice/internal/application/handlers.go:569.16,572.3 2 1
github.com/gkbiswas/hotel-reviews-microservice/internal/application/handlers.go:575.2,576.16 2 1
github.com/gkbiswas/hotel-reviews-microservice/internal/application/handlers.go:576.16,583.3 3 0
github.com/gkbiswas/hotel-reviews-microservice/internal/application/handlers.go:585.2,588.4 1 1
github.com/gkbiswas/hotel-reviews-microservice/internal/application/handlers.go:591.74,599.16 4 1
github.com/gkbiswas/hotel-reviews-microservice/internal/application/handlers.go:599.16,603.3 3 0
github.com/gkbiswas/hotel-reviews-microservice/internal/application/handlers.go:605.2,612.4 1 1
github.com/gkbiswas/hotel-reviews-microservice/internal/application/handlers.go:616.77,622.16 4 1
github.com/gkbiswas/hotel-reviews-microservice/internal/application/handlers.go:622.16,625.3 2 1
github.com/gkbiswas/hotel-reviews-microservice/internal/application/handlers.go:628.2,629.16 2 1
github.com/gkbiswas/hotel-reviews-microservice/internal/application/handlers.go:629.16,636.3 3 0
github.com/gkbiswas/hotel-reviews-microservice/internal/application/handlers.go:638.2,641.4 1 1
github.com/gkbiswas/hotel-reviews-microservice/internal/application/handlers.go:644.78,650.20 4 1
github.com/gkbiswas/hotel-reviews-microservice/internal/application/handlers.go:650.20,651.60 1 1
github.com/gkbiswas/hotel-reviews-microservice/internal/application/handlers.go:651.60,653.4 1 1
github.com/gkbiswas/hotel-reviews-microservice/internal/application/handlers.go:657.2,658.16 2 1
github.com/gkbiswas/hotel-reviews-microservice/internal/application/handlers.go:658.16,662.3 3 0
github.com/gkbiswas/hotel-reviews-microservice/internal/application/handlers.go:664.2,670.4 1 1
github.com/gkbiswas/hotel-reviews-microservice/internal/application/handlers.go:673.77,679.20 4 1
github.com/gkbiswas/hotel-reviews-microservice/internal/application/handlers.go:679.20,680.60 1 1
github.com/gkbiswas/hotel-reviews-microservice/internal/application/handlers.go:680.60,682.4 1 1
github.com/gkbiswas/hotel-reviews-microservice/internal/application/handlers.go:686.2,687.16 2 1
github.com/gkbiswas/hotel-reviews-microservice/internal/application/handlers.go:687.16,691.3 3 0
github.com/gkbiswas/hotel-reviews-microservice/internal/application/handlers.go:693.2,699.4 1 1
github.com/gkbiswas/hotel-reviews-microservice/internal/application/handlers.go:703.80,707.2 3 1
github.com/gkbiswas/hotel-reviews-microservice/internal/application/handlers.go:709.59,713.2 1 1
github.com/gkbiswas/hotel-reviews-microservice/internal/application/handlers.go:715.99,719.2 3 1
github.com/gkbiswas/hotel-reviews-microservice/internal/application/handlers.go:721.105,727.16 2 1
github.com/gkbiswas/hotel-reviews-microservice/internal/application/handlers.go:727.16,729.3 1 1
github.com/gkbiswas/hotel-reviews-microservice/internal/application/handlers.go:731.2,731.46 1 1
github.com/gkbiswas/hotel-reviews-microservice/internal/application/handlers.go:734.77,738.60 3 1
github.com/gkbiswas/hotel-reviews-microservice/internal/application/handlers.go:738.60,739.72 1 1
github.com/gkbiswas/hotel-reviews-microservice/internal/application/handlers.go:739.72,741.4 1 1
github.com/gkbiswas/hotel-reviews-microservice/internal/application/handlers.go:744.2,744.63 1 1
github.com/gkbiswas/hotel-reviews-microservice/internal/application/handlers.go:744.63,745.62 1 1
github.com/gkbiswas/hotel-reviews-microservice/internal/application/handlers.go:745.62,747.4 1 1
github.com/gkbiswas/hotel-reviews-microservice/internal/application/handlers.go:751.2,751.57 1 1
github.com/gkbiswas/hotel-reviews-microservice/internal/application/handlers.go:751.57,752.59 1 0
github.com/gkbiswas/hotel-reviews-microservice/internal/application/handlers.go:752.59,754.4 1 0
github.com/gkbiswas/hotel-reviews-microservice/internal/application/handlers.go:757.2,757.22 1 1
github.com/gkbiswas/hotel-reviews-microservice/internal/application/handlers.go:760.73,763.57 2 1
github.com/gkbiswas/hotel-reviews-microservice/internal/application/handlers.go:763.57,764.59 1 0
github.com/gkbiswas/hotel-reviews-microservice/internal/application/handlers.go:764.59,766.4 1 0
github.com/gkbiswas/hotel-reviews-microservice/internal/application/handlers.go:769.2,769.67 1 1
github.com/gkbiswas/hotel-reviews-microservice/internal/application/handlers.go:769.67,770.62 1 0
github.com/gkbiswas/hotel-reviews-microservice/internal/application/handlers.go:770.62,772.4 1 0
github.com/gkbiswas/hotel-reviews-microservice/internal/application/handlers.go:775.2,775.67 1 1
github.com/gkbiswas/hotel-reviews-microservice/internal/application/handlers.go:775.67,776.62 1 0
github.com/gkbiswas/hotel-reviews-microservice/internal/application/handlers.go:776.62,778.4 1 0
github.com/gkbiswas/hotel-reviews-microservice/internal/application/handlers.go:781.2,781.70 1 1
github.com/gkbiswas/hotel-reviews-microservice/internal/application/handlers.go:781.70,782.52 1 0
github.com/gkbiswas/hotel-reviews-microservice/internal/application/handlers.go:782.52,784.4 1 0
github.com/gkbiswas/hotel-reviews-microservice/internal/application/handlers.go:787.2,787.61 1 1
github.com/gkbiswas/hotel-reviews-microservice/internal/application/handlers.go:787.61,788.49 1 0
github.com/gkbiswas/hotel-reviews-microservice/internal/application/handlers.go:788.49,790.4 1 0
github.com/gkbiswas/hotel-reviews-microservice/internal/application/handlers.go:793.2,793.63 1 1
github.com/gkbiswas/hotel-reviews-microservice/internal/application/handlers.go:793.63,795.3 1 0
github.com/gkbiswas/hotel-reviews-microservice/internal/application/handlers.go:797.2,797.66 1 1
github.com/gkbiswas/hotel-reviews-microservice/internal/application/handlers.go:797.66,799.3 1 0
github.com/gkbiswas/hotel-reviews-microservice/internal/application/handlers.go:801.2,801.70 1 1
github.com/gkbiswas/hotel-reviews-microservice/internal/application/handlers.go:801.70,802.65 1 0
github.com/gkbiswas/hotel-reviews-microservice/internal/application/handlers.go:802.65,804.4 1 0
github.com/gkbiswas/hotel-reviews-microservice/internal/application/handlers.go:807.2,807.67 1 1
github.com/gkbiswas/hotel-reviews-microservice/internal/application/handlers.go:807.67,808.67 1 0
github.com/gkbiswas/hotel-reviews-microservice/internal/application/handlers.go:808.67,810.4 1 0
github.com/gkbiswas/hotel-reviews-microservice/internal/application/handlers.go:813.2,813.61 1 1
github.com/gkbiswas/hotel-reviews-microservice/internal/application/handlers.go:813.61,814.65 1 0
github.com/gkbiswas/hotel-reviews-microservice/internal/application/handlers.go:814.65,816.4 1 0
github.com/gkbiswas/hotel-reviews-microservice/internal/application/handlers.go:819.2,819.16 1 1
github.com/gkbiswas/hotel-reviews-microservice/internal/application/handlers.go:822.86,824.16 2 1
github.com/gkbiswas/hotel-reviews-microservice/internal/application/handlers.go:824.16,826.3 1 0
github.com/gkbiswas/hotel-reviews-microservice/internal/application/handlers.go:828.2,829.16 2 1
github.com/gkbiswas/hotel-reviews-microservice/internal/application/handlers.go:829.16,831.3 1 0
github.com/gkbiswas/hotel-reviews-microservice/internal/application/handlers.go:833.2,834.16 2 1
github.com/gkbiswas/hotel-reviews-microservice/internal/application/handlers.go:834.16,836.3 1 0
github.com/gkbiswas/hotel-reviews-microservice/internal/application/handlers.go:838.2,861.20 2 1
github.com/gkbiswas/hotel-reviews-microservice/internal/application/handlers.go:865.52,895.2 18 1
github.com/gkbiswas/hotel-reviews-microservice/internal/application/handlers.go:898.70,900.2 1 1
github.com/gkbiswas/hotel-reviews-microservice/internal/application/handlers.go:902.71,904.2 1 1
github.com/gkbiswas/hotel-reviews-microservice/internal/application/handlers.go:906.67,907.71 1 1
github.com/gkbiswas/hotel-reviews-microservice/internal/application/handlers.go:907.71,912.28 4 1
github.com/gkbiswas/hotel-reviews-microservice/internal/application/handlers.go:912.28,915.4 2 1
github.com/gkbiswas/hotel-reviews-microservice/internal/application/handlers.go:917.3,917.23 1 1
github.com/gkbiswas/hotel-reviews-microservice/internal/application/handlers.go:921.74,922.71 1 1
github.com/gkbiswas/hotel-reviews-microservice/internal/application/handlers.go:922.71,923.46 1 1
github.com/gkbiswas/hotel-reviews-microservice/internal/application/handlers.go:923.46,925.59 2 1
github.com/gkbiswas/hotel-reviews-microservice/internal/application/handlers.go:925.59,928.5 2 1
github.com/gkbiswas/hotel-reviews-microservice/internal/application/handlers.go:931.3,931.23 1 1
github.com/gkbiswas/hotel-reviews-microservice/internal/application/processor.go:117.21,137.2 3 1
github.com/gkbiswas/hotel-reviews-microservice/internal/application/processor.go:140.42,144.15 3 1
github.com/gkbiswas/hotel-reviews-microservice/internal/application/processor.go:144.15,146.3 1 1
github.com/gkbiswas/hotel-reviews-microservice/internal/application/processor.go:148.2,167.12 9 1
github.com/gkbiswas/hotel-reviews-microservice/internal/application/processor.go:171.41,175.16 3 1
github.com/gkbiswas/hotel-reviews-microservice/internal/application/processor.go:175.16,177.3 1 1
github.com/gkbiswas/hotel-reviews-microservice/internal/application/processor.go:179.2,182.35 2 1
github.com/gkbiswas/hotel-reviews-microservice/internal/application/processor.go:182.35,183.24 1 1
github.com/gkbiswas/hotel-reviews-microservice/internal/application/processor.go:183.24,185.4 1 1
github.com/gkbiswas/hotel-reviews-microservice/internal/application/processor.go:189.2,194.12 4 1
github.com/gkbiswas/hotel-reviews-microservice/internal/application/processor.go:194.12,197.3 2 1
github.com/gkbiswas/hotel-reviews-microservice/internal/application/processor.go:200.2,203.9 2 1
github.com/gkbiswas/hotel-reviews-microservice/internal/application/processor.go:204.14,206.13 2 1
github.com/gkbiswas/hotel-reviews-microservice/internal/application/processor.go:207.38,209.40 2 0
github.com/gkbiswas/hotel-reviews-microservice/internal/application/processor.go:214.121,216.16 1 1
github.com/gkbiswas/hotel-reviews-microservice/internal/application/processor.go:216.16,218.3 1 1
github.com/gkbiswas/hotel-reviews-microservice/internal/application/processor.go:221.2,222.16 2 1
github.com/gkbiswas/hotel-reviews-microservice/internal/application/processor.go:222.16,224.3 1 1
github.com/gkbiswas/hotel-reviews-microservice/internal/application/processor.go:227.2,227.76 1 1
github.com/gkbiswas/hotel-reviews-microservice/internal/application/processor.go:227.76,234.3 2 1
github.com/gkbiswas/hotel-reviews-microservice/internal/application/processor.go:237.2,255.9 6 1
github.com/gkbiswas/hotel-reviews-microservice/internal/application/processor.go:256.26,262.18 2 1
github.com/gkbiswas/hotel-reviews-microservice/internal/application/processor.go:263.20,265.24 2 0
github.com/gkbiswas/hotel-reviews-microservice/internal/application/processor.go:266.10,268.67 2 0
github.com/gkbiswas/hotel-reviews-microservice/internal/application/processor.go:273.81,279.2 4 1
github.com/gkbiswas/hotel-reviews-microservice/internal/application/processor.go:282.61,287.13 4 1
github.com/gkbiswas/hotel-reviews-microservice/internal/application/processor.go:287.13,289.3 1 1
github.com/gkbiswas/hotel-reviews-microservice/internal/application/processor.go:291.2,291.23 1 1
github.com/gkbiswas/hotel-reviews-microservice/internal/application/processor.go:291.23,293.3 1 1
github.com/gkbiswas/hotel-reviews-microservice/internal/application/processor.go:295.2,301.12 6 1
github.com/gkbiswas/hotel-reviews-microservice/internal/application/processor.go:305.60,322.2 4 1
github.com/gkbiswas/hotel-reviews-microservice/internal/application/processor.go:325.46,326.36 1 1
github.com/gkbiswas/hotel-reviews-microservice/internal/application/processor.go:326.36,337.3 4 1
github.com/gkbiswas/hotel-reviews-microservice/internal/application/processor.go:339.2,339.63 1 1
github.com/gkbiswas/hotel-reviews-microservice/internal/application/processor.go:343.50,348.6 3 1
github.com/gkbiswas/hotel-reviews-microservice/internal/application/processor.go:348.6,349.10 1 1
github.com/gkbiswas/hotel-reviews-microservice/internal/application/processor.go:350.23,352.10 2 1
github.com/gkbiswas/hotel-reviews-microservice/internal/application/processor.go:353.11,355.11 1 1
github.com/gkbiswas/hotel-reviews-microservice/internal/application/processor.go:356.27,360.18 4 1
github.com/gkbiswas/hotel-reviews-microservice/internal/application/processor.go:361.24,362.11 1 1
github.com/gkbiswas/hotel-reviews-microservice/internal/application/processor.go:369.44,374.6 3 1
github.com/gkbiswas/hotel-reviews-microservice/internal/application/processor.go:374.6,375.10 1 1
github.com/gkbiswas/hotel-reviews-microservice/internal/application/processor.go:376.23,378.10 2 1
github.com/gkbiswas/hotel-reviews-microservice/internal/application/processor.go:379.29,380.22 1 1
github.com/gkbiswas/hotel-reviews-microservice/internal/application/processor.go:386.60,387.9 1 1
github.com/gkbiswas/hotel-reviews-microservice/internal/application/processor.go:388.22,390.9 2 0
github.com/gkbiswas/hotel-reviews-microservice/internal/application/processor.go:391.32,405.4 8 1
github.com/gkbiswas/hotel-reviews-microservice/internal/application/processor.go:410.80,419.16 4 1
github.com/gkbiswas/hotel-reviews-microservice/internal/application/processor.go:419.16,423.30 4 1
github.com/gkbiswas/hotel-reviews-microservice/internal/application/processor.go:423.30,435.11 7 1
github.com/gkbiswas/hotel-reviews-microservice/internal/application/processor.go:436.28,440.6 1 1
github.com/gkbiswas/hotel-reviews-microservice/internal/application/processor.go:441.12,442.72 1 0
github.com/gkbiswas/hotel-reviews-microservice/internal/application/processor.go:444.9,447.4 2 0
github.com/gkbiswas/hotel-reviews-microservice/internal/application/processor.go:448.8,450.3 1 0
github.com/gkbiswas/hotel-reviews-microservice/internal/application/processor.go:453.2,456.15 4 1
github.com/gkbiswas/hotel-reviews-microservice/internal/application/processor.go:460.66,471.16 4 1
github.com/gkbiswas/hotel-reviews-microservice/internal/application/processor.go:471.16,473.3 1 0
github.com/gkbiswas/hotel-reviews-microservice/internal/application/processor.go:476.2,477.16 2 1
github.com/gkbiswas/hotel-reviews-microservice/internal/application/processor.go:477.16,479.3 1 1
github.com/gkbiswas/hotel-reviews-microservice/internal/application/processor.go:480.2,480.13 1 1
github.com/gkbiswas/hotel-reviews-microservice/internal/application/processor.go:480.13,482.3 1 0
github.com/gkbiswas/hotel-reviews-microservice/internal/application/processor.go:485.2,486.16 2 1
github.com/gkbiswas/hotel-reviews-microservice/internal/application/processor.go:486.16,488.3 1 0
github.com/gkbiswas/hotel-reviews-microservice/internal/application/processor.go:491.2,492.16 2 1
github.com/gkbiswas/hotel-reviews-microservice/internal/application/processor.go:492.16,494.3 1 0
github.com/gkbiswas/hotel-reviews-microservice/internal/application/processor.go:495.2,499.16 3 1
github.com/gkbiswas/hotel-reviews-microservice/internal/application/processor.go:499.16,501.3 1 0
github.com/gkbiswas/hotel-reviews-microservice/internal/application/processor.go:501.8,503.3 1 1
github.com/gkbiswas/hotel-reviews-microservice/internal/application/processor.go:506.2,507.16 2 1
github.com/gkbiswas/hotel-reviews-microservice/internal/application/processor.go:507.16,509.3 1 0
github.com/gkbiswas/hotel-reviews-microservice/internal/application/processor.go:510.2,514.16 3 1
github.com/gkbiswas/hotel-reviews-microservice/internal/application/processor.go:514.16,516.3 1 0
github.com/gkbiswas/hotel-reviews-microservice/internal/application/processor.go:518.2,525.12 2 1
github.com/gkbiswas/hotel-reviews-microservice/internal/application/processor.go:529.110,535.86 5 1
github.com/gkbiswas/hotel-reviews-microservice/internal/application/processor.go:535.86,542.29 5 0
github.com/gkbiswas/hotel-reviews-microservice/internal/application/processor.go:542.29,544.4 1 0
github.com/gkbiswas/hotel-reviews-microservice/internal/application/processor.go:545.3,549.13 3 0
github.com/gkbiswas/hotel-reviews-microservice/internal/application/processor.go:549.13,552.4 2 0
github.com/gkbiswas/hotel-reviews-microservice/internal/application/processor.go:557.2,561.3 1 1
github.com/gkbiswas/hotel-reviews-microservice/internal/application/processor.go:565.106,569.35 3 1
github.com/gkbiswas/hotel-reviews-microservice/internal/application/processor.go:569.35,570.61 1 1
github.com/gkbiswas/hotel-reviews-microservice/internal/application/processor.go:570.61,574.86 4 1
github.com/gkbiswas/hotel-reviews-microservice/internal/application/processor.go:574.86,576.5 1 1
github.com/gkbiswas/hotel-reviews-microservice/internal/application/processor.go:580.2,580.19 1 1
github.com/gkbiswas/hotel-reviews-microservice/internal/application/processor.go:584.55,589.2 3 0
github.com/gkbiswas/hotel-reviews-microservice/internal/application/processor.go:592.47,598.6 4 1
github.com/gkbiswas/hotel-reviews-microservice/internal/application/processor.go:598.6,599.10 1 1
github.com/gkbiswas/hotel-reviews-microservice/internal/application/processor.go:600.23,601.10 1 1
github.com/gkbiswas/hotel-reviews-microservice/internal/application/processor.go:602.19,603.21 1 0
github.com/gkbiswas/hotel-reviews-microservice/internal/application/processor.go:609.44,621.38 8 0
github.com/gkbiswas/hotel-reviews-microservice/internal/application/processor.go:621.38,623.19 2 0
github.com/gkbiswas/hotel-reviews-microservice/internal/application/processor.go:623.19,625.4 1 0
github.com/gkbiswas/hotel-reviews-microservice/internal/application/processor.go:628.2,636.3 1 0
github.com/gkbiswas/hotel-reviews-microservice/internal/application/processor.go:640.83,644.37 2 1
github.com/gkbiswas/hotel-reviews-microservice/internal/application/processor.go:644.37,647.3 1 0
github.com/gkbiswas/hotel-reviews-microservice/internal/application/processor.go:647.8,647.47 1 1
github.com/gkbiswas/hotel-reviews-microservice/internal/application/processor.go:647.47,649.50 1 1
github.com/gkbiswas/hotel-reviews-microservice/internal/application/processor.go:649.50,653.23 3 1
github.com/gkbiswas/hotel-reviews-microservice/internal/application/processor.go:653.23,655.5 1 0
github.com/gkbiswas/hotel-reviews-microservice/internal/application/processor.go:656.4,656.34 1 1
github.com/gkbiswas/hotel-reviews-microservice/internal/application/processor.go:657.9,657.56 1 1
github.com/gkbiswas/hotel-reviews-microservice/internal/application/processor.go:657.56,661.22 3 1
github.com/gkbiswas/hotel-reviews-microservice/internal/application/processor.go:661.22,663.5 1 0
github.com/gkbiswas/hotel-reviews-microservice/internal/application/processor.go:664.4,664.34 1 1
github.com/gkbiswas/hotel-reviews-microservice/internal/application/processor.go:665.9,667.4 1 0
github.com/gkbiswas/hotel-reviews-microservice/internal/application/processor.go:668.8,670.3 1 1
github.com/gkbiswas/hotel-reviews-microservice/internal/application/processor.go:673.2,674.20 2 0
github.com/gkbiswas/hotel-reviews-microservice/internal/application/processor.go:674.20,676.3 1 0
github.com/gkbiswas/hotel-reviews-microservice/internal/application/processor.go:678.2,678.32 1 0
github.com/gkbiswas/hotel-reviews-microservice/internal/application/processor.go:691.122,697.2 1 1
github.com/gkbiswas/hotel-reviews-microservice/internal/application/processor.go:700.58,705.49 3 1
github.com/gkbiswas/hotel-reviews-microservice/internal/application/processor.go:705.49,707.3 1 0
github.com/gkbiswas/hotel-reviews-microservice/internal/application/processor.go:710.2,710.48 1 1
github.com/gkbiswas/hotel-reviews-microservice/internal/application/processor.go:710.48,712.3 1 1
github.com/gkbiswas/hotel-reviews-microservice/internal/application/processor.go:714.2,714.13 1 1
github.com/gkbiswas/hotel-reviews-microservice/internal/application/processor.go:718.66,723.2 3 1
github.com/gkbiswas/hotel-reviews-microservice/internal/application/processor.go:734.91,740.2 1 1
github.com/gkbiswas/hotel-reviews-microservice/internal/application/processor.go:743.71,750.49 4 1
github.com/gkbiswas/hotel-reviews-microservice/internal/application/processor.go:750.49,759.3 3 0
github.com/gkbiswas/hotel-reviews-microservice/internal/application/processor.go:763.70,771.15 6 1
github.com/gkbiswas/hotel-reviews-microservice/internal/application/processor.go:771.15,773.3 1 1
github.com/gkbiswas/hotel-reviews-microservice/internal/application/processor.go:775.2,775.35 1 1
