mode: set
github.com/gkbiswas/hotel-reviews-microservice/internal/infrastructure/database.go:28.85,34.37 2 0
github.com/gkbiswas/hotel-reviews-microservice/internal/infrastructure/database.go:34.37,36.3 1 0
github.com/gkbiswas/hotel-reviews-microservice/internal/infrastructure/database.go:38.2,38.16 1 0
github.com/gkbiswas/hotel-reviews-microservice/internal/infrastructure/database.go:42.36,51.34 6 0
github.com/gkbiswas/hotel-reviews-microservice/internal/infrastructure/database.go:51.34,53.17 2 0
github.com/gkbiswas/hotel-reviews-microservice/internal/infrastructure/database.go:53.17,54.9 1 0
github.com/gkbiswas/hotel-reviews-microservice/internal/infrastructure/database.go:57.3,63.23 2 0
github.com/gkbiswas/hotel-reviews-microservice/internal/infrastructure/database.go:63.23,66.4 2 0
github.com/gkbiswas/hotel-reviews-microservice/internal/infrastructure/database.go:69.2,69.16 1 0
github.com/gkbiswas/hotel-reviews-microservice/internal/infrastructure/database.go:69.16,71.3 1 0
github.com/gkbiswas/hotel-reviews-microservice/internal/infrastructure/database.go:73.2,76.52 2 0
github.com/gkbiswas/hotel-reviews-microservice/internal/infrastructure/database.go:76.52,78.3 1 0
github.com/gkbiswas/hotel-reviews-microservice/internal/infrastructure/database.go:80.2,86.12 2 0
github.com/gkbiswas/hotel-reviews-microservice/internal/infrastructure/database.go:90.68,103.29 2 0
github.com/gkbiswas/hotel-reviews-microservice/internal/infrastructure/database.go:103.29,105.4 1 0
github.com/gkbiswas/hotel-reviews-microservice/internal/infrastructure/database.go:110.2,110.50 1 0
github.com/gkbiswas/hotel-reviews-microservice/internal/infrastructure/database.go:114.38,125.2 1 0
github.com/gkbiswas/hotel-reviews-microservice/internal/infrastructure/database.go:128.52,130.16 2 0
github.com/gkbiswas/hotel-reviews-microservice/internal/infrastructure/database.go:130.16,132.3 1 0
github.com/gkbiswas/hotel-reviews-microservice/internal/infrastructure/database.go:135.2,147.12 6 0
github.com/gkbiswas/hotel-reviews-microservice/internal/infrastructure/database.go:151.58,152.27 1 0
github.com/gkbiswas/hotel-reviews-microservice/internal/infrastructure/database.go:153.15,154.25 1 0
github.com/gkbiswas/hotel-reviews-microservice/internal/infrastructure/database.go:155.14,156.25 1 0
github.com/gkbiswas/hotel-reviews-microservice/internal/infrastructure/database.go:157.14,158.25 1 0
github.com/gkbiswas/hotel-reviews-microservice/internal/infrastructure/database.go:159.15,160.26 1 0
github.com/gkbiswas/hotel-reviews-microservice/internal/infrastructure/database.go:161.10,162.25 1 0
github.com/gkbiswas/hotel-reviews-microservice/internal/infrastructure/database.go:167.36,179.34 3 0
github.com/gkbiswas/hotel-reviews-microservice/internal/infrastructure/database.go:179.34,180.50 1 0
github.com/gkbiswas/hotel-reviews-microservice/internal/infrastructure/database.go:180.50,182.4 1 0
github.com/gkbiswas/hotel-reviews-microservice/internal/infrastructure/database.go:186.2,186.42 1 0
github.com/gkbiswas/hotel-reviews-microservice/internal/infrastructure/database.go:186.42,188.3 1 0
github.com/gkbiswas/hotel-reviews-microservice/internal/infrastructure/database.go:190.2,191.12 2 0
github.com/gkbiswas/hotel-reviews-microservice/internal/infrastructure/database.go:195.42,218.30 2 0
github.com/gkbiswas/hotel-reviews-microservice/internal/infrastructure/database.go:218.30,219.52 1 0
github.com/gkbiswas/hotel-reviews-microservice/internal/infrastructure/database.go:219.52,221.4 1 0
github.com/gkbiswas/hotel-reviews-microservice/internal/infrastructure/database.go:224.2,224.12 1 0
github.com/gkbiswas/hotel-reviews-microservice/internal/infrastructure/database.go:228.59,233.16 4 0
github.com/gkbiswas/hotel-reviews-microservice/internal/infrastructure/database.go:233.16,235.3 1 0
github.com/gkbiswas/hotel-reviews-microservice/internal/infrastructure/database.go:237.2,237.47 1 0
github.com/gkbiswas/hotel-reviews-microservice/internal/infrastructure/database.go:237.47,239.3 1 0
github.com/gkbiswas/hotel-reviews-microservice/internal/infrastructure/database.go:242.2,243.82 2 0
github.com/gkbiswas/hotel-reviews-microservice/internal/infrastructure/database.go:243.82,245.3 1 0
github.com/gkbiswas/hotel-reviews-microservice/internal/infrastructure/database.go:247.2,247.12 1 0
github.com/gkbiswas/hotel-reviews-microservice/internal/infrastructure/database.go:251.53,253.16 2 0
github.com/gkbiswas/hotel-reviews-microservice/internal/infrastructure/database.go:253.16,255.3 1 0
github.com/gkbiswas/hotel-reviews-microservice/internal/infrastructure/database.go:257.2,258.20 2 0
github.com/gkbiswas/hotel-reviews-microservice/internal/infrastructure/database.go:262.50,264.16 2 0
github.com/gkbiswas/hotel-reviews-microservice/internal/infrastructure/database.go:264.16,267.3 2 0
github.com/gkbiswas/hotel-reviews-microservice/internal/infrastructure/database.go:269.2,278.3 1 0
github.com/gkbiswas/hotel-reviews-microservice/internal/infrastructure/database.go:282.34,283.17 1 0
github.com/gkbiswas/hotel-reviews-microservice/internal/infrastructure/database.go:283.17,285.3 1 0
github.com/gkbiswas/hotel-reviews-microservice/internal/infrastructure/database.go:287.2,288.16 2 0
github.com/gkbiswas/hotel-reviews-microservice/internal/infrastructure/database.go:288.16,290.3 1 0
github.com/gkbiswas/hotel-reviews-microservice/internal/infrastructure/database.go:292.2,292.38 1 0
github.com/gkbiswas/hotel-reviews-microservice/internal/infrastructure/database.go:292.38,294.3 1 0
github.com/gkbiswas/hotel-reviews-microservice/internal/infrastructure/database.go:296.2,297.12 2 0
github.com/gkbiswas/hotel-reviews-microservice/internal/infrastructure/database.go:301.62,303.2 1 0
github.com/gkbiswas/hotel-reviews-microservice/internal/infrastructure/database.go:306.84,307.67 1 0
github.com/gkbiswas/hotel-reviews-microservice/internal/infrastructure/database.go:307.67,309.3 1 0
github.com/gkbiswas/hotel-reviews-microservice/internal/infrastructure/database.go:313.67,315.2 1 0
github.com/gkbiswas/hotel-reviews-microservice/internal/infrastructure/database.go:318.52,350.37 3 0
github.com/gkbiswas/hotel-reviews-microservice/internal/infrastructure/database.go:350.37,352.111 2 0
github.com/gkbiswas/hotel-reviews-microservice/internal/infrastructure/database.go:352.111,353.37 1 0
github.com/gkbiswas/hotel-reviews-microservice/internal/infrastructure/database.go:353.37,354.73 1 0
github.com/gkbiswas/hotel-reviews-microservice/internal/infrastructure/database.go:354.73,356.6 1 0
github.com/gkbiswas/hotel-reviews-microservice/internal/infrastructure/database.go:357.5,357.73 1 0
github.com/gkbiswas/hotel-reviews-microservice/internal/infrastructure/database.go:358.10,360.5 1 0
github.com/gkbiswas/hotel-reviews-microservice/internal/infrastructure/database.go:364.2,365.12 2 0
github.com/gkbiswas/hotel-reviews-microservice/internal/infrastructure/database.go:369.53,382.42 3 0
github.com/gkbiswas/hotel-reviews-microservice/internal/infrastructure/database.go:382.42,383.81 1 0
github.com/gkbiswas/hotel-reviews-microservice/internal/infrastructure/database.go:383.81,385.4 1 0
github.com/gkbiswas/hotel-reviews-microservice/internal/infrastructure/database.go:389.2,389.36 1 0
github.com/gkbiswas/hotel-reviews-microservice/internal/infrastructure/database.go:389.36,391.3 1 0
github.com/gkbiswas/hotel-reviews-microservice/internal/infrastructure/database.go:393.2,394.12 2 0
github.com/gkbiswas/hotel-reviews-microservice/internal/infrastructure/database.go:398.46,408.2 1 0
github.com/gkbiswas/hotel-reviews-microservice/internal/infrastructure/database.go:411.56,413.2 1 0
github.com/gkbiswas/hotel-reviews-microservice/internal/infrastructure/database.go:416.88,423.6 5 0
github.com/gkbiswas/hotel-reviews-microservice/internal/infrastructure/database.go:423.6,424.10 1 0
github.com/gkbiswas/hotel-reviews-microservice/internal/infrastructure/database.go:425.21,426.79 1 0
github.com/gkbiswas/hotel-reviews-microservice/internal/infrastructure/database.go:427.19,428.45 1 0
github.com/gkbiswas/hotel-reviews-microservice/internal/infrastructure/database.go:428.45,430.5 1 0
github.com/gkbiswas/hotel-reviews-microservice/internal/infrastructure/database.go:436.82,439.12 2 0
github.com/gkbiswas/hotel-reviews-microservice/internal/infrastructure/database.go:439.12,441.7 2 0
github.com/gkbiswas/hotel-reviews-microservice/internal/infrastructure/database.go:441.7,442.11 1 0
github.com/gkbiswas/hotel-reviews-microservice/internal/infrastructure/database.go:443.22,444.11 1 0
github.com/gkbiswas/hotel-reviews-microservice/internal/infrastructure/database.go:445.20,446.20 1 0
github.com/gkbiswas/hotel-reviews-microservice/internal/infrastructure/database.go:453.79,458.2 2 0
github.com/gkbiswas/hotel-reviews-microservice/internal/infrastructure/database.go:461.80,466.2 2 0
github.com/gkbiswas/hotel-reviews-microservice/internal/infrastructure/jsonlines.go:116.108,130.2 2 0
github.com/gkbiswas/hotel-reviews-microservice/internal/infrastructure/jsonlines.go:133.133,158.36 11 0
github.com/gkbiswas/hotel-reviews-microservice/internal/infrastructure/jsonlines.go:158.36,161.3 2 0
github.com/gkbiswas/hotel-reviews-microservice/internal/infrastructure/jsonlines.go:164.2,171.21 5 0
github.com/gkbiswas/hotel-reviews-microservice/internal/infrastructure/jsonlines.go:171.21,176.17 3 0
github.com/gkbiswas/hotel-reviews-microservice/internal/infrastructure/jsonlines.go:176.17,178.12 2 0
github.com/gkbiswas/hotel-reviews-microservice/internal/infrastructure/jsonlines.go:182.3,182.22 1 0
github.com/gkbiswas/hotel-reviews-microservice/internal/infrastructure/jsonlines.go:182.22,184.4 1 0
github.com/gkbiswas/hotel-reviews-microservice/internal/infrastructure/jsonlines.go:185.3,188.32 2 0
github.com/gkbiswas/hotel-reviews-microservice/internal/infrastructure/jsonlines.go:188.32,189.11 1 0
github.com/gkbiswas/hotel-reviews-microservice/internal/infrastructure/jsonlines.go:194.6,195.43 1 0
github.com/gkbiswas/hotel-reviews-microservice/internal/infrastructure/jsonlines.go:196.22,198.21 2 0
github.com/gkbiswas/hotel-reviews-microservice/internal/infrastructure/jsonlines.go:204.2,204.20 1 0
github.com/gkbiswas/hotel-reviews-microservice/internal/infrastructure/jsonlines.go:204.20,205.10 1 0
github.com/gkbiswas/hotel-reviews-microservice/internal/infrastructure/jsonlines.go:210.5,210.5 0 0
github.com/gkbiswas/hotel-reviews-microservice/internal/infrastructure/jsonlines.go:211.21,213.20 2 0
github.com/gkbiswas/hotel-reviews-microservice/internal/infrastructure/jsonlines.go:218.2,218.38 1 0
github.com/gkbiswas/hotel-reviews-microservice/internal/infrastructure/jsonlines.go:218.38,221.3 2 0
github.com/gkbiswas/hotel-reviews-microservice/internal/infrastructure/jsonlines.go:223.2,247.12 9 0
github.com/gkbiswas/hotel-reviews-microservice/internal/infrastructure/jsonlines.go:251.141,254.31 2 0
github.com/gkbiswas/hotel-reviews-microservice/internal/infrastructure/jsonlines.go:254.31,257.10 2 0
github.com/gkbiswas/hotel-reviews-microservice/internal/infrastructure/jsonlines.go:258.29,258.29 0 0
github.com/gkbiswas/hotel-reviews-microservice/internal/infrastructure/jsonlines.go:259.21,260.10 1 0
github.com/gkbiswas/hotel-reviews-microservice/internal/infrastructure/jsonlines.go:266.97,277.35 4 0
github.com/gkbiswas/hotel-reviews-microservice/internal/infrastructure/jsonlines.go:277.35,281.17 3 0
github.com/gkbiswas/hotel-reviews-microservice/internal/infrastructure/jsonlines.go:281.17,287.12 2 0
github.com/gkbiswas/hotel-reviews-microservice/internal/infrastructure/jsonlines.go:290.3,293.19 2 0
github.com/gkbiswas/hotel-reviews-microservice/internal/infrastructure/jsonlines.go:293.19,294.50 1 0
github.com/gkbiswas/hotel-reviews-microservice/internal/infrastructure/jsonlines.go:294.50,296.5 1 0
github.com/gkbiswas/hotel-reviews-microservice/internal/infrastructure/jsonlines.go:300.3,300.46 1 0
github.com/gkbiswas/hotel-reviews-microservice/internal/infrastructure/jsonlines.go:300.46,301.57 1 0
github.com/gkbiswas/hotel-reviews-microservice/internal/infrastructure/jsonlines.go:301.57,303.5 1 0
github.com/gkbiswas/hotel-reviews-microservice/internal/infrastructure/jsonlines.go:308.2,308.33 1 0
github.com/gkbiswas/hotel-reviews-microservice/internal/infrastructure/jsonlines.go:308.33,310.3 1 0
github.com/gkbiswas/hotel-reviews-microservice/internal/infrastructure/jsonlines.go:311.2,311.39 1 0
github.com/gkbiswas/hotel-reviews-microservice/internal/infrastructure/jsonlines.go:311.39,313.3 1 0
github.com/gkbiswas/hotel-reviews-microservice/internal/infrastructure/jsonlines.go:315.2,315.15 1 0
github.com/gkbiswas/hotel-reviews-microservice/internal/infrastructure/jsonlines.go:319.151,320.33 1 0
github.com/gkbiswas/hotel-reviews-microservice/internal/infrastructure/jsonlines.go:320.33,322.29 1 0
github.com/gkbiswas/hotel-reviews-microservice/internal/infrastructure/jsonlines.go:322.29,323.40 1 0
github.com/gkbiswas/hotel-reviews-microservice/internal/infrastructure/jsonlines.go:323.40,324.65 1 0
github.com/gkbiswas/hotel-reviews-microservice/internal/infrastructure/jsonlines.go:324.65,329.6 1 0
github.com/gkbiswas/hotel-reviews-microservice/internal/infrastructure/jsonlines.go:334.3,334.35 1 0
github.com/gkbiswas/hotel-reviews-microservice/internal/infrastructure/jsonlines.go:334.35,335.49 1 0
github.com/gkbiswas/hotel-reviews-microservice/internal/infrastructure/jsonlines.go:335.49,336.75 1 0
github.com/gkbiswas/hotel-reviews-microservice/internal/infrastructure/jsonlines.go:336.75,341.6 1 0
github.com/gkbiswas/hotel-reviews-microservice/internal/infrastructure/jsonlines.go:346.3,346.30 1 0
github.com/gkbiswas/hotel-reviews-microservice/internal/infrastructure/jsonlines.go:346.30,347.72 1 0
github.com/gkbiswas/hotel-reviews-microservice/internal/infrastructure/jsonlines.go:347.72,353.5 2 0
github.com/gkbiswas/hotel-reviews-microservice/internal/infrastructure/jsonlines.go:353.10,355.5 1 0
github.com/gkbiswas/hotel-reviews-microservice/internal/infrastructure/jsonlines.go:359.3,359.29 1 0
github.com/gkbiswas/hotel-reviews-microservice/internal/infrastructure/jsonlines.go:359.29,360.44 1 0
github.com/gkbiswas/hotel-reviews-microservice/internal/infrastructure/jsonlines.go:360.44,365.5 1 0
github.com/gkbiswas/hotel-reviews-microservice/internal/infrastructure/jsonlines.go:366.4,366.49 1 0
github.com/gkbiswas/hotel-reviews-microservice/internal/infrastructure/jsonlines.go:370.3,370.125 1 0
github.com/gkbiswas/hotel-reviews-microservice/internal/infrastructure/jsonlines.go:370.125,372.4 1 0
github.com/gkbiswas/hotel-reviews-microservice/internal/infrastructure/jsonlines.go:377.157,379.66 2 0
github.com/gkbiswas/hotel-reviews-microservice/internal/infrastructure/jsonlines.go:379.66,381.3 1 0
github.com/gkbiswas/hotel-reviews-microservice/internal/infrastructure/jsonlines.go:384.2,384.68 1 0
github.com/gkbiswas/hotel-reviews-microservice/internal/infrastructure/jsonlines.go:384.68,386.3 1 0
github.com/gkbiswas/hotel-reviews-microservice/internal/infrastructure/jsonlines.go:389.2,390.16 2 0
github.com/gkbiswas/hotel-reviews-microservice/internal/infrastructure/jsonlines.go:390.16,392.3 1 0
github.com/gkbiswas/hotel-reviews-microservice/internal/infrastructure/jsonlines.go:395.2,396.16 2 0
github.com/gkbiswas/hotel-reviews-microservice/internal/infrastructure/jsonlines.go:396.16,399.3 2 0
github.com/gkbiswas/hotel-reviews-microservice/internal/infrastructure/jsonlines.go:402.2,403.16 2 0
github.com/gkbiswas/hotel-reviews-microservice/internal/infrastructure/jsonlines.go:403.16,406.3 2 0
github.com/gkbiswas/hotel-reviews-microservice/internal/infrastructure/jsonlines.go:408.2,408.37 1 0
github.com/gkbiswas/hotel-reviews-microservice/internal/infrastructure/jsonlines.go:412.133,415.16 2 0
github.com/gkbiswas/hotel-reviews-microservice/internal/infrastructure/jsonlines.go:415.16,417.3 1 0
github.com/gkbiswas/hotel-reviews-microservice/internal/infrastructure/jsonlines.go:420.2,421.16 2 0
github.com/gkbiswas/hotel-reviews-microservice/internal/infrastructure/jsonlines.go:421.16,423.3 1 0
github.com/gkbiswas/hotel-reviews-microservice/internal/infrastructure/jsonlines.go:426.2,427.16 2 0
github.com/gkbiswas/hotel-reviews-microservice/internal/infrastructure/jsonlines.go:427.16,430.3 1 0
github.com/gkbiswas/hotel-reviews-microservice/internal/infrastructure/jsonlines.go:433.2,434.36 2 0
github.com/gkbiswas/hotel-reviews-microservice/internal/infrastructure/jsonlines.go:434.36,436.3 1 0
github.com/gkbiswas/hotel-reviews-microservice/internal/infrastructure/jsonlines.go:438.2,454.31 2 0
github.com/gkbiswas/hotel-reviews-microservice/internal/infrastructure/jsonlines.go:454.31,455.68 1 0
github.com/gkbiswas/hotel-reviews-microservice/internal/infrastructure/jsonlines.go:455.68,457.4 1 0
github.com/gkbiswas/hotel-reviews-microservice/internal/infrastructure/jsonlines.go:460.2,460.31 1 0
github.com/gkbiswas/hotel-reviews-microservice/internal/infrastructure/jsonlines.go:460.31,462.3 1 0
github.com/gkbiswas/hotel-reviews-microservice/internal/infrastructure/jsonlines.go:464.2,464.31 1 0
github.com/gkbiswas/hotel-reviews-microservice/internal/infrastructure/jsonlines.go:464.31,466.3 1 0
github.com/gkbiswas/hotel-reviews-microservice/internal/infrastructure/jsonlines.go:468.2,468.71 1 0
github.com/gkbiswas/hotel-reviews-microservice/internal/infrastructure/jsonlines.go:468.71,470.3 1 0
github.com/gkbiswas/hotel-reviews-microservice/internal/infrastructure/jsonlines.go:472.2,472.74 1 0
github.com/gkbiswas/hotel-reviews-microservice/internal/infrastructure/jsonlines.go:472.74,474.3 1 0
github.com/gkbiswas/hotel-reviews-microservice/internal/infrastructure/jsonlines.go:476.2,476.70 1 0
github.com/gkbiswas/hotel-reviews-microservice/internal/infrastructure/jsonlines.go:476.70,478.3 1 0
github.com/gkbiswas/hotel-reviews-microservice/internal/infrastructure/jsonlines.go:481.2,481.78 1 0
github.com/gkbiswas/hotel-reviews-microservice/internal/infrastructure/jsonlines.go:481.78,483.3 1 0
github.com/gkbiswas/hotel-reviews-microservice/internal/infrastructure/jsonlines.go:485.2,485.86 1 0
github.com/gkbiswas/hotel-reviews-microservice/internal/infrastructure/jsonlines.go:485.86,487.3 1 0
github.com/gkbiswas/hotel-reviews-microservice/internal/infrastructure/jsonlines.go:489.2,489.80 1 0
github.com/gkbiswas/hotel-reviews-microservice/internal/infrastructure/jsonlines.go:489.80,491.3 1 0
github.com/gkbiswas/hotel-reviews-microservice/internal/infrastructure/jsonlines.go:493.2,493.74 1 0
github.com/gkbiswas/hotel-reviews-microservice/internal/infrastructure/jsonlines.go:493.74,495.3 1 0
github.com/gkbiswas/hotel-reviews-microservice/internal/infrastructure/jsonlines.go:497.2,497.78 1 0
github.com/gkbiswas/hotel-reviews-microservice/internal/infrastructure/jsonlines.go:497.78,499.3 1 0
github.com/gkbiswas/hotel-reviews-microservice/internal/infrastructure/jsonlines.go:501.2,501.84 1 0
github.com/gkbiswas/hotel-reviews-microservice/internal/infrastructure/jsonlines.go:501.84,503.3 1 0
github.com/gkbiswas/hotel-reviews-microservice/internal/infrastructure/jsonlines.go:505.2,505.20 1 0
github.com/gkbiswas/hotel-reviews-microservice/internal/infrastructure/jsonlines.go:509.109,511.16 2 0
github.com/gkbiswas/hotel-reviews-microservice/internal/infrastructure/jsonlines.go:511.16,513.3 1 0
github.com/gkbiswas/hotel-reviews-microservice/internal/infrastructure/jsonlines.go:515.2,528.75 2 0
github.com/gkbiswas/hotel-reviews-microservice/internal/infrastructure/jsonlines.go:528.75,530.3 1 0
github.com/gkbiswas/hotel-reviews-microservice/internal/infrastructure/jsonlines.go:532.2,532.73 1 0
github.com/gkbiswas/hotel-reviews-microservice/internal/infrastructure/jsonlines.go:532.73,534.3 1 0
github.com/gkbiswas/hotel-reviews-microservice/internal/infrastructure/jsonlines.go:536.2,536.75 1 0
github.com/gkbiswas/hotel-reviews-microservice/internal/infrastructure/jsonlines.go:536.75,538.3 1 0
github.com/gkbiswas/hotel-reviews-microservice/internal/infrastructure/jsonlines.go:540.2,540.19 1 0
github.com/gkbiswas/hotel-reviews-microservice/internal/infrastructure/jsonlines.go:544.123,545.36 1 0
github.com/gkbiswas/hotel-reviews-microservice/internal/infrastructure/jsonlines.go:545.36,547.3 1 0
github.com/gkbiswas/hotel-reviews-microservice/internal/infrastructure/jsonlines.go:549.2,558.22 3 0
github.com/gkbiswas/hotel-reviews-microservice/internal/infrastructure/jsonlines.go:562.88,567.40 3 0
github.com/gkbiswas/hotel-reviews-microservice/internal/infrastructure/jsonlines.go:567.40,571.17 3 0
github.com/gkbiswas/hotel-reviews-microservice/internal/infrastructure/jsonlines.go:571.17,572.12 1 0
github.com/gkbiswas/hotel-reviews-microservice/internal/infrastructure/jsonlines.go:575.3,576.67 2 0
github.com/gkbiswas/hotel-reviews-microservice/internal/infrastructure/jsonlines.go:576.67,578.4 1 0
github.com/gkbiswas/hotel-reviews-microservice/internal/infrastructure/jsonlines.go:580.3,580.69 1 0
github.com/gkbiswas/hotel-reviews-microservice/internal/infrastructure/jsonlines.go:580.69,582.4 1 0
github.com/gkbiswas/hotel-reviews-microservice/internal/infrastructure/jsonlines.go:585.2,585.22 1 0
github.com/gkbiswas/hotel-reviews-microservice/internal/infrastructure/jsonlines.go:589.95,593.21 3 0
github.com/gkbiswas/hotel-reviews-microservice/internal/infrastructure/jsonlines.go:593.21,595.17 2 0
github.com/gkbiswas/hotel-reviews-microservice/internal/infrastructure/jsonlines.go:595.17,597.4 1 0
github.com/gkbiswas/hotel-reviews-microservice/internal/infrastructure/jsonlines.go:600.2,600.29 1 0
github.com/gkbiswas/hotel-reviews-microservice/internal/infrastructure/jsonlines.go:604.126,606.62 2 0
github.com/gkbiswas/hotel-reviews-microservice/internal/infrastructure/jsonlines.go:606.62,608.3 1 0
github.com/gkbiswas/hotel-reviews-microservice/internal/infrastructure/jsonlines.go:610.2,610.68 1 0
github.com/gkbiswas/hotel-reviews-microservice/internal/infrastructure/jsonlines.go:610.68,612.3 1 0
github.com/gkbiswas/hotel-reviews-microservice/internal/infrastructure/jsonlines.go:614.2,615.20 2 0
github.com/gkbiswas/hotel-reviews-microservice/internal/infrastructure/jsonlines.go:619.102,621.62 2 0
github.com/gkbiswas/hotel-reviews-microservice/internal/infrastructure/jsonlines.go:621.62,623.3 1 0
github.com/gkbiswas/hotel-reviews-microservice/internal/infrastructure/jsonlines.go:625.2,625.39 1 0
github.com/gkbiswas/hotel-reviews-microservice/internal/infrastructure/jsonlines.go:629.116,631.62 2 0
github.com/gkbiswas/hotel-reviews-microservice/internal/infrastructure/jsonlines.go:631.62,633.3 1 0
github.com/gkbiswas/hotel-reviews-microservice/internal/infrastructure/jsonlines.go:635.2,635.46 1 0
github.com/gkbiswas/hotel-reviews-microservice/internal/infrastructure/jsonlines.go:639.95,640.48 1 0
github.com/gkbiswas/hotel-reviews-microservice/internal/infrastructure/jsonlines.go:640.48,642.3 1 0
github.com/gkbiswas/hotel-reviews-microservice/internal/infrastructure/jsonlines.go:644.2,644.26 1 0
github.com/gkbiswas/hotel-reviews-microservice/internal/infrastructure/jsonlines.go:644.26,646.3 1 0
github.com/gkbiswas/hotel-reviews-microservice/internal/infrastructure/jsonlines.go:648.2,648.53 1 0
github.com/gkbiswas/hotel-reviews-microservice/internal/infrastructure/jsonlines.go:648.53,650.3 1 0
github.com/gkbiswas/hotel-reviews-microservice/internal/infrastructure/jsonlines.go:652.2,652.71 1 0
github.com/gkbiswas/hotel-reviews-microservice/internal/infrastructure/jsonlines.go:652.71,654.3 1 0
github.com/gkbiswas/hotel-reviews-microservice/internal/infrastructure/jsonlines.go:656.2,656.12 1 0
github.com/gkbiswas/hotel-reviews-microservice/internal/infrastructure/jsonlines.go:660.92,661.22 1 0
github.com/gkbiswas/hotel-reviews-microservice/internal/infrastructure/jsonlines.go:661.22,663.3 1 0
github.com/gkbiswas/hotel-reviews-microservice/internal/infrastructure/jsonlines.go:665.2,665.50 1 0
github.com/gkbiswas/hotel-reviews-microservice/internal/infrastructure/jsonlines.go:665.50,667.3 1 0
github.com/gkbiswas/hotel-reviews-microservice/internal/infrastructure/jsonlines.go:669.2,669.12 1 0
github.com/gkbiswas/hotel-reviews-microservice/internal/infrastructure/jsonlines.go:673.113,674.30 1 0
github.com/gkbiswas/hotel-reviews-microservice/internal/infrastructure/jsonlines.go:674.30,676.3 1 0
github.com/gkbiswas/hotel-reviews-microservice/internal/infrastructure/jsonlines.go:678.2,678.12 1 0
github.com/gkbiswas/hotel-reviews-microservice/internal/infrastructure/jsonlines.go:682.95,684.2 1 0
github.com/gkbiswas/hotel-reviews-microservice/internal/infrastructure/jsonlines.go:687.49,689.2 1 0
github.com/gkbiswas/hotel-reviews-microservice/internal/infrastructure/jsonlines.go:692.53,694.2 1 0
github.com/gkbiswas/hotel-reviews-microservice/internal/infrastructure/jsonlines.go:697.76,698.41 1 0
github.com/gkbiswas/hotel-reviews-microservice/internal/infrastructure/jsonlines.go:698.41,699.65 1 0
github.com/gkbiswas/hotel-reviews-microservice/internal/infrastructure/jsonlines.go:699.65,701.4 1 0
github.com/gkbiswas/hotel-reviews-microservice/internal/infrastructure/jsonlines.go:704.2,704.12 1 0
github.com/gkbiswas/hotel-reviews-microservice/internal/infrastructure/jsonlines.go:707.90,708.15 1 0
github.com/gkbiswas/hotel-reviews-microservice/internal/infrastructure/jsonlines.go:709.12,710.26 1 0
github.com/gkbiswas/hotel-reviews-microservice/internal/infrastructure/jsonlines.go:710.26,712.4 1 0
github.com/gkbiswas/hotel-reviews-microservice/internal/infrastructure/jsonlines.go:713.18,714.31 1 0
github.com/gkbiswas/hotel-reviews-microservice/internal/infrastructure/jsonlines.go:714.31,716.4 1 0
github.com/gkbiswas/hotel-reviews-microservice/internal/infrastructure/jsonlines.go:717.20,718.33 1 0
github.com/gkbiswas/hotel-reviews-microservice/internal/infrastructure/jsonlines.go:718.33,720.4 1 0
github.com/gkbiswas/hotel-reviews-microservice/internal/infrastructure/jsonlines.go:721.16,722.31 1 0
github.com/gkbiswas/hotel-reviews-microservice/internal/infrastructure/jsonlines.go:722.31,724.4 1 0
github.com/gkbiswas/hotel-reviews-microservice/internal/infrastructure/jsonlines.go:725.17,726.31 1 0
github.com/gkbiswas/hotel-reviews-microservice/internal/infrastructure/jsonlines.go:726.31,728.4 1 0
github.com/gkbiswas/hotel-reviews-microservice/internal/infrastructure/jsonlines.go:729.21,730.34 1 0
github.com/gkbiswas/hotel-reviews-microservice/internal/infrastructure/jsonlines.go:730.34,732.4 1 0
github.com/gkbiswas/hotel-reviews-microservice/internal/infrastructure/jsonlines.go:735.2,735.12 1 0
github.com/gkbiswas/hotel-reviews-microservice/internal/infrastructure/jsonlines.go:739.77,740.18 1 0
github.com/gkbiswas/hotel-reviews-microservice/internal/infrastructure/jsonlines.go:740.18,742.3 1 0
github.com/gkbiswas/hotel-reviews-microservice/internal/infrastructure/jsonlines.go:744.2,744.27 1 0
github.com/gkbiswas/hotel-reviews-microservice/internal/infrastructure/jsonlines.go:745.15,746.16 1 0
github.com/gkbiswas/hotel-reviews-microservice/internal/infrastructure/jsonlines.go:747.15,748.25 1 0
github.com/gkbiswas/hotel-reviews-microservice/internal/infrastructure/jsonlines.go:749.11,750.25 1 0
github.com/gkbiswas/hotel-reviews-microservice/internal/infrastructure/jsonlines.go:751.13,752.25 1 0
github.com/gkbiswas/hotel-reviews-microservice/internal/infrastructure/jsonlines.go:753.14,754.35 1 0
github.com/gkbiswas/hotel-reviews-microservice/internal/infrastructure/jsonlines.go:755.10,756.58 1 0
github.com/gkbiswas/hotel-reviews-microservice/internal/infrastructure/jsonlines.go:760.71,761.18 1 0
github.com/gkbiswas/hotel-reviews-microservice/internal/infrastructure/jsonlines.go:761.18,763.3 1 0
github.com/gkbiswas/hotel-reviews-microservice/internal/infrastructure/jsonlines.go:765.2,765.27 1 0
github.com/gkbiswas/hotel-reviews-microservice/internal/infrastructure/jsonlines.go:766.11,767.16 1 0
github.com/gkbiswas/hotel-reviews-microservice/internal/infrastructure/jsonlines.go:768.13,769.21 1 0
github.com/gkbiswas/hotel-reviews-microservice/internal/infrastructure/jsonlines.go:770.15,771.21 1 0
github.com/gkbiswas/hotel-reviews-microservice/internal/infrastructure/jsonlines.go:772.15,773.21 1 0
github.com/gkbiswas/hotel-reviews-microservice/internal/infrastructure/jsonlines.go:774.14,775.25 1 0
github.com/gkbiswas/hotel-reviews-microservice/internal/infrastructure/jsonlines.go:776.10,777.54 1 0
github.com/gkbiswas/hotel-reviews-microservice/internal/infrastructure/jsonlines.go:781.73,782.18 1 0
github.com/gkbiswas/hotel-reviews-microservice/internal/infrastructure/jsonlines.go:782.18,784.3 1 0
github.com/gkbiswas/hotel-reviews-microservice/internal/infrastructure/jsonlines.go:786.2,786.27 1 0
github.com/gkbiswas/hotel-reviews-microservice/internal/infrastructure/jsonlines.go:787.12,788.16 1 0
github.com/gkbiswas/hotel-reviews-microservice/internal/infrastructure/jsonlines.go:789.14,790.30 1 0
github.com/gkbiswas/hotel-reviews-microservice/internal/infrastructure/jsonlines.go:791.11,792.21 1 0
github.com/gkbiswas/hotel-reviews-microservice/internal/infrastructure/jsonlines.go:793.15,794.21 1 0
github.com/gkbiswas/hotel-reviews-microservice/internal/infrastructure/jsonlines.go:795.10,796.59 1 0
github.com/gkbiswas/hotel-reviews-microservice/internal/infrastructure/jsonlines.go:800.75,801.19 1 0
github.com/gkbiswas/hotel-reviews-microservice/internal/infrastructure/jsonlines.go:801.19,803.3 1 0
github.com/gkbiswas/hotel-reviews-microservice/internal/infrastructure/jsonlines.go:806.2,816.33 2 0
github.com/gkbiswas/hotel-reviews-microservice/internal/infrastructure/jsonlines.go:816.33,817.56 1 0
github.com/gkbiswas/hotel-reviews-microservice/internal/infrastructure/jsonlines.go:817.56,819.4 1 0
github.com/gkbiswas/hotel-reviews-microservice/internal/infrastructure/jsonlines.go:822.2,822.66 1 0
github.com/gkbiswas/hotel-reviews-microservice/internal/infrastructure/jsonlines.go:825.84,826.17 1 0
github.com/gkbiswas/hotel-reviews-microservice/internal/infrastructure/jsonlines.go:826.17,828.3 1 0
github.com/gkbiswas/hotel-reviews-microservice/internal/infrastructure/jsonlines.go:829.2,829.14 1 0
github.com/gkbiswas/hotel-reviews-microservice/internal/infrastructure/repository.go:24.87,29.2 1 0
github.com/gkbiswas/hotel-reviews-microservice/internal/infrastructure/repository.go:32.92,33.23 1 0
github.com/gkbiswas/hotel-reviews-microservice/internal/infrastructure/repository.go:33.23,35.3 1 0
github.com/gkbiswas/hotel-reviews-microservice/internal/infrastructure/repository.go:37.2,40.55 2 0
github.com/gkbiswas/hotel-reviews-microservice/internal/infrastructure/repository.go:40.55,43.48 2 0
github.com/gkbiswas/hotel-reviews-microservice/internal/infrastructure/repository.go:43.48,45.26 2 0
github.com/gkbiswas/hotel-reviews-microservice/internal/infrastructure/repository.go:45.26,47.5 1 0
github.com/gkbiswas/hotel-reviews-microservice/internal/infrastructure/repository.go:49.4,55.40 2 0
github.com/gkbiswas/hotel-reviews-microservice/internal/infrastructure/repository.go:55.40,57.5 1 0
github.com/gkbiswas/hotel-reviews-microservice/internal/infrastructure/repository.go:60.3,60.13 1 0
github.com/gkbiswas/hotel-reviews-microservice/internal/infrastructure/repository.go:63.2,63.16 1 0
github.com/gkbiswas/hotel-reviews-microservice/internal/infrastructure/repository.go:63.16,69.3 2 0
github.com/gkbiswas/hotel-reviews-microservice/internal/infrastructure/repository.go:71.2,77.12 3 0
github.com/gkbiswas/hotel-reviews-microservice/internal/infrastructure/repository.go:80.95,89.16 3 0
github.com/gkbiswas/hotel-reviews-microservice/internal/infrastructure/repository.go:89.16,90.36 1 0
github.com/gkbiswas/hotel-reviews-microservice/internal/infrastructure/repository.go:90.36,92.4 1 0
github.com/gkbiswas/hotel-reviews-microservice/internal/infrastructure/repository.go:93.3,93.64 1 0
github.com/gkbiswas/hotel-reviews-microservice/internal/infrastructure/repository.go:96.2,96.21 1 0
github.com/gkbiswas/hotel-reviews-microservice/internal/infrastructure/repository.go:99.129,112.16 3 0
github.com/gkbiswas/hotel-reviews-microservice/internal/infrastructure/repository.go:112.16,114.3 1 0
github.com/gkbiswas/hotel-reviews-microservice/internal/infrastructure/repository.go:116.2,116.21 1 0
github.com/gkbiswas/hotel-reviews-microservice/internal/infrastructure/repository.go:119.123,132.16 3 0
github.com/gkbiswas/hotel-reviews-microservice/internal/infrastructure/repository.go:132.16,134.3 1 0
github.com/gkbiswas/hotel-reviews-microservice/internal/infrastructure/repository.go:136.2,136.21 1 0
github.com/gkbiswas/hotel-reviews-microservice/internal/infrastructure/repository.go:139.138,152.16 3 0
github.com/gkbiswas/hotel-reviews-microservice/internal/infrastructure/repository.go:152.16,154.3 1 0
github.com/gkbiswas/hotel-reviews-microservice/internal/infrastructure/repository.go:156.2,156.21 1 0
github.com/gkbiswas/hotel-reviews-microservice/internal/infrastructure/repository.go:159.97,165.25 2 0
github.com/gkbiswas/hotel-reviews-microservice/internal/infrastructure/repository.go:165.25,167.3 1 0
github.com/gkbiswas/hotel-reviews-microservice/internal/infrastructure/repository.go:169.2,169.30 1 0
github.com/gkbiswas/hotel-reviews-microservice/internal/infrastructure/repository.go:169.30,171.3 1 0
github.com/gkbiswas/hotel-reviews-microservice/internal/infrastructure/repository.go:173.2,173.12 1 0
github.com/gkbiswas/hotel-reviews-microservice/internal/infrastructure/repository.go:176.80,179.25 2 0
github.com/gkbiswas/hotel-reviews-microservice/internal/infrastructure/repository.go:179.25,181.3 1 0
github.com/gkbiswas/hotel-reviews-microservice/internal/infrastructure/repository.go:183.2,183.30 1 0
github.com/gkbiswas/hotel-reviews-microservice/internal/infrastructure/repository.go:183.30,185.3 1 0
github.com/gkbiswas/hotel-reviews-microservice/internal/infrastructure/repository.go:187.2,187.12 1 0
github.com/gkbiswas/hotel-reviews-microservice/internal/infrastructure/repository.go:190.146,199.17 3 0
github.com/gkbiswas/hotel-reviews-microservice/internal/infrastructure/repository.go:199.17,201.3 1 0
github.com/gkbiswas/hotel-reviews-microservice/internal/infrastructure/repository.go:204.2,204.34 1 0
github.com/gkbiswas/hotel-reviews-microservice/internal/infrastructure/repository.go:204.34,205.14 1 0
github.com/gkbiswas/hotel-reviews-microservice/internal/infrastructure/repository.go:206.17,207.38 1 0
github.com/gkbiswas/hotel-reviews-microservice/internal/infrastructure/repository.go:208.21,209.39 1 0
github.com/gkbiswas/hotel-reviews-microservice/internal/infrastructure/repository.go:210.21,211.39 1 0
github.com/gkbiswas/hotel-reviews-microservice/internal/infrastructure/repository.go:212.22,213.43 1 0
github.com/gkbiswas/hotel-reviews-microservice/internal/infrastructure/repository.go:214.19,215.40 1 0
github.com/gkbiswas/hotel-reviews-microservice/internal/infrastructure/repository.go:216.19,217.40 1 0
github.com/gkbiswas/hotel-reviews-microservice/internal/infrastructure/repository.go:218.20,219.41 1 0
github.com/gkbiswas/hotel-reviews-microservice/internal/infrastructure/repository.go:220.22,221.43 1 0
github.com/gkbiswas/hotel-reviews-microservice/internal/infrastructure/repository.go:222.21,223.44 1 0
github.com/gkbiswas/hotel-reviews-microservice/internal/infrastructure/repository.go:224.19,225.44 1 0
github.com/gkbiswas/hotel-reviews-microservice/internal/infrastructure/repository.go:229.2,234.16 2 0
github.com/gkbiswas/hotel-reviews-microservice/internal/infrastructure/repository.go:234.16,236.3 1 0
github.com/gkbiswas/hotel-reviews-microservice/internal/infrastructure/repository.go:238.2,238.21 1 0
github.com/gkbiswas/hotel-reviews-microservice/internal/infrastructure/repository.go:241.110,247.34 3 0
github.com/gkbiswas/hotel-reviews-microservice/internal/infrastructure/repository.go:247.34,248.14 1 0
github.com/gkbiswas/hotel-reviews-microservice/internal/infrastructure/repository.go:249.17,250.38 1 0
github.com/gkbiswas/hotel-reviews-microservice/internal/infrastructure/repository.go:251.21,252.39 1 0
github.com/gkbiswas/hotel-reviews-microservice/internal/infrastructure/repository.go:253.21,254.39 1 0
github.com/gkbiswas/hotel-reviews-microservice/internal/infrastructure/repository.go:255.22,256.43 1 0
github.com/gkbiswas/hotel-reviews-microservice/internal/infrastructure/repository.go:257.19,258.40 1 0
github.com/gkbiswas/hotel-reviews-microservice/internal/infrastructure/repository.go:259.19,260.40 1 0
github.com/gkbiswas/hotel-reviews-microservice/internal/infrastructure/repository.go:261.20,262.41 1 0
github.com/gkbiswas/hotel-reviews-microservice/internal/infrastructure/repository.go:263.22,264.43 1 0
github.com/gkbiswas/hotel-reviews-microservice/internal/infrastructure/repository.go:265.21,266.44 1 0
github.com/gkbiswas/hotel-reviews-microservice/internal/infrastructure/repository.go:267.19,268.44 1 0
github.com/gkbiswas/hotel-reviews-microservice/internal/infrastructure/repository.go:272.2,273.16 2 0
github.com/gkbiswas/hotel-reviews-microservice/internal/infrastructure/repository.go:273.16,275.3 1 0
github.com/gkbiswas/hotel-reviews-microservice/internal/infrastructure/repository.go:277.2,277.19 1 0
github.com/gkbiswas/hotel-reviews-microservice/internal/infrastructure/repository.go:281.88,283.16 2 0
github.com/gkbiswas/hotel-reviews-microservice/internal/infrastructure/repository.go:283.16,285.3 1 0
github.com/gkbiswas/hotel-reviews-microservice/internal/infrastructure/repository.go:287.2,288.12 2 0
github.com/gkbiswas/hotel-reviews-microservice/internal/infrastructure/repository.go:291.99,295.16 3 0
github.com/gkbiswas/hotel-reviews-microservice/internal/infrastructure/repository.go:295.16,296.36 1 0
github.com/gkbiswas/hotel-reviews-microservice/internal/infrastructure/repository.go:296.36,298.4 1 0
github.com/gkbiswas/hotel-reviews-microservice/internal/infrastructure/repository.go:299.3,299.63 1 0
github.com/gkbiswas/hotel-reviews-microservice/internal/infrastructure/repository.go:302.2,302.20 1 0
github.com/gkbiswas/hotel-reviews-microservice/internal/infrastructure/repository.go:305.100,309.16 3 0
github.com/gkbiswas/hotel-reviews-microservice/internal/infrastructure/repository.go:309.16,310.36 1 0
github.com/gkbiswas/hotel-reviews-microservice/internal/infrastructure/repository.go:310.36,312.4 1 0
github.com/gkbiswas/hotel-reviews-microservice/internal/infrastructure/repository.go:313.3,313.65 1 0
github.com/gkbiswas/hotel-reviews-microservice/internal/infrastructure/repository.go:316.2,316.20 1 0
github.com/gkbiswas/hotel-reviews-microservice/internal/infrastructure/repository.go:319.88,321.16 2 0
github.com/gkbiswas/hotel-reviews-microservice/internal/infrastructure/repository.go:321.16,323.3 1 0
github.com/gkbiswas/hotel-reviews-microservice/internal/infrastructure/repository.go:325.2,326.12 2 0
github.com/gkbiswas/hotel-reviews-microservice/internal/infrastructure/repository.go:329.81,332.25 2 0
github.com/gkbiswas/hotel-reviews-microservice/internal/infrastructure/repository.go:332.25,334.3 1 0
github.com/gkbiswas/hotel-reviews-microservice/internal/infrastructure/repository.go:336.2,336.30 1 0
github.com/gkbiswas/hotel-reviews-microservice/internal/infrastructure/repository.go:336.30,338.3 1 0
github.com/gkbiswas/hotel-reviews-microservice/internal/infrastructure/repository.go:340.2,340.12 1 0
github.com/gkbiswas/hotel-reviews-microservice/internal/infrastructure/repository.go:343.103,352.16 3 0
github.com/gkbiswas/hotel-reviews-microservice/internal/infrastructure/repository.go:352.16,354.3 1 0
github.com/gkbiswas/hotel-reviews-microservice/internal/infrastructure/repository.go:356.2,356.20 1 0
github.com/gkbiswas/hotel-reviews-microservice/internal/infrastructure/repository.go:360.97,362.16 2 0
github.com/gkbiswas/hotel-reviews-microservice/internal/infrastructure/repository.go:362.16,364.3 1 0
github.com/gkbiswas/hotel-reviews-microservice/internal/infrastructure/repository.go:366.2,367.12 2 0
github.com/gkbiswas/hotel-reviews-microservice/internal/infrastructure/repository.go:370.105,374.16 3 0
github.com/gkbiswas/hotel-reviews-microservice/internal/infrastructure/repository.go:374.16,375.36 1 0
github.com/gkbiswas/hotel-reviews-microservice/internal/infrastructure/repository.go:375.36,377.4 1 0
github.com/gkbiswas/hotel-reviews-microservice/internal/infrastructure/repository.go:378.3,378.66 1 0
github.com/gkbiswas/hotel-reviews-microservice/internal/infrastructure/repository.go:381.2,381.23 1 0
github.com/gkbiswas/hotel-reviews-microservice/internal/infrastructure/repository.go:384.106,388.16 3 0
github.com/gkbiswas/hotel-reviews-microservice/internal/infrastructure/repository.go:388.16,389.36 1 0
github.com/gkbiswas/hotel-reviews-microservice/internal/infrastructure/repository.go:389.36,391.4 1 0
github.com/gkbiswas/hotel-reviews-microservice/internal/infrastructure/repository.go:392.3,392.68 1 0
github.com/gkbiswas/hotel-reviews-microservice/internal/infrastructure/repository.go:395.2,395.23 1 0
github.com/gkbiswas/hotel-reviews-microservice/internal/infrastructure/repository.go:398.97,400.16 2 0
github.com/gkbiswas/hotel-reviews-microservice/internal/infrastructure/repository.go:400.16,402.3 1 0
github.com/gkbiswas/hotel-reviews-microservice/internal/infrastructure/repository.go:404.2,405.12 2 0
github.com/gkbiswas/hotel-reviews-microservice/internal/infrastructure/repository.go:408.84,411.25 2 0
github.com/gkbiswas/hotel-reviews-microservice/internal/infrastructure/repository.go:411.25,413.3 1 0
github.com/gkbiswas/hotel-reviews-microservice/internal/infrastructure/repository.go:415.2,415.30 1 0
github.com/gkbiswas/hotel-reviews-microservice/internal/infrastructure/repository.go:415.30,417.3 1 0
github.com/gkbiswas/hotel-reviews-microservice/internal/infrastructure/repository.go:419.2,419.12 1 0
github.com/gkbiswas/hotel-reviews-microservice/internal/infrastructure/repository.go:422.109,431.16 3 0
github.com/gkbiswas/hotel-reviews-microservice/internal/infrastructure/repository.go:431.16,433.3 1 0
github.com/gkbiswas/hotel-reviews-microservice/internal/infrastructure/repository.go:435.2,435.23 1 0
github.com/gkbiswas/hotel-reviews-microservice/internal/infrastructure/repository.go:439.109,441.16 2 0
github.com/gkbiswas/hotel-reviews-microservice/internal/infrastructure/repository.go:441.16,443.3 1 0
github.com/gkbiswas/hotel-reviews-microservice/internal/infrastructure/repository.go:445.2,446.12 2 0
github.com/gkbiswas/hotel-reviews-microservice/internal/infrastructure/repository.go:449.113,453.16 3 0
github.com/gkbiswas/hotel-reviews-microservice/internal/infrastructure/repository.go:453.16,454.36 1 0
github.com/gkbiswas/hotel-reviews-microservice/internal/infrastructure/repository.go:454.36,456.4 1 0
github.com/gkbiswas/hotel-reviews-microservice/internal/infrastructure/repository.go:457.3,457.71 1 0
github.com/gkbiswas/hotel-reviews-microservice/internal/infrastructure/repository.go:460.2,460.27 1 0
github.com/gkbiswas/hotel-reviews-microservice/internal/infrastructure/repository.go:463.116,467.16 3 0
github.com/gkbiswas/hotel-reviews-microservice/internal/infrastructure/repository.go:467.16,468.36 1 0
github.com/gkbiswas/hotel-reviews-microservice/internal/infrastructure/repository.go:468.36,470.4 1 0
github.com/gkbiswas/hotel-reviews-microservice/internal/infrastructure/repository.go:471.3,471.74 1 0
github.com/gkbiswas/hotel-reviews-microservice/internal/infrastructure/repository.go:474.2,474.27 1 0
github.com/gkbiswas/hotel-reviews-microservice/internal/infrastructure/repository.go:477.109,479.16 2 0
github.com/gkbiswas/hotel-reviews-microservice/internal/infrastructure/repository.go:479.16,481.3 1 0
github.com/gkbiswas/hotel-reviews-microservice/internal/infrastructure/repository.go:483.2,484.12 2 0
github.com/gkbiswas/hotel-reviews-microservice/internal/infrastructure/repository.go:487.88,490.25 2 0
github.com/gkbiswas/hotel-reviews-microservice/internal/infrastructure/repository.go:490.25,492.3 1 0
github.com/gkbiswas/hotel-reviews-microservice/internal/infrastructure/repository.go:494.2,494.30 1 0
github.com/gkbiswas/hotel-reviews-microservice/internal/infrastructure/repository.go:494.30,496.3 1 0
github.com/gkbiswas/hotel-reviews-microservice/internal/infrastructure/repository.go:498.2,498.12 1 0
github.com/gkbiswas/hotel-reviews-microservice/internal/infrastructure/repository.go:502.114,508.16 2 0
github.com/gkbiswas/hotel-reviews-microservice/internal/infrastructure/repository.go:508.16,510.3 1 0
github.com/gkbiswas/hotel-reviews-microservice/internal/infrastructure/repository.go:512.2,513.12 2 0
github.com/gkbiswas/hotel-reviews-microservice/internal/infrastructure/repository.go:516.125,523.16 3 0
github.com/gkbiswas/hotel-reviews-microservice/internal/infrastructure/repository.go:523.16,524.36 1 0
github.com/gkbiswas/hotel-reviews-microservice/internal/infrastructure/repository.go:524.36,526.4 1 0
github.com/gkbiswas/hotel-reviews-microservice/internal/infrastructure/repository.go:527.3,527.78 1 0
github.com/gkbiswas/hotel-reviews-microservice/internal/infrastructure/repository.go:530.2,530.22 1 0
github.com/gkbiswas/hotel-reviews-microservice/internal/infrastructure/repository.go:533.94,563.16 3 0
github.com/gkbiswas/hotel-reviews-microservice/internal/infrastructure/repository.go:563.16,565.3 1 0
github.com/gkbiswas/hotel-reviews-microservice/internal/infrastructure/repository.go:568.2,580.16 3 0
github.com/gkbiswas/hotel-reviews-microservice/internal/infrastructure/repository.go:580.16,582.3 1 0
github.com/gkbiswas/hotel-reviews-microservice/internal/infrastructure/repository.go:585.2,586.34 2 0
github.com/gkbiswas/hotel-reviews-microservice/internal/infrastructure/repository.go:586.34,588.3 1 0
github.com/gkbiswas/hotel-reviews-microservice/internal/infrastructure/repository.go:591.2,605.52 2 0
github.com/gkbiswas/hotel-reviews-microservice/internal/infrastructure/repository.go:609.117,611.16 2 0
github.com/gkbiswas/hotel-reviews-microservice/internal/infrastructure/repository.go:611.16,613.3 1 0
github.com/gkbiswas/hotel-reviews-microservice/internal/infrastructure/repository.go:615.2,616.12 2 0
github.com/gkbiswas/hotel-reviews-microservice/internal/infrastructure/repository.go:619.127,626.16 3 0
github.com/gkbiswas/hotel-reviews-microservice/internal/infrastructure/repository.go:626.16,627.36 1 0
github.com/gkbiswas/hotel-reviews-microservice/internal/infrastructure/repository.go:627.36,629.4 1 0
github.com/gkbiswas/hotel-reviews-microservice/internal/infrastructure/repository.go:630.3,630.75 1 0
github.com/gkbiswas/hotel-reviews-microservice/internal/infrastructure/repository.go:633.2,633.21 1 0
github.com/gkbiswas/hotel-reviews-microservice/internal/infrastructure/repository.go:636.161,647.16 3 0
github.com/gkbiswas/hotel-reviews-microservice/internal/infrastructure/repository.go:647.16,649.3 1 0
github.com/gkbiswas/hotel-reviews-microservice/internal/infrastructure/repository.go:651.2,651.22 1 0
github.com/gkbiswas/hotel-reviews-microservice/internal/infrastructure/repository.go:654.146,662.28 2 0
github.com/gkbiswas/hotel-reviews-microservice/internal/infrastructure/repository.go:662.28,664.3 1 0
github.com/gkbiswas/hotel-reviews-microservice/internal/infrastructure/repository.go:664.8,664.56 1 0
github.com/gkbiswas/hotel-reviews-microservice/internal/infrastructure/repository.go:664.56,666.3 1 0
github.com/gkbiswas/hotel-reviews-microservice/internal/infrastructure/repository.go:668.2,673.25 2 0
github.com/gkbiswas/hotel-reviews-microservice/internal/infrastructure/repository.go:673.25,675.3 1 0
github.com/gkbiswas/hotel-reviews-microservice/internal/infrastructure/repository.go:677.2,677.30 1 0
github.com/gkbiswas/hotel-reviews-microservice/internal/infrastructure/repository.go:677.30,679.3 1 0
github.com/gkbiswas/hotel-reviews-microservice/internal/infrastructure/repository.go:681.2,681.12 1 0
github.com/gkbiswas/hotel-reviews-microservice/internal/infrastructure/repository.go:684.92,687.25 2 0
github.com/gkbiswas/hotel-reviews-microservice/internal/infrastructure/repository.go:687.25,689.3 1 0
github.com/gkbiswas/hotel-reviews-microservice/internal/infrastructure/repository.go:691.2,691.30 1 0
github.com/gkbiswas/hotel-reviews-microservice/internal/infrastructure/repository.go:691.30,693.3 1 0
github.com/gkbiswas/hotel-reviews-microservice/internal/infrastructure/repository.go:695.2,695.12 1 0
github.com/gkbiswas/hotel-reviews-microservice/internal/infrastructure/repository.go:699.118,710.16 4 0
github.com/gkbiswas/hotel-reviews-microservice/internal/infrastructure/repository.go:710.16,712.3 1 0
github.com/gkbiswas/hotel-reviews-microservice/internal/infrastructure/repository.go:714.2,714.24 1 0
github.com/gkbiswas/hotel-reviews-microservice/internal/infrastructure/repository.go:717.102,725.16 3 0
github.com/gkbiswas/hotel-reviews-microservice/internal/infrastructure/repository.go:725.16,727.3 1 0
github.com/gkbiswas/hotel-reviews-microservice/internal/infrastructure/repository.go:729.2,729.23 1 0
github.com/gkbiswas/hotel-reviews-microservice/internal/infrastructure/repository.go:732.109,738.16 2 0
github.com/gkbiswas/hotel-reviews-microservice/internal/infrastructure/repository.go:738.16,740.3 1 0
github.com/gkbiswas/hotel-reviews-microservice/internal/infrastructure/repository.go:742.2,742.12 1 0
github.com/gkbiswas/hotel-reviews-microservice/internal/infrastructure/repository.go:745.88,751.16 2 0
github.com/gkbiswas/hotel-reviews-microservice/internal/infrastructure/repository.go:751.16,753.3 1 0
github.com/gkbiswas/hotel-reviews-microservice/internal/infrastructure/repository.go:755.2,755.12 1 0
github.com/gkbiswas/hotel-reviews-microservice/internal/infrastructure/repository.go:759.78,770.2 3 0
github.com/gkbiswas/hotel-reviews-microservice/internal/infrastructure/repository.go:772.53,774.2 1 0
github.com/gkbiswas/hotel-reviews-microservice/internal/infrastructure/repository.go:776.131,785.16 3 0
github.com/gkbiswas/hotel-reviews-microservice/internal/infrastructure/repository.go:785.16,787.3 1 0
github.com/gkbiswas/hotel-reviews-microservice/internal/infrastructure/repository.go:789.2,789.21 1 0
github.com/gkbiswas/hotel-reviews-microservice/internal/infrastructure/repository.go:792.141,800.16 3 0
github.com/gkbiswas/hotel-reviews-microservice/internal/infrastructure/repository.go:800.16,802.3 1 0
github.com/gkbiswas/hotel-reviews-microservice/internal/infrastructure/repository.go:804.2,804.19 1 0
github.com/gkbiswas/hotel-reviews-microservice/internal/infrastructure/repository.go:807.135,815.16 3 0
github.com/gkbiswas/hotel-reviews-microservice/internal/infrastructure/repository.go:815.16,817.3 1 0
github.com/gkbiswas/hotel-reviews-microservice/internal/infrastructure/repository.go:819.2,819.19 1 0
github.com/gkbiswas/hotel-reviews-microservice/internal/infrastructure/repository.go:822.109,831.16 3 0
github.com/gkbiswas/hotel-reviews-microservice/internal/infrastructure/repository.go:831.16,833.3 1 0
github.com/gkbiswas/hotel-reviews-microservice/internal/infrastructure/repository.go:835.2,835.23 1 0
github.com/gkbiswas/hotel-reviews-microservice/internal/infrastructure/repository.go:838.102,850.16 3 0
github.com/gkbiswas/hotel-reviews-microservice/internal/infrastructure/repository.go:850.16,852.3 1 0
github.com/gkbiswas/hotel-reviews-microservice/internal/infrastructure/repository.go:854.2,854.20 1 0
github.com/gkbiswas/hotel-reviews-microservice/internal/infrastructure/repository.go:857.102,868.16 3 0
github.com/gkbiswas/hotel-reviews-microservice/internal/infrastructure/repository.go:868.16,870.3 1 0
github.com/gkbiswas/hotel-reviews-microservice/internal/infrastructure/repository.go:872.2,872.21 1 0
github.com/gkbiswas/hotel-reviews-microservice/internal/infrastructure/repository.go:875.111,876.55 1 0
github.com/gkbiswas/hotel-reviews-microservice/internal/infrastructure/repository.go:876.55,877.44 1 0
github.com/gkbiswas/hotel-reviews-microservice/internal/infrastructure/repository.go:877.44,880.54 1 0
github.com/gkbiswas/hotel-reviews-microservice/internal/infrastructure/repository.go:880.54,882.5 1 0
github.com/gkbiswas/hotel-reviews-microservice/internal/infrastructure/repository.go:884.3,884.13 1 0
github.com/gkbiswas/hotel-reviews-microservice/internal/infrastructure/repository.go:888.112,896.16 3 0
github.com/gkbiswas/hotel-reviews-microservice/internal/infrastructure/repository.go:896.16,898.3 1 0
github.com/gkbiswas/hotel-reviews-microservice/internal/infrastructure/repository.go:900.2,900.21 1 0
github.com/gkbiswas/hotel-reviews-microservice/internal/infrastructure/s3client.go:61.82,66.16 3 0
github.com/gkbiswas/hotel-reviews-microservice/internal/infrastructure/s3client.go:66.16,68.3 1 0
github.com/gkbiswas/hotel-reviews-microservice/internal/infrastructure/s3client.go:71.2,71.62 1 0
github.com/gkbiswas/hotel-reviews-microservice/internal/infrastructure/s3client.go:71.62,72.25 1 0
github.com/gkbiswas/hotel-reviews-microservice/internal/infrastructure/s3client.go:72.25,74.4 1 0
github.com/gkbiswas/hotel-reviews-microservice/internal/infrastructure/s3client.go:75.3,75.38 1 0
github.com/gkbiswas/hotel-reviews-microservice/internal/infrastructure/s3client.go:79.2,79.70 1 0
github.com/gkbiswas/hotel-reviews-microservice/internal/infrastructure/s3client.go:79.70,82.3 2 0
github.com/gkbiswas/hotel-reviews-microservice/internal/infrastructure/s3client.go:84.2,84.76 1 0
github.com/gkbiswas/hotel-reviews-microservice/internal/infrastructure/s3client.go:84.76,87.3 2 0
github.com/gkbiswas/hotel-reviews-microservice/internal/infrastructure/s3client.go:89.2,98.51 2 0
github.com/gkbiswas/hotel-reviews-microservice/internal/infrastructure/s3client.go:98.51,100.3 1 0
github.com/gkbiswas/hotel-reviews-microservice/internal/infrastructure/s3client.go:102.2,108.20 2 0
github.com/gkbiswas/hotel-reviews-microservice/internal/infrastructure/s3client.go:112.88,116.56 3 0
github.com/gkbiswas/hotel-reviews-microservice/internal/infrastructure/s3client.go:116.56,128.3 2 0
github.com/gkbiswas/hotel-reviews-microservice/internal/infrastructure/s3client.go:128.8,133.3 1 0
github.com/gkbiswas/hotel-reviews-microservice/internal/infrastructure/s3client.go:135.2,135.16 1 0
github.com/gkbiswas/hotel-reviews-microservice/internal/infrastructure/s3client.go:135.16,137.3 1 0
github.com/gkbiswas/hotel-reviews-microservice/internal/infrastructure/s3client.go:139.2,139.23 1 0
github.com/gkbiswas/hotel-reviews-microservice/internal/infrastructure/s3client.go:143.62,152.16 4 0
github.com/gkbiswas/hotel-reviews-microservice/internal/infrastructure/s3client.go:152.16,154.3 1 0
github.com/gkbiswas/hotel-reviews-microservice/internal/infrastructure/s3client.go:156.2,156.12 1 0
github.com/gkbiswas/hotel-reviews-microservice/internal/infrastructure/s3client.go:160.114,170.44 3 0
github.com/gkbiswas/hotel-reviews-microservice/internal/infrastructure/s3client.go:170.44,173.3 2 0
github.com/gkbiswas/hotel-reviews-microservice/internal/infrastructure/s3client.go:175.2,175.16 1 0
github.com/gkbiswas/hotel-reviews-microservice/internal/infrastructure/s3client.go:175.16,182.3 2 0
github.com/gkbiswas/hotel-reviews-microservice/internal/infrastructure/s3client.go:184.2,191.12 3 0
github.com/gkbiswas/hotel-reviews-microservice/internal/infrastructure/s3client.go:195.97,203.16 3 0
github.com/gkbiswas/hotel-reviews-microservice/internal/infrastructure/s3client.go:203.16,205.3 1 0
github.com/gkbiswas/hotel-reviews-microservice/internal/infrastructure/s3client.go:208.2,212.16 2 0
github.com/gkbiswas/hotel-reviews-microservice/internal/infrastructure/s3client.go:212.16,214.3 1 0
github.com/gkbiswas/hotel-reviews-microservice/internal/infrastructure/s3client.go:216.2,224.28 3 0
github.com/gkbiswas/hotel-reviews-microservice/internal/infrastructure/s3client.go:228.114,234.35 2 0
github.com/gkbiswas/hotel-reviews-microservice/internal/infrastructure/s3client.go:234.35,236.3 1 0
github.com/gkbiswas/hotel-reviews-microservice/internal/infrastructure/s3client.go:238.2,238.16 1 0
github.com/gkbiswas/hotel-reviews-microservice/internal/infrastructure/s3client.go:238.16,240.3 1 0
github.com/gkbiswas/hotel-reviews-microservice/internal/infrastructure/s3client.go:242.2,248.25 2 0
github.com/gkbiswas/hotel-reviews-microservice/internal/infrastructure/s3client.go:252.78,255.44 2 0
github.com/gkbiswas/hotel-reviews-microservice/internal/infrastructure/s3client.go:255.44,261.3 2 0
github.com/gkbiswas/hotel-reviews-microservice/internal/infrastructure/s3client.go:263.2,263.16 1 0
github.com/gkbiswas/hotel-reviews-microservice/internal/infrastructure/s3client.go:263.16,270.3 2 0
github.com/gkbiswas/hotel-reviews-microservice/internal/infrastructure/s3client.go:272.2,279.12 3 0
github.com/gkbiswas/hotel-reviews-microservice/internal/infrastructure/s3client.go:283.103,285.16 2 0
github.com/gkbiswas/hotel-reviews-microservice/internal/infrastructure/s3client.go:285.16,287.3 1 0
github.com/gkbiswas/hotel-reviews-microservice/internal/infrastructure/s3client.go:289.2,290.37 2 0
github.com/gkbiswas/hotel-reviews-microservice/internal/infrastructure/s3client.go:290.37,292.3 1 0
github.com/gkbiswas/hotel-reviews-microservice/internal/infrastructure/s3client.go:294.2,294.19 1 0
github.com/gkbiswas/hotel-reviews-microservice/internal/infrastructure/s3client.go:298.136,307.29 3 0
github.com/gkbiswas/hotel-reviews-microservice/internal/infrastructure/s3client.go:307.29,309.3 1 0
github.com/gkbiswas/hotel-reviews-microservice/internal/infrastructure/s3client.go:311.2,312.44 2 0
github.com/gkbiswas/hotel-reviews-microservice/internal/infrastructure/s3client.go:312.44,316.3 3 0
github.com/gkbiswas/hotel-reviews-microservice/internal/infrastructure/s3client.go:318.2,318.16 1 0
github.com/gkbiswas/hotel-reviews-microservice/internal/infrastructure/s3client.go:318.16,325.3 2 0
github.com/gkbiswas/hotel-reviews-microservice/internal/infrastructure/s3client.go:328.2,329.38 2 0
github.com/gkbiswas/hotel-reviews-microservice/internal/infrastructure/s3client.go:329.38,337.3 1 0
github.com/gkbiswas/hotel-reviews-microservice/internal/infrastructure/s3client.go:340.2,341.43 2 0
github.com/gkbiswas/hotel-reviews-microservice/internal/infrastructure/s3client.go:341.43,343.3 1 0
github.com/gkbiswas/hotel-reviews-microservice/internal/infrastructure/s3client.go:345.2,351.41 2 0
github.com/gkbiswas/hotel-reviews-microservice/internal/infrastructure/s3client.go:351.41,353.3 1 0
github.com/gkbiswas/hotel-reviews-microservice/internal/infrastructure/s3client.go:355.2,364.20 3 0
github.com/gkbiswas/hotel-reviews-microservice/internal/infrastructure/s3client.go:368.104,372.44 3 0
github.com/gkbiswas/hotel-reviews-microservice/internal/infrastructure/s3client.go:372.44,379.3 3 0
github.com/gkbiswas/hotel-reviews-microservice/internal/infrastructure/s3client.go:381.2,381.16 1 0
github.com/gkbiswas/hotel-reviews-microservice/internal/infrastructure/s3client.go:381.16,388.3 2 0
github.com/gkbiswas/hotel-reviews-microservice/internal/infrastructure/s3client.go:390.2,398.31 6 0
github.com/gkbiswas/hotel-reviews-microservice/internal/infrastructure/s3client.go:398.31,400.3 1 0
github.com/gkbiswas/hotel-reviews-microservice/internal/infrastructure/s3client.go:403.2,403.36 1 0
github.com/gkbiswas/hotel-reviews-microservice/internal/infrastructure/s3client.go:403.36,405.3 1 0
github.com/gkbiswas/hotel-reviews-microservice/internal/infrastructure/s3client.go:407.2,414.22 3 0
github.com/gkbiswas/hotel-reviews-microservice/internal/infrastructure/s3client.go:418.114,426.16 3 0
github.com/gkbiswas/hotel-reviews-microservice/internal/infrastructure/s3client.go:426.16,428.3 1 0
github.com/gkbiswas/hotel-reviews-microservice/internal/infrastructure/s3client.go:429.2,435.29 4 0
github.com/gkbiswas/hotel-reviews-microservice/internal/infrastructure/s3client.go:435.29,436.26 1 0
github.com/gkbiswas/hotel-reviews-microservice/internal/infrastructure/s3client.go:436.26,438.4 1 0
github.com/gkbiswas/hotel-reviews-microservice/internal/infrastructure/s3client.go:438.9,440.4 1 0
github.com/gkbiswas/hotel-reviews-microservice/internal/infrastructure/s3client.go:444.2,444.43 1 0
github.com/gkbiswas/hotel-reviews-microservice/internal/infrastructure/s3client.go:444.43,454.3 2 0
github.com/gkbiswas/hotel-reviews-microservice/internal/infrastructure/s3client.go:456.2,456.16 1 0
github.com/gkbiswas/hotel-reviews-microservice/internal/infrastructure/s3client.go:456.16,463.3 2 0
github.com/gkbiswas/hotel-reviews-microservice/internal/infrastructure/s3client.go:465.2,472.12 3 0
github.com/gkbiswas/hotel-reviews-microservice/internal/infrastructure/s3client.go:476.75,484.36 3 0
github.com/gkbiswas/hotel-reviews-microservice/internal/infrastructure/s3client.go:484.36,488.3 1 0
github.com/gkbiswas/hotel-reviews-microservice/internal/infrastructure/s3client.go:490.2,490.44 1 0
github.com/gkbiswas/hotel-reviews-microservice/internal/infrastructure/s3client.go:490.44,493.3 2 0
github.com/gkbiswas/hotel-reviews-microservice/internal/infrastructure/s3client.go:495.2,495.16 1 0
github.com/gkbiswas/hotel-reviews-microservice/internal/infrastructure/s3client.go:495.16,501.3 2 0
github.com/gkbiswas/hotel-reviews-microservice/internal/infrastructure/s3client.go:503.2,509.12 3 0
github.com/gkbiswas/hotel-reviews-microservice/internal/infrastructure/s3client.go:513.75,516.44 2 0
github.com/gkbiswas/hotel-reviews-microservice/internal/infrastructure/s3client.go:516.44,521.3 2 0
github.com/gkbiswas/hotel-reviews-microservice/internal/infrastructure/s3client.go:523.2,523.16 1 0
github.com/gkbiswas/hotel-reviews-microservice/internal/infrastructure/s3client.go:523.16,529.3 2 0
github.com/gkbiswas/hotel-reviews-microservice/internal/infrastructure/s3client.go:531.2,537.12 3 0
github.com/gkbiswas/hotel-reviews-microservice/internal/infrastructure/s3client.go:541.83,546.16 2 0
github.com/gkbiswas/hotel-reviews-microservice/internal/infrastructure/s3client.go:546.16,548.30 2 0
github.com/gkbiswas/hotel-reviews-microservice/internal/infrastructure/s3client.go:548.30,549.40 1 0
github.com/gkbiswas/hotel-reviews-microservice/internal/infrastructure/s3client.go:549.40,551.5 1 0
github.com/gkbiswas/hotel-reviews-microservice/internal/infrastructure/s3client.go:553.3,553.72 1 0
github.com/gkbiswas/hotel-reviews-microservice/internal/infrastructure/s3client.go:556.2,556.18 1 0
github.com/gkbiswas/hotel-reviews-microservice/internal/infrastructure/s3client.go:560.86,566.16 2 0
github.com/gkbiswas/hotel-reviews-microservice/internal/infrastructure/s3client.go:566.16,568.30 2 0
github.com/gkbiswas/hotel-reviews-microservice/internal/infrastructure/s3client.go:568.30,569.40 1 0
github.com/gkbiswas/hotel-reviews-microservice/internal/infrastructure/s3client.go:569.40,571.5 1 0
github.com/gkbiswas/hotel-reviews-microservice/internal/infrastructure/s3client.go:573.3,573.70 1 0
github.com/gkbiswas/hotel-reviews-microservice/internal/infrastructure/s3client.go:576.2,576.18 1 0
github.com/gkbiswas/hotel-reviews-microservice/internal/infrastructure/s3client.go:580.88,586.16 2 0
github.com/gkbiswas/hotel-reviews-microservice/internal/infrastructure/s3client.go:586.16,588.3 1 0
github.com/gkbiswas/hotel-reviews-microservice/internal/infrastructure/s3client.go:590.2,590.47 1 0
github.com/gkbiswas/hotel-reviews-microservice/internal/infrastructure/s3client.go:594.86,597.62 2 0
github.com/gkbiswas/hotel-reviews-microservice/internal/infrastructure/s3client.go:597.62,598.18 1 0
github.com/gkbiswas/hotel-reviews-microservice/internal/infrastructure/s3client.go:598.18,599.11 1 0
github.com/gkbiswas/hotel-reviews-microservice/internal/infrastructure/s3client.go:600.22,601.21 1 0
github.com/gkbiswas/hotel-reviews-microservice/internal/infrastructure/s3client.go:602.68,602.68 0 0
github.com/gkbiswas/hotel-reviews-microservice/internal/infrastructure/s3client.go:607.3,608.17 2 0
github.com/gkbiswas/hotel-reviews-microservice/internal/infrastructure/s3client.go:608.17,610.4 1 0
github.com/gkbiswas/hotel-reviews-microservice/internal/infrastructure/s3client.go:612.3,615.31 2 0
github.com/gkbiswas/hotel-reviews-microservice/internal/infrastructure/s3client.go:615.31,616.9 1 0
github.com/gkbiswas/hotel-reviews-microservice/internal/infrastructure/s3client.go:619.3,623.4 1 0
github.com/gkbiswas/hotel-reviews-microservice/internal/infrastructure/s3client.go:626.2,626.16 1 0
github.com/gkbiswas/hotel-reviews-microservice/internal/infrastructure/s3client.go:630.53,631.16 1 0
github.com/gkbiswas/hotel-reviews-microservice/internal/infrastructure/s3client.go:631.16,633.3 1 0
github.com/gkbiswas/hotel-reviews-microservice/internal/infrastructure/s3client.go:635.2,636.29 2 0
github.com/gkbiswas/hotel-reviews-microservice/internal/infrastructure/s3client.go:636.29,648.45 3 0
github.com/gkbiswas/hotel-reviews-microservice/internal/infrastructure/s3client.go:648.45,649.30 1 0
github.com/gkbiswas/hotel-reviews-microservice/internal/infrastructure/s3client.go:649.30,651.5 1 0
github.com/gkbiswas/hotel-reviews-microservice/internal/infrastructure/s3client.go:655.3,655.40 1 0
github.com/gkbiswas/hotel-reviews-microservice/internal/infrastructure/s3client.go:655.40,657.4 1 0
github.com/gkbiswas/hotel-reviews-microservice/internal/infrastructure/s3client.go:660.2,660.14 1 0
github.com/gkbiswas/hotel-reviews-microservice/internal/infrastructure/s3client.go:664.104,667.44 2 0
github.com/gkbiswas/hotel-reviews-microservice/internal/infrastructure/s3client.go:667.44,673.3 2 0
github.com/gkbiswas/hotel-reviews-microservice/internal/infrastructure/s3client.go:675.2,675.16 1 0
github.com/gkbiswas/hotel-reviews-microservice/internal/infrastructure/s3client.go:675.16,682.3 2 0
github.com/gkbiswas/hotel-reviews-microservice/internal/infrastructure/s3client.go:684.2,691.12 3 0
github.com/gkbiswas/hotel-reviews-microservice/internal/infrastructure/s3client.go:695.122,698.44 2 0
github.com/gkbiswas/hotel-reviews-microservice/internal/infrastructure/s3client.go:698.44,706.3 2 0
github.com/gkbiswas/hotel-reviews-microservice/internal/infrastructure/s3client.go:708.2,708.16 1 0
github.com/gkbiswas/hotel-reviews-microservice/internal/infrastructure/s3client.go:708.16,715.3 2 0
github.com/gkbiswas/hotel-reviews-microservice/internal/infrastructure/s3client.go:717.2,724.12 3 0
