mode: atomic
github.com/gkbiswas/hotel-reviews-microservice/internal/monitoring/business_metrics.go:66.96,316.2 2 6
github.com/gkbiswas/hotel-reviews-microservice/internal/monitoring/business_metrics.go:319.83,321.2 1 101
github.com/gkbiswas/hotel-reviews-microservice/internal/monitoring/business_metrics.go:324.85,326.2 1 0
github.com/gkbiswas/hotel-reviews-microservice/internal/monitoring/business_metrics.go:329.73,331.2 1 0
github.com/gkbiswas/hotel-reviews-microservice/internal/monitoring/business_metrics.go:334.83,336.2 1 0
github.com/gkbiswas/hotel-reviews-microservice/internal/monitoring/business_metrics.go:339.140,344.2 4 0
github.com/gkbiswas/hotel-reviews-microservice/internal/monitoring/business_metrics.go:347.109,350.2 2 0
github.com/gkbiswas/hotel-reviews-microservice/internal/monitoring/business_metrics.go:353.75,355.2 1 0
github.com/gkbiswas/hotel-reviews-microservice/internal/monitoring/business_metrics.go:358.88,360.2 1 0
github.com/gkbiswas/hotel-reviews-microservice/internal/monitoring/business_metrics.go:363.74,365.2 1 0
github.com/gkbiswas/hotel-reviews-microservice/internal/monitoring/business_metrics.go:368.89,370.2 1 0
github.com/gkbiswas/hotel-reviews-microservice/internal/monitoring/business_metrics.go:373.100,375.2 1 0
github.com/gkbiswas/hotel-reviews-microservice/internal/monitoring/business_metrics.go:378.154,383.2 4 0
github.com/gkbiswas/hotel-reviews-microservice/internal/monitoring/business_metrics.go:386.89,388.2 1 0
github.com/gkbiswas/hotel-reviews-microservice/internal/monitoring/business_metrics.go:391.90,393.2 1 0
github.com/gkbiswas/hotel-reviews-microservice/internal/monitoring/business_metrics.go:396.136,401.2 4 0
github.com/gkbiswas/hotel-reviews-microservice/internal/monitoring/business_metrics.go:404.115,407.2 2 0
github.com/gkbiswas/hotel-reviews-microservice/internal/monitoring/business_metrics.go:410.87,412.2 1 0
github.com/gkbiswas/hotel-reviews-microservice/internal/monitoring/business_metrics.go:415.86,417.2 1 0
github.com/gkbiswas/hotel-reviews-microservice/internal/monitoring/business_metrics.go:420.79,424.12 3 1
github.com/gkbiswas/hotel-reviews-microservice/internal/monitoring/business_metrics.go:424.12,425.7 1 1
github.com/gkbiswas/hotel-reviews-microservice/internal/monitoring/business_metrics.go:425.7,426.11 1 1
github.com/gkbiswas/hotel-reviews-microservice/internal/monitoring/business_metrics.go:427.22,428.11 1 1
github.com/gkbiswas/hotel-reviews-microservice/internal/monitoring/business_metrics.go:429.20,430.34 1 0
github.com/gkbiswas/hotel-reviews-microservice/internal/monitoring/business_metrics.go:437.71,455.2 9 0
github.com/gkbiswas/hotel-reviews-microservice/internal/monitoring/health.go:48.103,54.2 1 2
github.com/gkbiswas/hotel-reviews-microservice/internal/monitoring/health.go:57.47,59.2 1 1
github.com/gkbiswas/hotel-reviews-microservice/internal/monitoring/health.go:62.78,65.17 2 1
github.com/gkbiswas/hotel-reviews-microservice/internal/monitoring/health.go:65.17,72.3 1 1
github.com/gkbiswas/hotel-reviews-microservice/internal/monitoring/health.go:74.2,75.16 2 0
github.com/gkbiswas/hotel-reviews-microservice/internal/monitoring/health.go:75.16,82.3 1 0
github.com/gkbiswas/hotel-reviews-microservice/internal/monitoring/health.go:85.2,85.47 1 0
github.com/gkbiswas/hotel-reviews-microservice/internal/monitoring/health.go:85.47,92.3 1 0
github.com/gkbiswas/hotel-reviews-microservice/internal/monitoring/health.go:95.2,111.3 3 0
github.com/gkbiswas/hotel-reviews-microservice/internal/monitoring/health.go:122.106,128.2 1 2
github.com/gkbiswas/hotel-reviews-microservice/internal/monitoring/health.go:131.44,133.2 1 1
github.com/gkbiswas/hotel-reviews-microservice/internal/monitoring/health.go:136.75,139.21 2 1
github.com/gkbiswas/hotel-reviews-microservice/internal/monitoring/health.go:139.21,146.3 1 1
github.com/gkbiswas/hotel-reviews-microservice/internal/monitoring/health.go:149.2,149.49 1 0
github.com/gkbiswas/hotel-reviews-microservice/internal/monitoring/health.go:149.49,156.3 1 0
github.com/gkbiswas/hotel-reviews-microservice/internal/monitoring/health.go:159.2,166.23 3 0
github.com/gkbiswas/hotel-reviews-microservice/internal/monitoring/health.go:166.23,169.3 1 0
github.com/gkbiswas/hotel-reviews-microservice/internal/monitoring/health.go:171.2,177.3 1 0
github.com/gkbiswas/hotel-reviews-microservice/internal/monitoring/health.go:190.90,199.2 1 10
github.com/gkbiswas/hotel-reviews-microservice/internal/monitoring/health.go:202.41,204.2 1 7
github.com/gkbiswas/hotel-reviews-microservice/internal/monitoring/health.go:207.72,213.16 3 4
github.com/gkbiswas/hotel-reviews-microservice/internal/monitoring/health.go:213.16,220.3 1 0
github.com/gkbiswas/hotel-reviews-microservice/internal/monitoring/health.go:222.2,223.16 2 4
github.com/gkbiswas/hotel-reviews-microservice/internal/monitoring/health.go:223.16,230.3 1 0
github.com/gkbiswas/hotel-reviews-microservice/internal/monitoring/health.go:231.2,233.28 2 4
github.com/gkbiswas/hotel-reviews-microservice/internal/monitoring/health.go:233.28,240.3 1 4
github.com/gkbiswas/hotel-reviews-microservice/internal/monitoring/health.go:242.2,251.3 1 0
github.com/gkbiswas/hotel-reviews-microservice/internal/monitoring/health.go:263.87,272.2 1 3
github.com/gkbiswas/hotel-reviews-microservice/internal/monitoring/health.go:275.43,277.2 1 1
github.com/gkbiswas/hotel-reviews-microservice/internal/monitoring/health.go:280.74,284.16 3 3
github.com/gkbiswas/hotel-reviews-microservice/internal/monitoring/health.go:284.16,291.3 1 0
github.com/gkbiswas/hotel-reviews-microservice/internal/monitoring/health.go:293.2,294.16 2 3
github.com/gkbiswas/hotel-reviews-microservice/internal/monitoring/health.go:294.16,301.3 1 1
github.com/gkbiswas/hotel-reviews-microservice/internal/monitoring/health.go:302.2,304.28 2 2
github.com/gkbiswas/hotel-reviews-microservice/internal/monitoring/health.go:304.28,311.3 1 1
github.com/gkbiswas/hotel-reviews-microservice/internal/monitoring/health.go:313.2,322.3 1 1
github.com/gkbiswas/hotel-reviews-microservice/internal/monitoring/health.go:334.61,340.2 1 18
github.com/gkbiswas/hotel-reviews-microservice/internal/monitoring/health.go:343.59,345.2 1 20
github.com/gkbiswas/hotel-reviews-microservice/internal/monitoring/health.go:348.84,351.37 2 12
github.com/gkbiswas/hotel-reviews-microservice/internal/monitoring/health.go:351.37,358.3 5 15
github.com/gkbiswas/hotel-reviews-microservice/internal/monitoring/health.go:360.2,360.16 1 12
github.com/gkbiswas/hotel-reviews-microservice/internal/monitoring/health.go:364.71,369.38 4 1
github.com/gkbiswas/hotel-reviews-microservice/internal/monitoring/health.go:369.38,371.3 1 1
github.com/gkbiswas/hotel-reviews-microservice/internal/monitoring/health.go:373.2,373.16 1 1
github.com/gkbiswas/hotel-reviews-microservice/internal/monitoring/health.go:377.42,381.35 3 4
github.com/gkbiswas/hotel-reviews-microservice/internal/monitoring/health.go:381.35,382.43 1 7
github.com/gkbiswas/hotel-reviews-microservice/internal/monitoring/health.go:382.43,384.4 1 2
github.com/gkbiswas/hotel-reviews-microservice/internal/monitoring/health.go:387.2,387.13 1 2
github.com/gkbiswas/hotel-reviews-microservice/internal/monitoring/health.go:391.96,395.12 3 2
github.com/gkbiswas/hotel-reviews-microservice/internal/monitoring/health.go:395.12,396.7 1 2
github.com/gkbiswas/hotel-reviews-microservice/internal/monitoring/health.go:396.7,397.11 1 2
github.com/gkbiswas/hotel-reviews-microservice/internal/monitoring/health.go:398.22,399.11 1 2
github.com/gkbiswas/hotel-reviews-microservice/internal/monitoring/health.go:400.20,401.20 1 0
github.com/gkbiswas/hotel-reviews-microservice/internal/monitoring/health.go:408.55,409.71 1 4
github.com/gkbiswas/hotel-reviews-microservice/internal/monitoring/health.go:409.71,415.34 4 3
github.com/gkbiswas/hotel-reviews-microservice/internal/monitoring/health.go:415.34,416.44 1 3
github.com/gkbiswas/hotel-reviews-microservice/internal/monitoring/health.go:416.44,418.10 2 2
github.com/gkbiswas/hotel-reviews-microservice/internal/monitoring/health.go:423.3,423.37 1 3
github.com/gkbiswas/hotel-reviews-microservice/internal/monitoring/health.go:423.37,425.4 1 1
github.com/gkbiswas/hotel-reviews-microservice/internal/monitoring/health.go:425.9,427.4 1 2
github.com/gkbiswas/hotel-reviews-microservice/internal/monitoring/health.go:430.3,439.38 3 3
github.com/gkbiswas/hotel-reviews-microservice/internal/monitoring/health.go:444.55,445.71 1 3
github.com/gkbiswas/hotel-reviews-microservice/internal/monitoring/health.go:445.71,446.20 1 2
github.com/gkbiswas/hotel-reviews-microservice/internal/monitoring/health.go:446.20,449.4 2 1
github.com/gkbiswas/hotel-reviews-microservice/internal/monitoring/health.go:449.9,452.4 2 1
github.com/gkbiswas/hotel-reviews-microservice/internal/monitoring/health.go:457.57,458.71 1 4
github.com/gkbiswas/hotel-reviews-microservice/internal/monitoring/health.go:458.71,465.37 4 3
github.com/gkbiswas/hotel-reviews-microservice/internal/monitoring/health.go:465.37,467.66 1 3
github.com/gkbiswas/hotel-reviews-microservice/internal/monitoring/health.go:467.66,469.10 2 1
github.com/gkbiswas/hotel-reviews-microservice/internal/monitoring/health.go:473.3,473.12 1 3
github.com/gkbiswas/hotel-reviews-microservice/internal/monitoring/health.go:473.12,476.4 2 2
github.com/gkbiswas/hotel-reviews-microservice/internal/monitoring/health.go:476.9,479.4 2 1
github.com/gkbiswas/hotel-reviews-microservice/internal/monitoring/health.go:484.56,485.71 1 3
github.com/gkbiswas/hotel-reviews-microservice/internal/monitoring/health.go:485.71,490.3 2 2
github.com/gkbiswas/hotel-reviews-microservice/internal/monitoring/logger.go:19.53,21.2 1 0
github.com/gkbiswas/hotel-reviews-microservice/internal/monitoring/logger.go:24.43,28.15 2 0
github.com/gkbiswas/hotel-reviews-microservice/internal/monitoring/logger.go:29.15,30.37 1 0
github.com/gkbiswas/hotel-reviews-microservice/internal/monitoring/logger.go:31.14,32.36 1 0
github.com/gkbiswas/hotel-reviews-microservice/internal/monitoring/logger.go:33.14,34.36 1 0
github.com/gkbiswas/hotel-reviews-microservice/internal/monitoring/logger.go:35.15,36.37 1 0
github.com/gkbiswas/hotel-reviews-microservice/internal/monitoring/logger.go:37.10,38.36 1 0
github.com/gkbiswas/hotel-reviews-microservice/internal/monitoring/logger.go:42.2,51.39 2 0
github.com/gkbiswas/hotel-reviews-microservice/internal/monitoring/logger.go:55.66,58.2 2 0
github.com/gkbiswas/hotel-reviews-microservice/internal/monitoring/logger.go:61.65,64.2 2 0
github.com/gkbiswas/hotel-reviews-microservice/internal/monitoring/logger.go:67.65,70.2 2 0
github.com/gkbiswas/hotel-reviews-microservice/internal/monitoring/logger.go:73.66,76.2 2 0
github.com/gkbiswas/hotel-reviews-microservice/internal/monitoring/logger.go:79.82,82.38 2 0
github.com/gkbiswas/hotel-reviews-microservice/internal/monitoring/logger.go:82.38,83.24 1 0
github.com/gkbiswas/hotel-reviews-microservice/internal/monitoring/logger.go:83.24,84.41 1 0
github.com/gkbiswas/hotel-reviews-microservice/internal/monitoring/logger.go:84.41,86.5 1 0
github.com/gkbiswas/hotel-reviews-microservice/internal/monitoring/logger.go:90.2,90.21 1 0
github.com/gkbiswas/hotel-reviews-microservice/internal/monitoring/metrics.go:69.44,328.2 4 27
github.com/gkbiswas/hotel-reviews-microservice/internal/monitoring/metrics.go:331.62,333.2 1 7
github.com/gkbiswas/hotel-reviews-microservice/internal/monitoring/metrics.go:336.53,341.2 1 1
github.com/gkbiswas/hotel-reviews-microservice/internal/monitoring/metrics.go:350.69,355.2 1 22
github.com/gkbiswas/hotel-reviews-microservice/internal/monitoring/metrics.go:358.59,360.2 1 13
github.com/gkbiswas/hotel-reviews-microservice/internal/monitoring/metrics.go:363.128,367.2 3 1104
github.com/gkbiswas/hotel-reviews-microservice/internal/monitoring/metrics.go:370.100,373.2 2 1104
github.com/gkbiswas/hotel-reviews-microservice/internal/monitoring/metrics.go:376.109,380.16 3 1105
github.com/gkbiswas/hotel-reviews-microservice/internal/monitoring/metrics.go:380.16,382.17 2 2
github.com/gkbiswas/hotel-reviews-microservice/internal/monitoring/metrics.go:382.17,384.4 1 2
github.com/gkbiswas/hotel-reviews-microservice/internal/monitoring/metrics.go:385.3,385.78 1 2
github.com/gkbiswas/hotel-reviews-microservice/internal/monitoring/metrics.go:390.89,393.9 2 1004
github.com/gkbiswas/hotel-reviews-microservice/internal/monitoring/metrics.go:393.9,395.3 1 1003
github.com/gkbiswas/hotel-reviews-microservice/internal/monitoring/metrics.go:395.8,397.3 1 1
github.com/gkbiswas/hotel-reviews-microservice/internal/monitoring/metrics.go:401.123,405.20 3 1104
github.com/gkbiswas/hotel-reviews-microservice/internal/monitoring/metrics.go:405.20,407.3 1 1103
github.com/gkbiswas/hotel-reviews-microservice/internal/monitoring/metrics.go:411.84,413.2 1 1003
github.com/gkbiswas/hotel-reviews-microservice/internal/monitoring/metrics.go:416.133,421.2 4 1002
github.com/gkbiswas/hotel-reviews-microservice/internal/monitoring/metrics.go:424.78,428.12 3 2
github.com/gkbiswas/hotel-reviews-microservice/internal/monitoring/metrics.go:428.12,429.7 1 2
github.com/gkbiswas/hotel-reviews-microservice/internal/monitoring/metrics.go:429.7,430.11 1 2
github.com/gkbiswas/hotel-reviews-microservice/internal/monitoring/metrics.go:431.22,432.11 1 2
github.com/gkbiswas/hotel-reviews-microservice/internal/monitoring/metrics.go:433.20,434.29 1 0
github.com/gkbiswas/hotel-reviews-microservice/internal/monitoring/metrics.go:441.52,447.2 3 1
github.com/gkbiswas/hotel-reviews-microservice/internal/monitoring/middleware.go:20.58,24.2 1 0
github.com/gkbiswas/hotel-reviews-microservice/internal/monitoring/middleware.go:27.76,28.71 1 0
github.com/gkbiswas/hotel-reviews-microservice/internal/monitoring/middleware.go:28.71,29.38 1 0
github.com/gkbiswas/hotel-reviews-microservice/internal/monitoring/middleware.go:29.38,32.4 2 0
github.com/gkbiswas/hotel-reviews-microservice/internal/monitoring/middleware.go:34.3,39.19 4 0
github.com/gkbiswas/hotel-reviews-microservice/internal/monitoring/middleware.go:39.19,40.60 1 0
github.com/gkbiswas/hotel-reviews-microservice/internal/monitoring/middleware.go:40.60,42.5 1 0
github.com/gkbiswas/hotel-reviews-microservice/internal/monitoring/middleware.go:46.3,63.100 7 0
github.com/gkbiswas/hotel-reviews-microservice/internal/monitoring/middleware.go:68.76,69.71 1 0
github.com/gkbiswas/hotel-reviews-microservice/internal/monitoring/middleware.go:69.71,70.38 1 0
github.com/gkbiswas/hotel-reviews-microservice/internal/monitoring/middleware.go:70.38,73.4 2 0
github.com/gkbiswas/hotel-reviews-microservice/internal/monitoring/middleware.go:75.3,83.19 5 0
github.com/gkbiswas/hotel-reviews-microservice/internal/monitoring/middleware.go:83.19,84.60 1 0
github.com/gkbiswas/hotel-reviews-microservice/internal/monitoring/middleware.go:84.60,86.5 1 0
github.com/gkbiswas/hotel-reviews-microservice/internal/monitoring/middleware.go:90.3,106.40 4 0
github.com/gkbiswas/hotel-reviews-microservice/internal/monitoring/middleware.go:111.80,112.71 1 0
github.com/gkbiswas/hotel-reviews-microservice/internal/monitoring/middleware.go:112.71,116.29 1 0
github.com/gkbiswas/hotel-reviews-microservice/internal/monitoring/middleware.go:116.29,119.4 2 0
github.com/gkbiswas/hotel-reviews-microservice/internal/monitoring/middleware.go:122.3,122.77 1 0
github.com/gkbiswas/hotel-reviews-microservice/internal/monitoring/middleware.go:122.77,125.4 1 0
github.com/gkbiswas/hotel-reviews-microservice/internal/monitoring/middleware.go:127.3,127.23 1 0
github.com/gkbiswas/hotel-reviews-microservice/internal/monitoring/middleware.go:132.84,133.71 1 0
github.com/gkbiswas/hotel-reviews-microservice/internal/monitoring/middleware.go:133.71,134.39 1 0
github.com/gkbiswas/hotel-reviews-microservice/internal/monitoring/middleware.go:134.39,137.4 2 0
github.com/gkbiswas/hotel-reviews-microservice/internal/monitoring/middleware.go:139.3,148.21 4 0
github.com/gkbiswas/hotel-reviews-microservice/internal/monitoring/middleware.go:149.26,150.26 1 0
github.com/gkbiswas/hotel-reviews-microservice/internal/monitoring/middleware.go:150.26,153.5 1 0
github.com/gkbiswas/hotel-reviews-microservice/internal/monitoring/middleware.go:154.26,155.26 1 0
github.com/gkbiswas/hotel-reviews-microservice/internal/monitoring/middleware.go:155.26,158.5 1 0
github.com/gkbiswas/hotel-reviews-microservice/internal/monitoring/middleware.go:164.77,173.2 1 0
github.com/gkbiswas/hotel-reviews-microservice/internal/monitoring/middleware.go:182.49,185.2 2 0
github.com/gkbiswas/hotel-reviews-microservice/internal/monitoring/middleware.go:187.56,191.2 3 0
github.com/gkbiswas/hotel-reviews-microservice/internal/monitoring/middleware.go:199.52,201.2 1 0
github.com/gkbiswas/hotel-reviews-microservice/internal/monitoring/middleware.go:204.52,206.2 1 0
github.com/gkbiswas/hotel-reviews-microservice/internal/monitoring/middleware.go:209.45,211.27 2 0
github.com/gkbiswas/hotel-reviews-microservice/internal/monitoring/middleware.go:211.27,213.3 1 0
github.com/gkbiswas/hotel-reviews-microservice/internal/monitoring/middleware.go:214.2,214.13 1 0
github.com/gkbiswas/hotel-reviews-microservice/internal/monitoring/middleware.go:223.66,227.2 1 0
github.com/gkbiswas/hotel-reviews-microservice/internal/monitoring/middleware.go:230.79,231.30 1 0
github.com/gkbiswas/hotel-reviews-microservice/internal/monitoring/middleware.go:231.30,239.3 3 0
github.com/gkbiswas/hotel-reviews-microservice/internal/monitoring/middleware.go:248.78,252.2 1 0
github.com/gkbiswas/hotel-reviews-microservice/internal/monitoring/middleware.go:255.122,258.95 2 0
github.com/gkbiswas/hotel-reviews-microservice/internal/monitoring/middleware.go:258.95,265.17 5 0
github.com/gkbiswas/hotel-reviews-microservice/internal/monitoring/middleware.go:265.17,267.4 1 0
github.com/gkbiswas/hotel-reviews-microservice/internal/monitoring/middleware.go:270.3,272.39 2 0
github.com/gkbiswas/hotel-reviews-microservice/internal/monitoring/middleware.go:272.39,274.4 1 0
github.com/gkbiswas/hotel-reviews-microservice/internal/monitoring/middleware.go:276.3,276.13 1 0
github.com/gkbiswas/hotel-reviews-microservice/internal/monitoring/middleware.go:286.72,290.2 1 0
github.com/gkbiswas/hotel-reviews-microservice/internal/monitoring/middleware.go:293.143,294.97 1 0
github.com/gkbiswas/hotel-reviews-microservice/internal/monitoring/middleware.go:294.97,301.17 5 0
github.com/gkbiswas/hotel-reviews-microservice/internal/monitoring/middleware.go:301.17,303.4 1 0
github.com/gkbiswas/hotel-reviews-microservice/internal/monitoring/middleware.go:306.3,308.13 2 0
github.com/gkbiswas/hotel-reviews-microservice/internal/monitoring/monitoring.go:63.114,72.53 2 27
github.com/gkbiswas/hotel-reviews-microservice/internal/monitoring/monitoring.go:72.53,74.3 1 1
github.com/gkbiswas/hotel-reviews-microservice/internal/monitoring/monitoring.go:76.2,76.21 1 26
github.com/gkbiswas/hotel-reviews-microservice/internal/monitoring/monitoring.go:80.46,82.29 1 27
github.com/gkbiswas/hotel-reviews-microservice/internal/monitoring/monitoring.go:82.29,85.3 2 11
github.com/gkbiswas/hotel-reviews-microservice/internal/monitoring/monitoring.go:88.2,88.29 1 27
github.com/gkbiswas/hotel-reviews-microservice/internal/monitoring/monitoring.go:88.29,100.17 4 1
github.com/gkbiswas/hotel-reviews-microservice/internal/monitoring/monitoring.go:100.17,102.4 1 1
github.com/gkbiswas/hotel-reviews-microservice/internal/monitoring/monitoring.go:103.3,103.47 1 0
github.com/gkbiswas/hotel-reviews-microservice/internal/monitoring/monitoring.go:107.2,107.28 1 26
github.com/gkbiswas/hotel-reviews-microservice/internal/monitoring/monitoring.go:107.28,111.18 2 8
github.com/gkbiswas/hotel-reviews-microservice/internal/monitoring/monitoring.go:111.18,114.4 2 0
github.com/gkbiswas/hotel-reviews-microservice/internal/monitoring/monitoring.go:116.3,116.27 1 8
github.com/gkbiswas/hotel-reviews-microservice/internal/monitoring/monitoring.go:116.27,119.4 2 0
github.com/gkbiswas/hotel-reviews-microservice/internal/monitoring/monitoring.go:122.3,125.46 3 8
github.com/gkbiswas/hotel-reviews-microservice/internal/monitoring/monitoring.go:129.2,129.37 1 26
github.com/gkbiswas/hotel-reviews-microservice/internal/monitoring/monitoring.go:129.37,132.30 2 6
github.com/gkbiswas/hotel-reviews-microservice/internal/monitoring/monitoring.go:132.30,134.4 1 6
github.com/gkbiswas/hotel-reviews-microservice/internal/monitoring/monitoring.go:134.9,136.4 1 0
github.com/gkbiswas/hotel-reviews-microservice/internal/monitoring/monitoring.go:137.3,138.56 2 6
github.com/gkbiswas/hotel-reviews-microservice/internal/monitoring/monitoring.go:142.2,142.62 1 26
github.com/gkbiswas/hotel-reviews-microservice/internal/monitoring/monitoring.go:142.62,145.3 2 6
github.com/gkbiswas/hotel-reviews-microservice/internal/monitoring/monitoring.go:147.2,147.12 1 26
github.com/gkbiswas/hotel-reviews-microservice/internal/monitoring/monitoring.go:151.52,153.29 1 1
github.com/gkbiswas/hotel-reviews-microservice/internal/monitoring/monitoring.go:153.29,156.3 2 1
github.com/gkbiswas/hotel-reviews-microservice/internal/monitoring/monitoring.go:159.2,159.28 1 1
github.com/gkbiswas/hotel-reviews-microservice/internal/monitoring/monitoring.go:159.28,162.3 2 1
github.com/gkbiswas/hotel-reviews-microservice/internal/monitoring/monitoring.go:165.2,165.30 1 1
github.com/gkbiswas/hotel-reviews-microservice/internal/monitoring/monitoring.go:165.30,168.3 2 1
github.com/gkbiswas/hotel-reviews-microservice/internal/monitoring/monitoring.go:171.2,171.25 1 1
github.com/gkbiswas/hotel-reviews-microservice/internal/monitoring/monitoring.go:171.25,174.3 2 1
github.com/gkbiswas/hotel-reviews-microservice/internal/monitoring/monitoring.go:176.2,176.12 1 1
github.com/gkbiswas/hotel-reviews-microservice/internal/monitoring/monitoring.go:180.51,182.29 1 2
github.com/gkbiswas/hotel-reviews-microservice/internal/monitoring/monitoring.go:182.29,183.53 1 0
github.com/gkbiswas/hotel-reviews-microservice/internal/monitoring/monitoring.go:183.53,185.4 1 0
github.com/gkbiswas/hotel-reviews-microservice/internal/monitoring/monitoring.go:188.2,189.12 2 2
github.com/gkbiswas/hotel-reviews-microservice/internal/monitoring/monitoring.go:193.58,195.2 1 1
github.com/gkbiswas/hotel-reviews-microservice/internal/monitoring/monitoring.go:198.55,200.2 1 1
github.com/gkbiswas/hotel-reviews-microservice/internal/monitoring/monitoring.go:203.53,205.2 1 1
github.com/gkbiswas/hotel-reviews-microservice/internal/monitoring/monitoring.go:208.57,210.2 1 1
github.com/gkbiswas/hotel-reviews-microservice/internal/monitoring/monitoring.go:213.47,215.2 1 1
github.com/gkbiswas/hotel-reviews-microservice/internal/monitoring/monitoring.go:218.60,220.28 1 2
github.com/gkbiswas/hotel-reviews-microservice/internal/monitoring/monitoring.go:221.22,222.28 1 1
github.com/gkbiswas/hotel-reviews-microservice/internal/monitoring/monitoring.go:223.10,225.35 1 1
github.com/gkbiswas/hotel-reviews-microservice/internal/monitoring/monitoring.go:230.60,232.29 1 1
github.com/gkbiswas/hotel-reviews-microservice/internal/monitoring/monitoring.go:232.29,235.3 2 1
github.com/gkbiswas/hotel-reviews-microservice/internal/monitoring/monitoring.go:238.2,238.28 1 1
github.com/gkbiswas/hotel-reviews-microservice/internal/monitoring/monitoring.go:238.28,244.3 5 1
github.com/gkbiswas/hotel-reviews-microservice/internal/monitoring/monitoring.go:247.2,247.25 1 1
github.com/gkbiswas/hotel-reviews-microservice/internal/monitoring/monitoring.go:247.25,250.3 2 1
github.com/gkbiswas/hotel-reviews-microservice/internal/monitoring/monitoring.go:254.62,260.9 1 1
github.com/gkbiswas/hotel-reviews-microservice/internal/monitoring/monitoring.go:260.9,262.30 1 1
github.com/gkbiswas/hotel-reviews-microservice/internal/monitoring/monitoring.go:262.30,265.4 2 1
github.com/gkbiswas/hotel-reviews-microservice/internal/monitoring/monitoring.go:268.3,268.29 1 1
github.com/gkbiswas/hotel-reviews-microservice/internal/monitoring/monitoring.go:268.29,274.4 5 1
github.com/gkbiswas/hotel-reviews-microservice/internal/monitoring/monitoring.go:277.3,277.26 1 1
github.com/gkbiswas/hotel-reviews-microservice/internal/monitoring/monitoring.go:277.26,280.4 2 1
github.com/gkbiswas/hotel-reviews-microservice/internal/monitoring/monitoring.go:285.75,288.25 2 2
github.com/gkbiswas/hotel-reviews-microservice/internal/monitoring/monitoring.go:288.25,291.3 2 1
github.com/gkbiswas/hotel-reviews-microservice/internal/monitoring/monitoring.go:293.2,294.16 2 1
github.com/gkbiswas/hotel-reviews-microservice/internal/monitoring/monitoring.go:294.16,297.3 2 0
github.com/gkbiswas/hotel-reviews-microservice/internal/monitoring/monitoring.go:299.2,311.23 2 1
github.com/gkbiswas/hotel-reviews-microservice/internal/monitoring/monitoring.go:315.118,316.29 1 102
github.com/gkbiswas/hotel-reviews-microservice/internal/monitoring/monitoring.go:316.29,318.3 1 101
github.com/gkbiswas/hotel-reviews-microservice/internal/monitoring/monitoring.go:322.90,323.29 1 102
github.com/gkbiswas/hotel-reviews-microservice/internal/monitoring/monitoring.go:323.29,325.3 1 101
github.com/gkbiswas/hotel-reviews-microservice/internal/monitoring/monitoring.go:326.2,326.30 1 102
github.com/gkbiswas/hotel-reviews-microservice/internal/monitoring/monitoring.go:326.30,328.3 1 101
github.com/gkbiswas/hotel-reviews-microservice/internal/monitoring/monitoring.go:332.99,333.29 1 103
github.com/gkbiswas/hotel-reviews-microservice/internal/monitoring/monitoring.go:333.29,335.3 1 102
github.com/gkbiswas/hotel-reviews-microservice/internal/monitoring/monitoring.go:339.113,340.29 1 102
github.com/gkbiswas/hotel-reviews-microservice/internal/monitoring/monitoring.go:340.29,342.3 1 101
github.com/gkbiswas/hotel-reviews-microservice/internal/monitoring/monitoring.go:346.131,347.29 1 102
github.com/gkbiswas/hotel-reviews-microservice/internal/monitoring/monitoring.go:347.29,348.123 1 0
github.com/gkbiswas/hotel-reviews-microservice/internal/monitoring/monitoring.go:348.123,350.4 1 0
github.com/gkbiswas/hotel-reviews-microservice/internal/monitoring/monitoring.go:352.2,352.16 1 102
github.com/gkbiswas/hotel-reviews-microservice/internal/monitoring/monitoring.go:356.133,357.29 1 1
github.com/gkbiswas/hotel-reviews-microservice/internal/monitoring/monitoring.go:357.29,358.125 1 0
github.com/gkbiswas/hotel-reviews-microservice/internal/monitoring/monitoring.go:358.125,360.4 1 0
github.com/gkbiswas/hotel-reviews-microservice/internal/monitoring/monitoring.go:362.2,362.16 1 1
github.com/gkbiswas/hotel-reviews-microservice/internal/monitoring/monitoring.go:366.130,367.29 1 1
github.com/gkbiswas/hotel-reviews-microservice/internal/monitoring/monitoring.go:367.29,368.122 1 0
github.com/gkbiswas/hotel-reviews-microservice/internal/monitoring/monitoring.go:368.122,370.4 1 0
github.com/gkbiswas/hotel-reviews-microservice/internal/monitoring/monitoring.go:372.2,372.16 1 1
github.com/gkbiswas/hotel-reviews-microservice/internal/monitoring/monitoring.go:376.128,377.29 1 1
github.com/gkbiswas/hotel-reviews-microservice/internal/monitoring/monitoring.go:377.29,378.120 1 0
github.com/gkbiswas/hotel-reviews-microservice/internal/monitoring/monitoring.go:378.120,380.4 1 0
github.com/gkbiswas/hotel-reviews-microservice/internal/monitoring/monitoring.go:382.2,382.16 1 1
github.com/gkbiswas/hotel-reviews-microservice/internal/monitoring/monitoring.go:386.33,404.2 1 3
github.com/gkbiswas/hotel-reviews-microservice/internal/monitoring/monitoring.go:407.34,413.2 2 1
github.com/gkbiswas/hotel-reviews-microservice/internal/monitoring/sli_slo.go:77.81,90.2 4 6
github.com/gkbiswas/hotel-reviews-microservice/internal/monitoring/sli_slo.go:93.46,192.2 1 6
github.com/gkbiswas/hotel-reviews-microservice/internal/monitoring/sli_slo.go:195.46,315.2 1 6
github.com/gkbiswas/hotel-reviews-microservice/internal/monitoring/sli_slo.go:318.52,319.29 1 66
github.com/gkbiswas/hotel-reviews-microservice/internal/monitoring/sli_slo.go:319.29,320.23 1 396
github.com/gkbiswas/hotel-reviews-microservice/internal/monitoring/sli_slo.go:320.23,322.4 1 66
github.com/gkbiswas/hotel-reviews-microservice/internal/monitoring/sli_slo.go:324.2,324.14 1 0
github.com/gkbiswas/hotel-reviews-microservice/internal/monitoring/sli_slo.go:328.38,330.2 1 0
github.com/gkbiswas/hotel-reviews-microservice/internal/monitoring/sli_slo.go:333.38,335.2 1 0
github.com/gkbiswas/hotel-reviews-microservice/internal/monitoring/sli_slo.go:338.61,340.29 2 0
github.com/gkbiswas/hotel-reviews-microservice/internal/monitoring/sli_slo.go:340.29,341.29 1 0
github.com/gkbiswas/hotel-reviews-microservice/internal/monitoring/sli_slo.go:341.29,343.4 1 0
github.com/gkbiswas/hotel-reviews-microservice/internal/monitoring/sli_slo.go:345.2,345.13 1 0
github.com/gkbiswas/hotel-reviews-microservice/internal/monitoring/sli_slo.go:349.68,351.29 2 0
github.com/gkbiswas/hotel-reviews-microservice/internal/monitoring/sli_slo.go:351.29,352.31 1 0
github.com/gkbiswas/hotel-reviews-microservice/internal/monitoring/sli_slo.go:352.31,354.4 1 0
github.com/gkbiswas/hotel-reviews-microservice/internal/monitoring/sli_slo.go:356.2,356.13 1 0
github.com/gkbiswas/hotel-reviews-microservice/internal/monitoring/sli_slo.go:360.38,362.2 1 0
github.com/gkbiswas/hotel-reviews-microservice/internal/monitoring/sli_slo.go:365.38,367.2 1 0
github.com/gkbiswas/hotel-reviews-microservice/internal/monitoring/sli_slo.go:370.83,376.18 2 11
github.com/gkbiswas/hotel-reviews-microservice/internal/monitoring/sli_slo.go:377.27,378.16 1 2
github.com/gkbiswas/hotel-reviews-microservice/internal/monitoring/sli_slo.go:379.22,380.14 1 3
github.com/gkbiswas/hotel-reviews-microservice/internal/monitoring/sli_slo.go:381.24,382.16 1 3
github.com/gkbiswas/hotel-reviews-microservice/internal/monitoring/sli_slo.go:383.25,384.16 1 3
github.com/gkbiswas/hotel-reviews-microservice/internal/monitoring/sli_slo.go:387.2,391.8 1 11
github.com/gkbiswas/hotel-reviews-microservice/internal/monitoring/sli_slo.go:395.89,397.16 2 11
github.com/gkbiswas/hotel-reviews-microservice/internal/monitoring/sli_slo.go:397.16,399.3 1 0
github.com/gkbiswas/hotel-reviews-microservice/internal/monitoring/sli_slo.go:401.2,402.22 2 11
github.com/gkbiswas/hotel-reviews-microservice/internal/monitoring/sli_slo.go:403.46,404.35 1 5
github.com/gkbiswas/hotel-reviews-microservice/internal/monitoring/sli_slo.go:405.40,406.35 1 6
github.com/gkbiswas/hotel-reviews-microservice/internal/monitoring/sli_slo.go:409.2,409.25 1 11
github.com/gkbiswas/hotel-reviews-microservice/internal/monitoring/sli_slo.go:413.86,416.29 2 0
github.com/gkbiswas/hotel-reviews-microservice/internal/monitoring/sli_slo.go:416.29,417.24 1 0
github.com/gkbiswas/hotel-reviews-microservice/internal/monitoring/sli_slo.go:417.24,418.12 1 0
github.com/gkbiswas/hotel-reviews-microservice/internal/monitoring/sli_slo.go:421.3,422.17 2 0
github.com/gkbiswas/hotel-reviews-microservice/internal/monitoring/sli_slo.go:422.17,424.12 2 0
github.com/gkbiswas/hotel-reviews-microservice/internal/monitoring/sli_slo.go:427.3,427.11 1 0
github.com/gkbiswas/hotel-reviews-microservice/internal/monitoring/sli_slo.go:427.11,435.4 1 0
github.com/gkbiswas/hotel-reviews-microservice/internal/monitoring/sli_slo.go:438.2,438.24 1 0
github.com/gkbiswas/hotel-reviews-microservice/internal/monitoring/sli_slo.go:442.86,446.12 3 1
github.com/gkbiswas/hotel-reviews-microservice/internal/monitoring/sli_slo.go:446.12,447.7 1 1
github.com/gkbiswas/hotel-reviews-microservice/internal/monitoring/sli_slo.go:447.7,448.11 1 1
github.com/gkbiswas/hotel-reviews-microservice/internal/monitoring/sli_slo.go:449.22,450.11 1 1
github.com/gkbiswas/hotel-reviews-microservice/internal/monitoring/sli_slo.go:451.20,453.19 2 0
github.com/gkbiswas/hotel-reviews-microservice/internal/monitoring/sli_slo.go:453.19,455.14 2 0
github.com/gkbiswas/hotel-reviews-microservice/internal/monitoring/sli_slo.go:458.5,458.42 1 0
github.com/gkbiswas/hotel-reviews-microservice/internal/monitoring/sli_slo.go:458.42,469.6 2 0
github.com/gkbiswas/hotel-reviews-microservice/internal/monitoring/sli_slo.go:476.63,480.22 2 0
github.com/gkbiswas/hotel-reviews-microservice/internal/monitoring/sli_slo.go:481.27,482.103 1 0
github.com/gkbiswas/hotel-reviews-microservice/internal/monitoring/sli_slo.go:483.22,484.102 1 0
github.com/gkbiswas/hotel-reviews-microservice/internal/monitoring/sli_slo.go:485.24,486.100 1 0
github.com/gkbiswas/hotel-reviews-microservice/internal/monitoring/sli_slo.go:487.25,488.101 1 0
github.com/gkbiswas/hotel-reviews-microservice/internal/monitoring/sli_slo.go:493.88,499.29 4 1
github.com/gkbiswas/hotel-reviews-microservice/internal/monitoring/sli_slo.go:499.29,501.17 2 11
github.com/gkbiswas/hotel-reviews-microservice/internal/monitoring/sli_slo.go:501.17,502.12 1 0
github.com/gkbiswas/hotel-reviews-microservice/internal/monitoring/sli_slo.go:505.3,506.11 2 11
github.com/gkbiswas/hotel-reviews-microservice/internal/monitoring/sli_slo.go:506.11,508.4 1 3
github.com/gkbiswas/hotel-reviews-microservice/internal/monitoring/sli_slo.go:510.3,521.45 2 11
github.com/gkbiswas/hotel-reviews-microservice/internal/monitoring/sli_slo.go:524.2,530.20 6 1
github.com/gkbiswas/hotel-reviews-microservice/internal/monitoring/tracing.go:39.95,40.21 1 32
github.com/gkbiswas/hotel-reviews-microservice/internal/monitoring/tracing.go:40.21,47.3 2 30
github.com/gkbiswas/hotel-reviews-microservice/internal/monitoring/tracing.go:50.2,51.16 2 2
github.com/gkbiswas/hotel-reviews-microservice/internal/monitoring/tracing.go:51.16,53.3 1 0
github.com/gkbiswas/hotel-reviews-microservice/internal/monitoring/tracing.go:54.2,54.63 1 2
github.com/gkbiswas/hotel-reviews-microservice/internal/monitoring/tracing.go:54.63,56.3 1 2
github.com/gkbiswas/hotel-reviews-microservice/internal/monitoring/tracing.go:59.2,60.16 2 0
github.com/gkbiswas/hotel-reviews-microservice/internal/monitoring/tracing.go:60.16,62.3 1 0
github.com/gkbiswas/hotel-reviews-microservice/internal/monitoring/tracing.go:65.2,73.16 2 0
github.com/gkbiswas/hotel-reviews-microservice/internal/monitoring/tracing.go:73.16,75.3 1 0
github.com/gkbiswas/hotel-reviews-microservice/internal/monitoring/tracing.go:78.2,107.8 6 0
github.com/gkbiswas/hotel-reviews-microservice/internal/monitoring/tracing.go:111.131,113.2 1 34
github.com/gkbiswas/hotel-reviews-microservice/internal/monitoring/tracing.go:116.74,118.2 1 1
github.com/gkbiswas/hotel-reviews-microservice/internal/monitoring/tracing.go:121.128,125.38 3 21
github.com/gkbiswas/hotel-reviews-microservice/internal/monitoring/tracing.go:125.38,129.3 3 1
github.com/gkbiswas/hotel-reviews-microservice/internal/monitoring/tracing.go:131.2,132.12 2 20
github.com/gkbiswas/hotel-reviews-microservice/internal/monitoring/tracing.go:136.155,137.115 1 1
github.com/gkbiswas/hotel-reviews-microservice/internal/monitoring/tracing.go:137.115,145.3 2 1
github.com/gkbiswas/hotel-reviews-microservice/internal/monitoring/tracing.go:149.157,150.117 1 1
github.com/gkbiswas/hotel-reviews-microservice/internal/monitoring/tracing.go:150.117,158.3 2 1
github.com/gkbiswas/hotel-reviews-microservice/internal/monitoring/tracing.go:162.154,163.107 1 1
github.com/gkbiswas/hotel-reviews-microservice/internal/monitoring/tracing.go:163.107,171.3 2 1
github.com/gkbiswas/hotel-reviews-microservice/internal/monitoring/tracing.go:175.152,176.93 1 1
github.com/gkbiswas/hotel-reviews-microservice/internal/monitoring/tracing.go:176.93,183.3 2 1
github.com/gkbiswas/hotel-reviews-microservice/internal/monitoring/tracing.go:187.171,188.95 1 1
github.com/gkbiswas/hotel-reviews-microservice/internal/monitoring/tracing.go:188.95,196.3 2 1
github.com/gkbiswas/hotel-reviews-microservice/internal/monitoring/tracing.go:200.159,201.110 1 1
github.com/gkbiswas/hotel-reviews-microservice/internal/monitoring/tracing.go:201.110,209.3 2 1
github.com/gkbiswas/hotel-reviews-microservice/internal/monitoring/tracing.go:213.160,214.120 1 1
github.com/gkbiswas/hotel-reviews-microservice/internal/monitoring/tracing.go:214.120,221.3 2 1
github.com/gkbiswas/hotel-reviews-microservice/internal/monitoring/tracing.go:225.94,228.2 2 12
github.com/gkbiswas/hotel-reviews-microservice/internal/monitoring/tracing.go:231.102,234.2 2 1
github.com/gkbiswas/hotel-reviews-microservice/internal/monitoring/tracing.go:237.70,241.2 3 1
github.com/gkbiswas/hotel-reviews-microservice/internal/monitoring/tracing.go:244.98,247.2 2 2
github.com/gkbiswas/hotel-reviews-microservice/internal/monitoring/tracing.go:250.102,252.2 1 1
github.com/gkbiswas/hotel-reviews-microservice/internal/monitoring/tracing.go:255.119,257.2 1 1
github.com/gkbiswas/hotel-reviews-microservice/internal/monitoring/tracing.go:260.59,261.23 1 1
github.com/gkbiswas/hotel-reviews-microservice/internal/monitoring/tracing.go:261.23,263.3 1 1
github.com/gkbiswas/hotel-reviews-microservice/internal/monitoring/tracing.go:266.2,266.71 1 0
github.com/gkbiswas/hotel-reviews-microservice/internal/monitoring/tracing.go:266.71,268.3 1 0
github.com/gkbiswas/hotel-reviews-microservice/internal/monitoring/tracing.go:270.2,270.12 1 0
github.com/gkbiswas/hotel-reviews-microservice/internal/monitoring/tracing.go:277.145,281.25 3 3
github.com/gkbiswas/hotel-reviews-microservice/internal/monitoring/tracing.go:281.25,283.3 1 2
github.com/gkbiswas/hotel-reviews-microservice/internal/monitoring/tracing.go:285.2,285.38 1 3
github.com/gkbiswas/hotel-reviews-microservice/internal/monitoring/tracing.go:285.38,289.3 3 1
github.com/gkbiswas/hotel-reviews-microservice/internal/monitoring/tracing.go:291.2,292.12 2 2
github.com/gkbiswas/hotel-reviews-microservice/internal/monitoring/tracing.go:296.126,299.15 3 2
github.com/gkbiswas/hotel-reviews-microservice/internal/monitoring/tracing.go:299.15,303.3 3 2
github.com/gkbiswas/hotel-reviews-microservice/internal/monitoring/tracing.go:305.2,305.32 1 2
github.com/gkbiswas/hotel-reviews-microservice/internal/monitoring/tracing.go:305.32,309.3 3 1
github.com/gkbiswas/hotel-reviews-microservice/internal/monitoring/tracing.go:311.2,312.12 2 1
