mode: set
github.com/gkbiswas/hotel-reviews-microservice/pkg/logger/logger.go:55.43,58.16 2 1
github.com/gkbiswas/hotel-reviews-microservice/pkg/logger/logger.go:58.16,60.3 1 0
github.com/gkbiswas/hotel-reviews-microservice/pkg/logger/logger.go:63.2,64.16 2 1
github.com/gkbiswas/hotel-reviews-microservice/pkg/logger/logger.go:64.16,66.3 1 1
github.com/gkbiswas/hotel-reviews-microservice/pkg/logger/logger.go:69.2,72.61 1 1
github.com/gkbiswas/hotel-reviews-microservice/pkg/logger/logger.go:72.61,74.31 1 1
github.com/gkbiswas/hotel-reviews-microservice/pkg/logger/logger.go:74.31,75.52 1 1
github.com/gkbiswas/hotel-reviews-microservice/pkg/logger/logger.go:75.52,79.6 2 1
github.com/gkbiswas/hotel-reviews-microservice/pkg/logger/logger.go:83.4,83.29 1 1
github.com/gkbiswas/hotel-reviews-microservice/pkg/logger/logger.go:83.29,85.5 1 1
github.com/gkbiswas/hotel-reviews-microservice/pkg/logger/logger.go:87.4,87.12 1 1
github.com/gkbiswas/hotel-reviews-microservice/pkg/logger/logger.go:92.2,93.23 2 1
github.com/gkbiswas/hotel-reviews-microservice/pkg/logger/logger.go:94.14,95.46 1 1
github.com/gkbiswas/hotel-reviews-microservice/pkg/logger/logger.go:96.14,97.46 1 1
github.com/gkbiswas/hotel-reviews-microservice/pkg/logger/logger.go:98.10,99.46 1 1
github.com/gkbiswas/hotel-reviews-microservice/pkg/logger/logger.go:103.2,108.20 2 1
github.com/gkbiswas/hotel-reviews-microservice/pkg/logger/logger.go:112.27,122.16 3 1
github.com/gkbiswas/hotel-reviews-microservice/pkg/logger/logger.go:122.16,131.3 1 0
github.com/gkbiswas/hotel-reviews-microservice/pkg/logger/logger.go:133.2,133.15 1 1
github.com/gkbiswas/hotel-reviews-microservice/pkg/logger/logger.go:137.59,139.21 2 1
github.com/gkbiswas/hotel-reviews-microservice/pkg/logger/logger.go:139.21,141.3 1 1
github.com/gkbiswas/hotel-reviews-microservice/pkg/logger/logger.go:143.2,146.3 1 1
github.com/gkbiswas/hotel-reviews-microservice/pkg/logger/logger.go:149.70,152.67 2 1
github.com/gkbiswas/hotel-reviews-microservice/pkg/logger/logger.go:152.67,154.3 1 1
github.com/gkbiswas/hotel-reviews-microservice/pkg/logger/logger.go:156.2,156.58 1 1
github.com/gkbiswas/hotel-reviews-microservice/pkg/logger/logger.go:156.58,158.3 1 1
github.com/gkbiswas/hotel-reviews-microservice/pkg/logger/logger.go:160.2,160.79 1 1
github.com/gkbiswas/hotel-reviews-microservice/pkg/logger/logger.go:160.79,162.3 1 1
github.com/gkbiswas/hotel-reviews-microservice/pkg/logger/logger.go:164.2,164.61 1 1
github.com/gkbiswas/hotel-reviews-microservice/pkg/logger/logger.go:164.61,166.3 1 1
github.com/gkbiswas/hotel-reviews-microservice/pkg/logger/logger.go:168.2,168.58 1 1
github.com/gkbiswas/hotel-reviews-microservice/pkg/logger/logger.go:168.58,170.3 1 1
github.com/gkbiswas/hotel-reviews-microservice/pkg/logger/logger.go:172.2,172.14 1 1
github.com/gkbiswas/hotel-reviews-microservice/pkg/logger/logger.go:176.77,178.2 1 1
github.com/gkbiswas/hotel-reviews-microservice/pkg/logger/logger.go:180.76,182.2 1 1
github.com/gkbiswas/hotel-reviews-microservice/pkg/logger/logger.go:184.76,186.2 1 1
github.com/gkbiswas/hotel-reviews-microservice/pkg/logger/logger.go:188.77,189.31 1 1
github.com/gkbiswas/hotel-reviews-microservice/pkg/logger/logger.go:189.31,191.3 1 1
github.com/gkbiswas/hotel-reviews-microservice/pkg/logger/logger.go:192.2,192.40 1 1
github.com/gkbiswas/hotel-reviews-microservice/pkg/logger/logger.go:196.60,198.27 2 1
github.com/gkbiswas/hotel-reviews-microservice/pkg/logger/logger.go:198.27,200.3 1 1
github.com/gkbiswas/hotel-reviews-microservice/pkg/logger/logger.go:201.2,204.3 1 1
github.com/gkbiswas/hotel-reviews-microservice/pkg/logger/logger.go:207.59,212.2 1 1
github.com/gkbiswas/hotel-reviews-microservice/pkg/logger/logger.go:214.47,215.16 1 1
github.com/gkbiswas/hotel-reviews-microservice/pkg/logger/logger.go:215.16,217.3 1 1
github.com/gkbiswas/hotel-reviews-microservice/pkg/logger/logger.go:219.2,220.31 2 1
github.com/gkbiswas/hotel-reviews-microservice/pkg/logger/logger.go:220.31,222.3 1 1
github.com/gkbiswas/hotel-reviews-microservice/pkg/logger/logger.go:224.2,227.3 1 1
github.com/gkbiswas/hotel-reviews-microservice/pkg/logger/logger.go:231.123,239.2 1 1
github.com/gkbiswas/hotel-reviews-microservice/pkg/logger/logger.go:241.114,247.2 1 1
github.com/gkbiswas/hotel-reviews-microservice/pkg/logger/logger.go:249.120,255.2 1 1
github.com/gkbiswas/hotel-reviews-microservice/pkg/logger/logger.go:257.114,264.2 1 1
github.com/gkbiswas/hotel-reviews-microservice/pkg/logger/logger.go:266.121,274.2 1 1
github.com/gkbiswas/hotel-reviews-microservice/pkg/logger/logger.go:276.103,282.27 2 1
github.com/gkbiswas/hotel-reviews-microservice/pkg/logger/logger.go:282.27,284.3 1 1
github.com/gkbiswas/hotel-reviews-microservice/pkg/logger/logger.go:286.2,286.55 1 1
github.com/gkbiswas/hotel-reviews-microservice/pkg/logger/logger.go:289.130,296.28 2 1
github.com/gkbiswas/hotel-reviews-microservice/pkg/logger/logger.go:296.28,298.3 1 1
github.com/gkbiswas/hotel-reviews-microservice/pkg/logger/logger.go:300.2,300.53 1 1
github.com/gkbiswas/hotel-reviews-microservice/pkg/logger/logger.go:304.84,305.16 1 1
github.com/gkbiswas/hotel-reviews-microservice/pkg/logger/logger.go:305.16,307.3 1 1
github.com/gkbiswas/hotel-reviews-microservice/pkg/logger/logger.go:309.2,310.31 2 1
github.com/gkbiswas/hotel-reviews-microservice/pkg/logger/logger.go:310.31,312.3 1 1
github.com/gkbiswas/hotel-reviews-microservice/pkg/logger/logger.go:314.2,314.41 1 1
github.com/gkbiswas/hotel-reviews-microservice/pkg/logger/logger.go:317.88,320.2 2 1
github.com/gkbiswas/hotel-reviews-microservice/pkg/logger/logger.go:323.40,325.2 1 1
github.com/gkbiswas/hotel-reviews-microservice/pkg/logger/logger.go:327.39,329.2 1 1
github.com/gkbiswas/hotel-reviews-microservice/pkg/logger/logger.go:331.39,333.2 1 1
github.com/gkbiswas/hotel-reviews-microservice/pkg/logger/logger.go:335.40,337.2 1 1
github.com/gkbiswas/hotel-reviews-microservice/pkg/logger/logger.go:340.54,341.15 1 1
github.com/gkbiswas/hotel-reviews-microservice/pkg/logger/logger.go:342.15,343.30 1 1
github.com/gkbiswas/hotel-reviews-microservice/pkg/logger/logger.go:344.14,345.29 1 1
github.com/gkbiswas/hotel-reviews-microservice/pkg/logger/logger.go:346.14,347.29 1 1
github.com/gkbiswas/hotel-reviews-microservice/pkg/logger/logger.go:348.15,349.30 1 1
github.com/gkbiswas/hotel-reviews-microservice/pkg/logger/logger.go:350.10,351.29 1 1
github.com/gkbiswas/hotel-reviews-microservice/pkg/logger/logger.go:355.54,356.23 1 1
github.com/gkbiswas/hotel-reviews-microservice/pkg/logger/logger.go:357.16,358.24 1 1
github.com/gkbiswas/hotel-reviews-microservice/pkg/logger/logger.go:359.16,360.24 1 1
github.com/gkbiswas/hotel-reviews-microservice/pkg/logger/logger.go:361.14,362.28 1 1
github.com/gkbiswas/hotel-reviews-microservice/pkg/logger/logger.go:362.28,364.4 1 1
github.com/gkbiswas/hotel-reviews-microservice/pkg/logger/logger.go:366.3,372.9 1 1
github.com/gkbiswas/hotel-reviews-microservice/pkg/logger/logger.go:373.10,374.24 1 1
github.com/gkbiswas/hotel-reviews-microservice/pkg/logger/logger.go:378.42,381.20 2 1
github.com/gkbiswas/hotel-reviews-microservice/pkg/logger/logger.go:381.20,383.3 1 1
github.com/gkbiswas/hotel-reviews-microservice/pkg/logger/logger.go:384.2,384.13 1 1
github.com/gkbiswas/hotel-reviews-microservice/pkg/logger/logger.go:387.29,391.2 3 1
github.com/gkbiswas/hotel-reviews-microservice/pkg/logger/logger.go:394.75,396.2 1 1
github.com/gkbiswas/hotel-reviews-microservice/pkg/logger/logger.go:398.69,400.2 1 1
github.com/gkbiswas/hotel-reviews-microservice/pkg/logger/logger.go:402.83,404.2 1 1
github.com/gkbiswas/hotel-reviews-microservice/pkg/logger/logger.go:406.71,408.2 1 1
github.com/gkbiswas/hotel-reviews-microservice/pkg/logger/logger.go:410.69,412.2 1 1
github.com/gkbiswas/hotel-reviews-microservice/pkg/logger/logger.go:414.47,415.53 1 1
github.com/gkbiswas/hotel-reviews-microservice/pkg/logger/logger.go:415.53,417.3 1 1
github.com/gkbiswas/hotel-reviews-microservice/pkg/logger/logger.go:418.2,418.11 1 1
github.com/gkbiswas/hotel-reviews-microservice/pkg/logger/logger.go:421.44,422.50 1 1
github.com/gkbiswas/hotel-reviews-microservice/pkg/logger/logger.go:422.50,424.3 1 1
github.com/gkbiswas/hotel-reviews-microservice/pkg/logger/logger.go:425.2,425.11 1 1
github.com/gkbiswas/hotel-reviews-microservice/pkg/logger/logger.go:428.51,429.57 1 1
github.com/gkbiswas/hotel-reviews-microservice/pkg/logger/logger.go:429.57,431.3 1 1
github.com/gkbiswas/hotel-reviews-microservice/pkg/logger/logger.go:432.2,432.11 1 1
github.com/gkbiswas/hotel-reviews-microservice/pkg/logger/logger.go:435.45,436.51 1 1
github.com/gkbiswas/hotel-reviews-microservice/pkg/logger/logger.go:436.51,438.3 1 1
github.com/gkbiswas/hotel-reviews-microservice/pkg/logger/logger.go:439.2,439.11 1 1
github.com/gkbiswas/hotel-reviews-microservice/pkg/logger/logger.go:442.44,443.50 1 1
github.com/gkbiswas/hotel-reviews-microservice/pkg/logger/logger.go:443.50,445.3 1 1
github.com/gkbiswas/hotel-reviews-microservice/pkg/logger/logger.go:446.2,446.11 1 1
github.com/gkbiswas/hotel-reviews-microservice/pkg/logger/logger.go:450.33,452.2 1 1
github.com/gkbiswas/hotel-reviews-microservice/pkg/logger/logger.go:455.37,457.2 1 1
github.com/gkbiswas/hotel-reviews-microservice/pkg/logger/logger.go:460.83,461.46 1 1
github.com/gkbiswas/hotel-reviews-microservice/pkg/logger/logger.go:461.46,462.72 1 1
github.com/gkbiswas/hotel-reviews-microservice/pkg/logger/logger.go:462.72,467.23 3 1
github.com/gkbiswas/hotel-reviews-microservice/pkg/logger/logger.go:467.23,469.5 1 1
github.com/gkbiswas/hotel-reviews-microservice/pkg/logger/logger.go:472.4,473.27 2 1
github.com/gkbiswas/hotel-reviews-microservice/pkg/logger/logger.go:473.27,475.5 1 1
github.com/gkbiswas/hotel-reviews-microservice/pkg/logger/logger.go:478.4,482.60 3 1
github.com/gkbiswas/hotel-reviews-microservice/pkg/logger/logger.go:482.60,484.5 1 1
github.com/gkbiswas/hotel-reviews-microservice/pkg/logger/logger.go:485.4,485.57 1 1
github.com/gkbiswas/hotel-reviews-microservice/pkg/logger/logger.go:485.57,487.5 1 1
github.com/gkbiswas/hotel-reviews-microservice/pkg/logger/logger.go:490.4,512.82 8 1
github.com/gkbiswas/hotel-reviews-microservice/pkg/logger/logger.go:524.54,527.2 2 1
github.com/gkbiswas/hotel-reviews-microservice/pkg/logger/logger.go:529.58,533.2 3 1
github.com/gkbiswas/hotel-reviews-microservice/pkg/logger/logger.go:536.78,537.46 1 1
github.com/gkbiswas/hotel-reviews-microservice/pkg/logger/logger.go:537.46,538.72 1 1
github.com/gkbiswas/hotel-reviews-microservice/pkg/logger/logger.go:538.72,539.17 1 1
github.com/gkbiswas/hotel-reviews-microservice/pkg/logger/logger.go:539.17,540.49 1 1
github.com/gkbiswas/hotel-reviews-microservice/pkg/logger/logger.go:540.49,546.6 4 1
github.com/gkbiswas/hotel-reviews-microservice/pkg/logger/logger.go:549.4,549.24 1 1
github.com/gkbiswas/hotel-reviews-microservice/pkg/logger/logger.go:557.13,559.2 1 1
github.com/gkbiswas/hotel-reviews-microservice/pkg/logger/logger.go:562.37,564.2 1 1
github.com/gkbiswas/hotel-reviews-microservice/pkg/logger/logger.go:566.36,568.2 1 1
github.com/gkbiswas/hotel-reviews-microservice/pkg/logger/logger.go:570.36,572.2 1 1
github.com/gkbiswas/hotel-reviews-microservice/pkg/logger/logger.go:574.37,576.2 1 1
github.com/gkbiswas/hotel-reviews-microservice/pkg/logger/logger.go:578.65,580.2 1 1
github.com/gkbiswas/hotel-reviews-microservice/pkg/logger/logger.go:582.64,584.2 1 1
github.com/gkbiswas/hotel-reviews-microservice/pkg/logger/logger.go:586.64,588.2 1 1
github.com/gkbiswas/hotel-reviews-microservice/pkg/logger/logger.go:590.65,592.2 1 1
github.com/gkbiswas/hotel-reviews-microservice/pkg/logger/logger.go:595.33,597.2 1 1
